#
# There is insufficient memory for the Java Runtime Environment to continue.
# Native memory allocation (mmap) failed to map 181665792 bytes for committing reserved memory.
# Possible reasons:
#   The system is out of physical RAM or swap space
#   In 32 bit mode, the process size limit was hit
# Possible solutions:
#   Reduce memory load on the system
#   Increase physical memory or swap space
#   Check if swap backing store is full
#   Use 64 bit Java on a 64 bit OS
#   Decrease Java heap size (-Xmx/-Xms)
#   Decrease number of Java threads
#   Decrease Java thread stack sizes (-Xss)
#   Set larger code cache with -XX:ReservedCodeCacheSize=
# This output file may be truncated or incomplete.
#
#  Out of Memory Error (os_linux.cpp:2643), pid=10029, tid=0xa37e4b40
#
# JRE version: OpenJDK Runtime Environment (8.0_171-b11) (build 1.8.0_171-8u171-b11-1~bpo8+1-b11)
# Java VM: OpenJDK Server VM (25.171-b11 mixed mode linux-x86 )
# Failed to write core dump. Core dumps have been disabled. To enable core dumping, try "ulimit -c unlimited" before starting Java again
#

---------------  T H R E A D  ---------------

Current thread (0xa3680c00):  VMThread [stack: 0xa3764000,0xa37e5000] [id=10048]

Stack: [0xa3764000,0xa37e5000],  sp=0xa37e3b40,  free space=510k
Native frames: (J=compiled Java code, j=interpreted, Vv=VM code, C=native code)
V  [libjvm.so+0x900990]
V  [libjvm.so+0x3c5c66]
V  [libjvm.so+0x769b60]
V  [libjvm.so+0x763cb3]
V  [libjvm.so+0x7d7fdc]
V  [libjvm.so+0x7c9e0f]
V  [libjvm.so+0x7c9fad]
V  [libjvm.so+0x7ca8c7]
V  [libjvm.so+0x7cf976]
V  [libjvm.so+0x7d6441]
V  [libjvm.so+0x78dae5]
V  [libjvm.so+0x9024e9]
V  [libjvm.so+0x9079d6]
V  [libjvm.so+0x905cf9]
V  [libjvm.so+0x906233]
V  [libjvm.so+0x90677b]
V  [libjvm.so+0x766cb5]
C  [libpthread.so.0+0x6326]  start_thread+0xf6

VM_Operation (0xa2757584): ParallelGCFailedAllocation, mode: safepoint, requested by thread 0xa2938000


---------------  P R O C E S S  ---------------

Java Threads: ( => current thread )
  0xa34ec400 JavaThread "TimerQueue" daemon [_thread_blocked, id=10061, stack(0xa25b7000,0xa2608000)]
  0xf6108000 JavaThread "DestroyJavaVM" [_thread_blocked, id=10043, stack(0xf6234000,0xf6285000)]
  0xa2938000 JavaThread "AWT-EventQueue-0" [_thread_blocked, id=10060, stack(0xa2708000,0xa2759000)]
  0xa2937000 JavaThread "AWT-Shutdown" [_thread_blocked, id=10059, stack(0xa2759000,0xa27aa000)]
  0xa2934400 JavaThread "AWT-XAWT" daemon [_thread_blocked, id=10058, stack(0xa27aa000,0xa27fb000)]
  0xa2920c00 JavaThread "Java2D Disposer" daemon [_thread_blocked, id=10057, stack(0xa27fb000,0xa284c000)]
  0xa36b4000 JavaThread "Service Thread" daemon [_thread_blocked, id=10055, stack(0xa2f8f000,0xa2fe0000)]
  0xa36a8c00 JavaThread "C1 CompilerThread2" daemon [_thread_blocked, id=10054, stack(0xa2fe0000,0xa3061000)]
  0xa36a7000 JavaThread "C2 CompilerThread1" daemon [_thread_blocked, id=10053, stack(0xa3061000,0xa30e2000)]
  0xa36a5000 JavaThread "C2 CompilerThread0" daemon [_thread_blocked, id=10052, stack(0xa30e2000,0xa3163000)]
  0xa36a3800 JavaThread "Signal Dispatcher" daemon [_thread_blocked, id=10051, stack(0xa3163000,0xa31b4000)]
  0xa3688400 JavaThread "Finalizer" daemon [_thread_blocked, id=10050, stack(0xa3713000,0xa3764000)]
  0xa3685400 JavaThread "Reference Handler" daemon [_thread_blocked, id=10049, stack(0xa632e000,0xa637f000)]

Other Threads:
=>0xa3680c00 VMThread [stack: 0xa3764000,0xa37e5000] [id=10048]
  0xa36b6000 WatcherThread [stack: 0xa2f0e000,0xa2f8f000] [id=10056]

VM state:at safepoint (normal execution)

VM Mutex/Monitor currently owned by a thread:  ([mutex/lock_event])
[0xf6106600] ExpandHeap_lock - owner thread: 0xa3680c00
[0xf6106bb0] Threads_lock - owner thread: 0xa3680c00
[0xf6107010] Heap_lock - owner thread: 0xa2938000

Heap:
 PSYoungGen      total 232960K, used 6664K [0xd16c0000, 0xe6c00000, 0xe6c00000)
  eden space 116480K, 0% used [0xd16c0000,0xd16c0000,0xd8880000)
  from space 116480K, 5% used [0xdfa40000,0xe00c2188,0xe6c00000)
  to   space 116480K, 0% used [0xd8880000,0xd8880000,0xdfa40000)
 ParOldGen       total 160512K, used 160393K [0xa6c00000, 0xb08c0000, 0xd16c0000)
  object space 160512K, 99% used [0xa6c00000,0xb08a2588,0xb08c0000)
 Metaspace       used 5712K, capacity 5895K, committed 5912K, reserved 6448K

Card table byte_map: [0xa69ff000,0xa6c00000] byte_map_base: 0xa64c9000

Marking Bits: (ParMarkBitMap*) 0xf70a6280
 Begin Bits: [0xa4200000, 0xa5200000)
 End Bits:   [0xa5200000, 0xa6200000)

Polling page: 0xf7715000

CodeCache: size=245760Kb used=2387Kb max_used=2394Kb free=243372Kb
 bounds [0xe70bd000, 0xe731d000, 0xf60bd000]
 total_blobs=957 nmethods=704 adapters=168
 compilation: enabled

Compilation events (10 events):
Event: 18.345 Thread 0xa36a8c00  701       3       java.util.HashMap$TreeNode::getTreeNode (22 bytes)
Event: 18.345 Thread 0xa36a8c00 nmethod 701 0xe7304208 code [0xe7304340, 0xe730462c]
Event: 18.346 Thread 0xa36a8c00  703       3       java.util.HashMap$TreeNode::untreeify (52 bytes)
Event: 18.346 Thread 0xa36a8c00 nmethod 703 0xe7303cc8 code [0xe7303e00, 0xe730408c]
Event: 18.379 Thread 0xa36a7000  704   !   4       java.io.PrintStream::println (24 bytes)
Event: 18.380 Thread 0xa36a5000  705       4       WeightedAstarSearch::findTotalDistanceToGoal (198 bytes)
Event: 18.386 Thread 0xa36a7000 nmethod 704 0xe730d508 code [0xe730d660, 0xe730dc24]
Event: 18.549 Thread 0xa36a5000 nmethod 705 0xe730e1c8 code [0xe730e5c0, 0xe7310a98]
Event: 18.748 Thread 0xa36a8c00  706       3       java.util.HashMap$TreeNode::putTreeVal (314 bytes)
Event: 18.749 Thread 0xa36a8c00 nmethod 706 0xe730bd48 code [0xe730bf60, 0xe730cd2c]

GC Heap History (10 events):
Event: 18.247 GC heap after
Heap after GC invocations=15 (full 4):
 PSYoungGen      total 232960K, used 116469K [0xd16c0000, 0xe6c00000, 0xe6c00000)
  eden space 116480K, 0% used [0xd16c0000,0xd16c0000,0xd8880000)
  from space 116480K, 99% used [0xd8880000,0xdfa3d5c8,0xdfa40000)
  to   space 116480K, 0% used [0xdfa40000,0xdfa40000,0xe6c00000)
 ParOldGen       total 162048K, used 61131K [0xa6c00000, 0xb0a40000, 0xd16c0000)
  object space 162048K, 37% used [0xa6c00000,0xaa7b2fa8,0xb0a40000)
 Metaspace       used 5712K, capacity 5895K, committed 5912K, reserved 6448K
}
Event: 18.386 GC heap before
{Heap before GC invocations=16 (full 4):
 PSYoungGen      total 232960K, used 232949K [0xd16c0000, 0xe6c00000, 0xe6c00000)
  eden space 116480K, 100% used [0xd16c0000,0xd8880000,0xd8880000)
  from space 116480K, 99% used [0xd8880000,0xdfa3d5c8,0xdfa40000)
  to   space 116480K, 0% used [0xdfa40000,0xdfa40000,0xe6c00000)
 ParOldGen       total 162048K, used 61131K [0xa6c00000, 0xb0a40000, 0xd16c0000)
  object space 162048K, 37% used [0xa6c00000,0xaa7b2fa8,0xb0a40000)
 Metaspace       used 5712K, capacity 5895K, committed 5912K, reserved 6448K
Event: 18.441 GC heap after
Heap after GC invocations=16 (full 4):
 PSYoungGen      total 232960K, used 43932K [0xd16c0000, 0xe6c00000, 0xe6c00000)
  eden space 116480K, 0% used [0xd16c0000,0xd16c0000,0xd8880000)
  from space 116480K, 37% used [0xdfa40000,0xe2527108,0xe6c00000)
  to   space 116480K, 0% used [0xd8880000,0xd8880000,0xdfa40000)
 ParOldGen       total 162048K, used 113383K [0xa6c00000, 0xb0a40000, 0xd16c0000)
  object space 162048K, 69% used [0xa6c00000,0xadab9fb8,0xb0a40000)
 Metaspace       used 5712K, capacity 5895K, committed 5912K, reserved 6448K
}
Event: 18.441 GC heap before
{Heap before GC invocations=17 (full 5):
 PSYoungGen      total 232960K, used 43932K [0xd16c0000, 0xe6c00000, 0xe6c00000)
  eden space 116480K, 0% used [0xd16c0000,0xd16c0000,0xd8880000)
  from space 116480K, 37% used [0xdfa40000,0xe2527108,0xe6c00000)
  to   space 116480K, 0% used [0xd8880000,0xd8880000,0xdfa40000)
 ParOldGen       total 162048K, used 113383K [0xa6c00000, 0xb0a40000, 0xd16c0000)
  object space 162048K, 69% used [0xa6c00000,0xadab9fb8,0xb0a40000)
 Metaspace       used 5712K, capacity 5895K, committed 5912K, reserved 6448K
Event: 18.478 GC heap after
Heap after GC invocations=17 (full 5):
 PSYoungGen      total 232960K, used 0K [0xd16c0000, 0xe6c00000, 0xe6c00000)
  eden space 116480K, 0% used [0xd16c0000,0xd16c0000,0xd8880000)
  from space 116480K, 0% used [0xdfa40000,0xdfa40000,0xe6c00000)
  to   space 116480K, 0% used [0xd8880000,0xd8880000,0xdfa40000)
 ParOldGen       total 160512K, used 15260K [0xa6c00000, 0xb08c0000, 0xd16c0000)
  object space 160512K, 9% used [0xa6c00000,0xa7ae73a8,0xb08c0000)
 Metaspace       used 5712K, capacity 5895K, committed 5912K, reserved 6448K
}
Event: 18.609 GC heap before
{Heap before GC invocations=18 (full 5):
 PSYoungGen      total 232960K, used 116480K [0xd16c0000, 0xe6c00000, 0xe6c00000)
  eden space 116480K, 100% used [0xd16c0000,0xd8880000,0xd8880000)
  from space 116480K, 0% used [0xdfa40000,0xdfa40000,0xe6c00000)
  to   space 116480K, 0% used [0xd8880000,0xd8880000,0xdfa40000)
 ParOldGen       total 160512K, used 15260K [0xa6c00000, 0xb08c0000, 0xd16c0000)
  object space 160512K, 9% used [0xa6c00000,0xa7ae73a8,0xb08c0000)
 Metaspace       used 5712K, capacity 5895K, committed 5912K, reserved 6448K
Event: 18.640 GC heap after
Heap after GC invocations=18 (full 5):
 PSYoungGen      total 232960K, used 76305K [0xd16c0000, 0xe6c00000, 0xe6c00000)
  eden space 116480K, 0% used [0xd16c0000,0xd16c0000,0xd8880000)
  from space 116480K, 65% used [0xd8880000,0xdd304520,0xdfa40000)
  to   space 116480K, 0% used [0xdfa40000,0xdfa40000,0xe6c00000)
 ParOldGen       total 160512K, used 15260K [0xa6c00000, 0xb08c0000, 0xd16c0000)
  object space 160512K, 9% used [0xa6c00000,0xa7ae73a8,0xb08c0000)
 Metaspace       used 5712K, capacity 5895K, committed 5912K, reserved 6448K
}
Event: 18.778 GC heap before
{Heap before GC invocations=19 (full 5):
 PSYoungGen      total 232960K, used 192785K [0xd16c0000, 0xe6c00000, 0xe6c00000)
  eden space 116480K, 100% used [0xd16c0000,0xd8880000,0xd8880000)
  from space 116480K, 65% used [0xd8880000,0xdd304520,0xdfa40000)
  to   space 116480K, 0% used [0xdfa40000,0xdfa40000,0xe6c00000)
 ParOldGen       total 160512K, used 15260K [0xa6c00000, 0xb08c0000, 0xd16c0000)
  object space 160512K, 9% used [0xa6c00000,0xa7ae73a8,0xb08c0000)
 Metaspace       used 5712K, capacity 5895K, committed 5912K, reserved 6448K
Event: 18.865 GC heap after
Heap after GC invocations=19 (full 5):
 PSYoungGen      total 232960K, used 77113K [0xd16c0000, 0xe6c00000, 0xe6c00000)
  eden space 116480K, 0% used [0xd16c0000,0xd16c0000,0xd8880000)
  from space 116480K, 66% used [0xdfa40000,0xe458e7a0,0xe6c00000)
  to   space 116480K, 0% used [0xd8880000,0xd8880000,0xdfa40000)
 ParOldGen       total 160512K, used 91012K [0xa6c00000, 0xb08c0000, 0xd16c0000)
  object space 160512K, 56% used [0xa6c00000,0xac4e13a8,0xb08c0000)
 Metaspace       used 5712K, capacity 5895K, committed 5912K, reserved 6448K
}
Event: 18.865 GC heap before
{Heap before GC invocations=20 (full 6):
 PSYoungGen      total 232960K, used 77113K [0xd16c0000, 0xe6c00000, 0xe6c00000)
  eden space 116480K, 0% used [0xd16c0000,0xd16c0000,0xd8880000)
  from space 116480K, 66% used [0xdfa40000,0xe458e7a0,0xe6c00000)
  to   space 116480K, 0% used [0xd8880000,0xd8880000,0xdfa40000)
 ParOldGen       total 160512K, used 91012K [0xa6c00000, 0xb08c0000, 0xd16c0000)
  object space 160512K, 56% used [0xa6c00000,0xac4e13a8,0xb08c0000)
 Metaspace       used 5712K, capacity 5895K, committed 5912K, reserved 6448K

Deoptimization events (10 events):
Event: 0.445 Thread 0xa2938000 Uncommon trap: reason=unstable_if action=reinterpret pc=0xe7232dac method=java.util.HashMap.getNode(ILjava/lang/Object;)Ljava/util/HashMap$Node; @ 62
Event: 0.456 Thread 0xa2938000 Uncommon trap: reason=bimorphic action=maybe_recompile pc=0xe722784c method=java.util.HashMap.getNode(ILjava/lang/Object;)Ljava/util/HashMap$Node; @ 126
Event: 0.462 Thread 0xa2938000 Uncommon trap: reason=unstable_if action=reinterpret pc=0xe722761c method=java.util.HashMap.getNode(ILjava/lang/Object;)Ljava/util/HashMap$Node; @ 62
Event: 0.468 Thread 0xa2938000 Uncommon trap: reason=unstable_if action=reinterpret pc=0xe723d854 method=UnblockCount.getNumMovesToUnblock(LMap;III)I @ 350
Event: 0.983 Thread 0xa2938000 Uncommon trap: reason=unstable_if action=reinterpret pc=0xe7277028 method=PriorityQueue.remove()Ljava/lang/Object; @ 51
Event: 9.533 Thread 0xa2938000 Uncommon trap: reason=unstable_if action=reinterpret pc=0xe728c7f0 method=WeightedAstarSearch.findTotalDistanceToGoal(LState;)I @ 85
Event: 9.533 Thread 0xa2938000 Uncommon trap: reason=unstable_if action=reinterpret pc=0xe7275374 method=UnblockCount.getNumMovesToUnblock(LMap;III)I @ 59
Event: 9.553 Thread 0xa2938000 Uncommon trap: reason=unstable_if action=reinterpret pc=0xe72212c4 method=java.util.HashMap.putVal(ILjava/lang/Object;Ljava/lang/Object;ZZ)Ljava/lang/Object; @ 109
Event: 10.082 Thread 0xa2938000 Uncommon trap: reason=unstable_if action=reinterpret pc=0xe729c578 method=WeightedAstarSearch.findTotalDistanceToGoal(LState;)I @ 85
Event: 18.252 Thread 0xa2938000 Uncommon trap: reason=unstable_if action=reinterpret pc=0xe72dd660 method=WeightedAstarSearch.findTotalDistanceToGoal(LState;)I @ 149

Classes redefined (0 events):
No events

Internal exceptions (10 events):
Event: 0.100 Thread 0xf6108000 Exception <a 'java/lang/NoSuchFieldError': method resolution failed> (0xd185cb60) thrown at [/build/openjdk-8-rcxM0S/openjdk-8-8u171-b11/src/hotspot/src/share/vm/prims/methodHandles.cpp, line 1167]
Event: 0.101 Thread 0xf6108000 Exception <a 'java/lang/NoSuchFieldError': method resolution failed> (0xd1868d58) thrown at [/build/openjdk-8-rcxM0S/openjdk-8-8u171-b11/src/hotspot/src/share/vm/prims/methodHandles.cpp, line 1167]
Event: 0.116 Thread 0xf6108000 Exception <a 'java/security/PrivilegedActionException'> (0xd18e63a0) thrown at [/build/openjdk-8-rcxM0S/openjdk-8-8u171-b11/src/hotspot/src/share/vm/prims/jvm.cpp, line 1435]
Event: 0.116 Thread 0xf6108000 Exception <a 'java/security/PrivilegedActionException'> (0xd18e65a0) thrown at [/build/openjdk-8-rcxM0S/openjdk-8-8u171-b11/src/hotspot/src/share/vm/prims/jvm.cpp, line 1435]
Event: 0.117 Thread 0xf6108000 Exception <a 'java/security/PrivilegedActionException'> (0xd18e8150) thrown at [/build/openjdk-8-rcxM0S/openjdk-8-8u171-b11/src/hotspot/src/share/vm/prims/jvm.cpp, line 1435]
Event: 0.117 Thread 0xf6108000 Exception <a 'java/security/PrivilegedActionException'> (0xd18e8350) thrown at [/build/openjdk-8-rcxM0S/openjdk-8-8u171-b11/src/hotspot/src/share/vm/prims/jvm.cpp, line 1435]
Event: 0.117 Thread 0xf6108000 Exception <a 'java/security/PrivilegedActionException'> (0xd18e8cf8) thrown at [/build/openjdk-8-rcxM0S/openjdk-8-8u171-b11/src/hotspot/src/share/vm/prims/jvm.cpp, line 1435]
Event: 0.117 Thread 0xf6108000 Exception <a 'java/security/PrivilegedActionException'> (0xd18e8ef8) thrown at [/build/openjdk-8-rcxM0S/openjdk-8-8u171-b11/src/hotspot/src/share/vm/prims/jvm.cpp, line 1435]
Event: 0.121 Thread 0xf6108000 Exception <a 'java/io/FileNotFoundException'> (0xd18f9cd0) thrown at [/build/openjdk-8-rcxM0S/openjdk-8-8u171-b11/src/hotspot/src/share/vm/prims/jni.cpp, line 709]
Event: 0.134 Thread 0xf6108000 Exception <a 'java/lang/ClassNotFoundException': sun/dc/DuctusRenderingEngine> (0xd1906f58) thrown at [/build/openjdk-8-rcxM0S/openjdk-8-8u171-b11/src/hotspot/src/share/vm/classfile/systemDictionary.cpp, line 210]

Events (10 events):
Event: 18.316 Thread 0xa2938000 DEOPT UNPACKING pc=0xe70f961a sp=0xa2757620 mode 0
Event: 18.324 Thread 0xa2938000 DEOPT PACKING pc=0xe730156d sp=0xa2757700
Event: 18.324 Thread 0xa2938000 DEOPT UNPACKING pc=0xe70f961a sp=0xa2757620 mode 0
Event: 18.378 Thread 0xa2938000 DEOPT PACKING pc=0xe73086a2 sp=0xa2757710
Event: 18.378 Thread 0xa2938000 DEOPT UNPACKING pc=0xe70f961a sp=0xa2757620 mode 0
Event: 18.386 Executing VM operation: ParallelGCFailedAllocation
Event: 18.478 Executing VM operation: ParallelGCFailedAllocation done
Event: 18.609 Executing VM operation: ParallelGCFailedAllocation
Event: 18.640 Executing VM operation: ParallelGCFailedAllocation done
Event: 18.778 Executing VM operation: ParallelGCFailedAllocation


Dynamic libraries:
08048000-08049000 r-xp 00000000 08:01 1879842                            /usr/lib/jvm/java-8-openjdk-i386/jre/bin/java
08049000-0804a000 r--p 00000000 08:01 1879842                            /usr/lib/jvm/java-8-openjdk-i386/jre/bin/java
0804a000-0804b000 rw-p 00001000 08:01 1879842                            /usr/lib/jvm/java-8-openjdk-i386/jre/bin/java
09045000-09067000 rw-p 00000000 00:00 0                                  [heap]
a1d00000-a1d2d000 rw-p 00000000 00:00 0 
a1d2d000-a1e00000 ---p 00000000 00:00 0 
a1e00000-a1efe000 rw-p 00000000 00:00 0 
a1efe000-a1f00000 ---p 00000000 00:00 0 
a1f00000-a2000000 rw-p 00000000 00:00 0 
a2000000-a20ef000 rw-p 00000000 00:00 0 
a20ef000-a2100000 ---p 00000000 00:00 0 
a2100000-a21fc000 rw-p 00000000 00:00 0 
a21fc000-a2200000 ---p 00000000 00:00 0 
a2200000-a22fb000 rw-p 00000000 00:00 0 
a22fb000-a2300000 ---p 00000000 00:00 0 
a2300000-a23fa000 rw-p 00000000 00:00 0 
a23fa000-a2400000 ---p 00000000 00:00 0 
a24b7000-a2537000 rw-p 00000000 00:00 0 
a2537000-a25b7000 ---p 00000000 00:00 0 
a25b7000-a25ba000 ---p 00000000 00:00 0 
a25ba000-a2608000 rw-p 00000000 00:00 0 
a2608000-a2708000 rw-p 00000000 00:00 0 
a2708000-a270b000 ---p 00000000 00:00 0 
a270b000-a2759000 rw-p 00000000 00:00 0 
a2759000-a275c000 ---p 00000000 00:00 0 
a275c000-a27aa000 rw-p 00000000 00:00 0 
a27aa000-a27ad000 ---p 00000000 00:00 0 
a27ad000-a27fb000 rw-p 00000000 00:00 0 
a27fb000-a27fe000 ---p 00000000 00:00 0 
a27fe000-a284c000 rw-p 00000000 00:00 0 
a284c000-a28fb000 r-xp 00000000 08:01 1863297                            /usr/lib/i386-linux-gnu/libfreetype.so.6.12.3
a28fb000-a28ff000 r--p 000ae000 08:01 1863297                            /usr/lib/i386-linux-gnu/libfreetype.so.6.12.3
a28ff000-a2900000 rw-p 000b2000 08:01 1863297                            /usr/lib/i386-linux-gnu/libfreetype.so.6.12.3
a2900000-a2951000 rw-p 00000000 00:00 0 
a2951000-a2a00000 ---p 00000000 00:00 0 
a2a0f000-a2a19000 r-xp 00000000 08:01 1861221                            /usr/lib/i386-linux-gnu/libXcursor.so.1.0.2
a2a19000-a2a1a000 r--p 00009000 08:01 1861221                            /usr/lib/i386-linux-gnu/libXcursor.so.1.0.2
a2a1a000-a2a1b000 rw-p 0000a000 08:01 1861221                            /usr/lib/i386-linux-gnu/libXcursor.so.1.0.2
a2a1b000-a2a53000 r-xp 00000000 08:01 1862408                            /usr/lib/i386-linux-gnu/libpng16.so.16.28.0
a2a53000-a2a54000 r--p 00037000 08:01 1862408                            /usr/lib/i386-linux-gnu/libpng16.so.16.28.0
a2a54000-a2a55000 rw-p 00038000 08:01 1862408                            /usr/lib/i386-linux-gnu/libpng16.so.16.28.0
a2a55000-a2aa2000 r-xp 00000000 08:01 1879915                            /usr/lib/jvm/java-8-openjdk-i386/jre/lib/i386/libfontmanager.so
a2aa2000-a2aa5000 r--p 0004c000 08:01 1879915                            /usr/lib/jvm/java-8-openjdk-i386/jre/lib/i386/libfontmanager.so
a2aa5000-a2aa6000 rw-p 0004f000 08:01 1879915                            /usr/lib/jvm/java-8-openjdk-i386/jre/lib/i386/libfontmanager.so
a2aa6000-a2aca000 r-xp 00000000 08:01 1862362                            /usr/lib/i386-linux-gnu/libxcb.so.1.1.0
a2aca000-a2acb000 r--p 00023000 08:01 1862362                            /usr/lib/i386-linux-gnu/libxcb.so.1.1.0
a2acb000-a2acc000 rw-p 00024000 08:01 1862362                            /usr/lib/i386-linux-gnu/libxcb.so.1.1.0
a2acc000-a2c19000 r-xp 00000000 08:01 1862839                            /usr/lib/i386-linux-gnu/libX11.so.6.3.0
a2c19000-a2c1b000 r--p 0014d000 08:01 1862839                            /usr/lib/i386-linux-gnu/libX11.so.6.3.0
a2c1b000-a2c1e000 rw-p 0014f000 08:01 1862839                            /usr/lib/i386-linux-gnu/libX11.so.6.3.0
a2c45000-a2cd4000 r-xp 00000000 08:01 1879909                            /usr/lib/jvm/java-8-openjdk-i386/jre/lib/i386/libawt.so
a2cd4000-a2cd5000 r--p 0008e000 08:01 1879909                            /usr/lib/jvm/java-8-openjdk-i386/jre/lib/i386/libawt.so
a2cd5000-a2cdc000 rw-p 0008f000 08:01 1879909                            /usr/lib/jvm/java-8-openjdk-i386/jre/lib/i386/libawt.so
a2cdc000-a2d00000 rw-p 00000000 00:00 0 
a2d00000-a2dfc000 rw-p 00000000 00:00 0 
a2dfc000-a2e00000 ---p 00000000 00:00 0 
a2e01000-a2e06000 r-xp 00000000 08:01 1862878                            /usr/lib/i386-linux-gnu/libXfixes.so.3.1.0
a2e06000-a2e07000 r--p 00004000 08:01 1862878                            /usr/lib/i386-linux-gnu/libXfixes.so.3.1.0
a2e07000-a2e08000 rw-p 00005000 08:01 1862878                            /usr/lib/i386-linux-gnu/libXfixes.so.3.1.0
a2e08000-a2e19000 r-xp 00000000 08:01 1862891                            /usr/lib/i386-linux-gnu/libXi.so.6.1.0
a2e19000-a2e1a000 r--p 00010000 08:01 1862891                            /usr/lib/i386-linux-gnu/libXi.so.6.1.0
a2e1a000-a2e1b000 rw-p 00011000 08:01 1862891                            /usr/lib/i386-linux-gnu/libXi.so.6.1.0
a2e1b000-a2e21000 r-xp 00000000 08:01 1862935                            /usr/lib/i386-linux-gnu/libXtst.so.6.1.0
a2e21000-a2e22000 r--p 00005000 08:01 1862935                            /usr/lib/i386-linux-gnu/libXtst.so.6.1.0
a2e22000-a2e23000 rw-p 00006000 08:01 1862935                            /usr/lib/i386-linux-gnu/libXtst.so.6.1.0
a2e23000-a2e74000 r-xp 00000000 08:01 1879913                            /usr/lib/jvm/java-8-openjdk-i386/jre/lib/i386/libawt_xawt.so
a2e74000-a2e75000 r--p 00050000 08:01 1879913                            /usr/lib/jvm/java-8-openjdk-i386/jre/lib/i386/libawt_xawt.so
a2e75000-a2e77000 rw-p 00051000 08:01 1879913                            /usr/lib/jvm/java-8-openjdk-i386/jre/lib/i386/libawt_xawt.so
a2e77000-a2e78000 rw-p 00000000 00:00 0 
a2e78000-a2f0e000 r--s 008d6000 08:01 2623485                            /usr/share/java/openjfx/jre/lib/ext/jfxrt.jar
a2f0e000-a2f0f000 ---p 00000000 00:00 0 
a2f0f000-a2f8f000 rw-p 00000000 00:00 0 
a2f8f000-a2f92000 ---p 00000000 00:00 0 
a2f92000-a2fe0000 rw-p 00000000 00:00 0 
a2fe0000-a2fe3000 ---p 00000000 00:00 0 
a2fe3000-a3061000 rw-p 00000000 00:00 0 
a3061000-a3064000 ---p 00000000 00:00 0 
a3064000-a30e2000 rw-p 00000000 00:00 0 
a30e2000-a30e5000 ---p 00000000 00:00 0 
a30e5000-a3163000 rw-p 00000000 00:00 0 
a3163000-a3166000 ---p 00000000 00:00 0 
a3166000-a31b4000 rw-p 00000000 00:00 0 
a31b4000-a3200000 r--p 00231000 08:01 1869449                            /usr/lib/locale/locale-archive
a3200000-a3400000 r--p 00000000 08:01 1869449                            /usr/lib/locale/locale-archive
a3400000-a34ff000 rw-p 00000000 00:00 0 
a34ff000-a3500000 ---p 00000000 00:00 0 
a3500000-a3521000 rw-p 00000000 00:00 0 
a3521000-a3600000 ---p 00000000 00:00 0 
a3600000-a3700000 rw-p 00000000 00:00 0 
a3701000-a3706000 r-xp 00000000 08:01 1862875                            /usr/lib/i386-linux-gnu/libXdmcp.so.6.0.0
a3706000-a3707000 rw-p 00004000 08:01 1862875                            /usr/lib/i386-linux-gnu/libXdmcp.so.6.0.0
a3707000-a3711000 r-xp 00000000 08:01 1862923                            /usr/lib/i386-linux-gnu/libXrender.so.1.3.0
a3711000-a3712000 r--p 00009000 08:01 1862923                            /usr/lib/i386-linux-gnu/libXrender.so.1.3.0
a3712000-a3713000 rw-p 0000a000 08:01 1862923                            /usr/lib/i386-linux-gnu/libXrender.so.1.3.0
a3713000-a3716000 ---p 00000000 00:00 0 
a3716000-a3764000 rw-p 00000000 00:00 0 
a3764000-a3765000 ---p 00000000 00:00 0 
a3765000-a37e5000 rw-p 00000000 00:00 0 
a37e5000-a39b4000 r--s 03c2f000 08:01 1879978                            /usr/lib/jvm/java-8-openjdk-i386/jre/lib/rt.jar
a39b4000-a3dfa000 rw-p 00000000 00:00 0 
a3dfa000-a3e00000 ---p 00000000 00:00 0 
a3e00000-a6200000 rw-p 00000000 00:00 0 
a6200000-a62fb000 rw-p 00000000 00:00 0 
a62fb000-a6300000 ---p 00000000 00:00 0 
a6302000-a6304000 r-xp 00000000 08:01 1862847                            /usr/lib/i386-linux-gnu/libXau.so.6.0.0
a6304000-a6305000 r--p 00001000 08:01 1862847                            /usr/lib/i386-linux-gnu/libXau.so.6.0.0
a6305000-a6306000 rw-p 00002000 08:01 1862847                            /usr/lib/i386-linux-gnu/libXau.so.6.0.0
a6306000-a6319000 r-xp 00000000 08:01 1862879                            /usr/lib/i386-linux-gnu/libXext.so.6.4.0
a6319000-a631a000 r--p 00012000 08:01 1862879                            /usr/lib/i386-linux-gnu/libXext.so.6.4.0
a631a000-a631b000 rw-p 00013000 08:01 1862879                            /usr/lib/i386-linux-gnu/libXext.so.6.4.0
a631b000-a632e000 r--s 00346000 08:01 1879977                            /usr/lib/jvm/java-8-openjdk-i386/jre/lib/resources.jar
a632e000-a6331000 ---p 00000000 00:00 0 
a6331000-a637f000 rw-p 00000000 00:00 0 
a637f000-a6380000 ---p 00000000 00:00 0 
a6380000-a6400000 rw-p 00000000 00:00 0 
a6400000-a64f9000 rw-p 00000000 00:00 0 
a64f9000-a6500000 ---p 00000000 00:00 0 
a6500000-a6521000 rw-p 00000000 00:00 0 
a6521000-a6600000 ---p 00000000 00:00 0 
a6600000-a6605000 r--s 002f9000 08:01 1879877                            /usr/lib/jvm/java-8-openjdk-i386/jre/lib/charsets.jar
a6605000-a660a000 r--s 002f9000 08:01 1879877                            /usr/lib/jvm/java-8-openjdk-i386/jre/lib/charsets.jar
a660a000-a660c000 r--s 00016000 08:01 1879971                            /usr/lib/jvm/java-8-openjdk-i386/jre/lib/jce.jar
a660c000-a6611000 r--s 0009d000 08:01 1879973                            /usr/lib/jvm/java-8-openjdk-i386/jre/lib/jsse.jar
a6611000-a662c000 r--s 001d6000 08:01 1879891                            /usr/lib/jvm/java-8-openjdk-i386/jre/lib/ext/nashorn.jar
a662c000-a662e000 r--s 00008000 08:01 1879892                            /usr/lib/jvm/java-8-openjdk-i386/jre/lib/ext/sunec.jar
a662e000-a6631000 r--s 00038000 08:01 1879894                            /usr/lib/jvm/java-8-openjdk-i386/jre/lib/ext/sunpkcs11.jar
a6631000-a667f000 rw-p 00000000 00:00 0 
a667f000-a6680000 ---p 00000000 00:00 0 
a6680000-a6700000 rw-p 00000000 00:00 0 
a6700000-a6721000 rw-p 00000000 00:00 0 
a6721000-a6800000 ---p 00000000 00:00 0 
a6800000-a680a000 r--s 00116000 08:01 1879890                            /usr/lib/jvm/java-8-openjdk-i386/jre/lib/ext/localedata.jar
a680a000-a680d000 r--s 0000f000 08:01 1879888                            /usr/lib/jvm/java-8-openjdk-i386/jre/lib/ext/icedtea-sound.jar
a680d000-a6828000 r--s 00394000 08:01 1879885                            /usr/lib/jvm/java-8-openjdk-i386/jre/lib/ext/cldrdata.jar
a6828000-a6829000 ---p 00000000 00:00 0 
a6829000-a68a9000 rw-p 00000000 00:00 0 
a68a9000-a68f8000 rw-p 00000000 00:00 0 
a68f8000-a6900000 ---p 00000000 00:00 0 
a6900000-a69ff000 ---p 00000000 00:00 0 
a69ff000-a6a4e000 rw-p 00000000 00:00 0 
a6a4e000-a6a56000 ---p 00000000 00:00 0 
a6a56000-a6b54000 ---p 00000000 00:00 0 
a6b54000-a6bff000 rw-p 00000000 00:00 0 
a6bff000-b08c0000 rw-p 00000000 00:00 0 
bb600000-d16c0000 ---p 00000000 00:00 0 
d16c0000-e6c00000 rw-p 00000000 00:00 0 
e6c01000-e6c07000 r--s 0003b000 08:01 1879893                            /usr/lib/jvm/java-8-openjdk-i386/jre/lib/ext/sunjce_provider.jar
e6c07000-e6c09000 r--s 00001000 08:01 1879886                            /usr/lib/jvm/java-8-openjdk-i386/jre/lib/ext/dnsns.jar
e6c09000-e6c64000 rw-p 00000000 00:00 0 
e6c64000-e6c7c000 rw-p 00000000 00:00 0 
e6c7c000-e6c7d000 ---p 00000000 00:00 0 
e6c7d000-e6cfd000 rw-p 00000000 00:00 0 
e6cfd000-e6d07000 rw-p 00000000 00:00 0 
e6d07000-e70bd000 ---p 00000000 00:00 0 
e70bd000-e731d000 rwxp 00000000 00:00 0 
e731d000-f60bd000 ---p 00000000 00:00 0 
f60bd000-f6100000 r--s 00000000 08:01 3457278                            /var/cache/nscd/passwd
f6100000-f61fd000 rw-p 00000000 00:00 0 
f61fd000-f6200000 ---p 00000000 00:00 0 
f6200000-f6228000 r-xp 00000000 08:01 1879926                            /usr/lib/jvm/java-8-openjdk-i386/jre/lib/i386/libjava.so
f6228000-f6229000 r--p 00027000 08:01 1879926                            /usr/lib/jvm/java-8-openjdk-i386/jre/lib/i386/libjava.so
f6229000-f622a000 rw-p 00028000 08:01 1879926                            /usr/lib/jvm/java-8-openjdk-i386/jre/lib/i386/libjava.so
f622a000-f6231000 r-xp 00000000 08:01 2474787                            /lib/i386-linux-gnu/librt-2.26.so
f6231000-f6232000 ---p 00007000 08:01 2474787                            /lib/i386-linux-gnu/librt-2.26.so
f6232000-f6233000 r--p 00007000 08:01 2474787                            /lib/i386-linux-gnu/librt-2.26.so
f6233000-f6234000 rw-p 00008000 08:01 2474787                            /lib/i386-linux-gnu/librt-2.26.so
f6234000-f6237000 ---p 00000000 00:00 0 
f6237000-f6285000 rw-p 00000000 00:00 0 
f6285000-f62a0000 r-xp 00000000 08:01 2474699                            /lib/i386-linux-gnu/libgcc_s.so.1
f62a0000-f62a1000 r--p 0001a000 08:01 2474699                            /lib/i386-linux-gnu/libgcc_s.so.1
f62a1000-f62a2000 rw-p 0001b000 08:01 2474699                            /lib/i386-linux-gnu/libgcc_s.so.1
f62a2000-f639b000 r-xp 00000000 08:01 2474694                            /lib/i386-linux-gnu/libm-2.26.so
f639b000-f639c000 r--p 000f8000 08:01 2474694                            /lib/i386-linux-gnu/libm-2.26.so
f639c000-f639d000 rw-p 000f9000 08:01 2474694                            /lib/i386-linux-gnu/libm-2.26.so
f639d000-f6510000 r-xp 00000000 08:01 1860596                            /usr/lib/i386-linux-gnu/libstdc++.so.6.0.24
f6510000-f6516000 r--p 00172000 08:01 1860596                            /usr/lib/i386-linux-gnu/libstdc++.so.6.0.24
f6516000-f6517000 rw-p 00178000 08:01 1860596                            /usr/lib/i386-linux-gnu/libstdc++.so.6.0.24
f6517000-f651a000 rw-p 00000000 00:00 0 
f651a000-f7031000 r-xp 00000000 08:01 1879958                            /usr/lib/jvm/java-8-openjdk-i386/jre/lib/i386/server/libjvm.so
f7031000-f7080000 r--p 00b16000 08:01 1879958                            /usr/lib/jvm/java-8-openjdk-i386/jre/lib/i386/server/libjvm.so
f7080000-f7097000 rw-p 00b65000 08:01 1879958                            /usr/lib/jvm/java-8-openjdk-i386/jre/lib/i386/server/libjvm.so
f7097000-f74b7000 rw-p 00000000 00:00 0 
f74b7000-f74b9000 rw-p 00000000 00:00 0 
f74b9000-f74cf000 r-xp 00000000 08:01 2474729                            /lib/i386-linux-gnu/libnsl-2.26.so
f74cf000-f74d0000 ---p 00016000 08:01 2474729                            /lib/i386-linux-gnu/libnsl-2.26.so
f74d0000-f74d1000 r--p 00016000 08:01 2474729                            /lib/i386-linux-gnu/libnsl-2.26.so
f74d1000-f74d2000 rw-p 00017000 08:01 2474729                            /lib/i386-linux-gnu/libnsl-2.26.so
f74d2000-f74d4000 rw-p 00000000 00:00 0 
f74d4000-f76a1000 r-xp 00000000 08:01 2474667                            /lib/i386-linux-gnu/libc-2.26.so
f76a1000-f76a2000 ---p 001cd000 08:01 2474667                            /lib/i386-linux-gnu/libc-2.26.so
f76a2000-f76a4000 r--p 001cd000 08:01 2474667                            /lib/i386-linux-gnu/libc-2.26.so
f76a4000-f76a5000 rw-p 001cf000 08:01 2474667                            /lib/i386-linux-gnu/libc-2.26.so
f76a5000-f76a8000 rw-p 00000000 00:00 0 
f76a8000-f76ab000 r-xp 00000000 08:01 2474690                            /lib/i386-linux-gnu/libdl-2.26.so
f76ab000-f76ac000 r--p 00002000 08:01 2474690                            /lib/i386-linux-gnu/libdl-2.26.so
f76ac000-f76ad000 rw-p 00003000 08:01 2474690                            /lib/i386-linux-gnu/libdl-2.26.so
f76ad000-f76ba000 r-xp 00000000 08:01 1879903                            /usr/lib/jvm/java-8-openjdk-i386/jre/lib/i386/jli/libjli.so
f76ba000-f76bb000 r--p 0000c000 08:01 1879903                            /usr/lib/jvm/java-8-openjdk-i386/jre/lib/i386/jli/libjli.so
f76bb000-f76bc000 rw-p 0000d000 08:01 1879903                            /usr/lib/jvm/java-8-openjdk-i386/jre/lib/i386/jli/libjli.so
f76bc000-f76d3000 r-xp 00000000 08:01 2474817                            /lib/i386-linux-gnu/libz.so.1.2.7
f76d3000-f76d4000 r--p 00016000 08:01 2474817                            /lib/i386-linux-gnu/libz.so.1.2.7
f76d4000-f76d5000 rw-p 00017000 08:01 2474817                            /lib/i386-linux-gnu/libz.so.1.2.7
f76d5000-f76f0000 r-xp 00000000 08:01 2474761                            /lib/i386-linux-gnu/libpthread-2.26.so
f76f0000-f76f1000 r--p 0001a000 08:01 2474761                            /lib/i386-linux-gnu/libpthread-2.26.so
f76f1000-f76f2000 rw-p 0001b000 08:01 2474761                            /lib/i386-linux-gnu/libpthread-2.26.so
f76f2000-f76f4000 rw-p 00000000 00:00 0 
f76f4000-f76f5000 r-xp 00000000 08:01 2009778                            /usr/local/lib/innetgr.so
f76f5000-f76f6000 rw-p 00000000 08:01 2009778                            /usr/local/lib/innetgr.so
f76f6000-f76f7000 r--s 00010000 08:01 1879896                            /usr/lib/jvm/java-8-openjdk-i386/jre/lib/ext/zipfs.jar
f76f7000-f76fd000 r-xp 00000000 08:01 1863747                            /usr/lib/i386-linux-gnu/libgtk3-nocsd.so.0
f76fd000-f76fe000 ---p 00006000 08:01 1863747                            /usr/lib/i386-linux-gnu/libgtk3-nocsd.so.0
f76fe000-f76ff000 r--p 00006000 08:01 1863747                            /usr/lib/i386-linux-gnu/libgtk3-nocsd.so.0
f76ff000-f7700000 rw-p 00007000 08:01 1863747                            /usr/lib/i386-linux-gnu/libgtk3-nocsd.so.0
f7700000-f7701000 r--s 0000a000 08:01 1879889                            /usr/lib/jvm/java-8-openjdk-i386/jre/lib/ext/jaccess.jar
f7701000-f7702000 r--s 00007000 08:01 2622551                            /usr/share/java/java-atk-wrapper.jar
f7702000-f770a000 r-xp 00000000 08:01 1879953                            /usr/lib/jvm/java-8-openjdk-i386/jre/lib/i386/libzip.so
f770a000-f770b000 r--p 00007000 08:01 1879953                            /usr/lib/jvm/java-8-openjdk-i386/jre/lib/i386/libzip.so
f770b000-f770c000 rw-p 00008000 08:01 1879953                            /usr/lib/jvm/java-8-openjdk-i386/jre/lib/i386/libzip.so
f770c000-f7714000 rw-s 00000000 08:01 2535322                            /tmp/hsperfdata_z5160123/10029
f7714000-f7715000 rw-p 00000000 00:00 0 
f7715000-f7716000 ---p 00000000 00:00 0 
f7716000-f7724000 r-xp 00000000 08:01 1879952                            /usr/lib/jvm/java-8-openjdk-i386/jre/lib/i386/libverify.so
f7724000-f7726000 r--p 0000d000 08:01 1879952                            /usr/lib/jvm/java-8-openjdk-i386/jre/lib/i386/libverify.so
f7726000-f7727000 rw-p 0000f000 08:01 1879952                            /usr/lib/jvm/java-8-openjdk-i386/jre/lib/i386/libverify.so
f7727000-f7729000 rw-p 00000000 00:00 0 
f7729000-f772b000 r--p 00000000 00:00 0                                  [vvar]
f772b000-f772d000 r-xp 00000000 00:00 0                                  [vdso]
f772d000-f7752000 r-xp 00000000 08:01 2478470                            /lib/i386-linux-gnu/ld-2.26.so
f7752000-f7753000 r--p 00024000 08:01 2478470                            /lib/i386-linux-gnu/ld-2.26.so
f7753000-f7754000 rw-p 00025000 08:01 2478470                            /lib/i386-linux-gnu/ld-2.26.so
ffe65000-ffe86000 rw-p 00000000 00:00 0                                  [stack]

VM Arguments:
jvm_args: -Dfile.encoding=ISO-8859-1 
java_command: Main
java_class_path (initial): /usr/lib/jvm/java-8-openjdk-i386/jre/lib/resources.jar:/usr/lib/jvm/java-8-openjdk-i386/jre/lib/rt.jar:/usr/lib/jvm/java-8-openjdk-i386/jre/lib/jsse.jar:/usr/lib/jvm/java-8-openjdk-i386/jre/lib/jce.jar:/usr/lib/jvm/java-8-openjdk-i386/jre/lib/charsets.jar:/usr/share/java/java-atk-wrapper.jar:/usr/lib/jvm/java-8-openjdk-i386/jre/lib/ext/cldrdata.jar:/usr/lib/jvm/java-8-openjdk-i386/jre/lib/ext/dnsns.jar:/usr/lib/jvm/java-8-openjdk-i386/jre/lib/ext/sunjce_provider.jar:/usr/lib/jvm/java-8-openjdk-i386/jre/lib/ext/icedtea-sound.jar:/usr/lib/jvm/java-8-openjdk-i386/jre/lib/ext/jfxrt.jar:/usr/lib/jvm/java-8-openjdk-i386/jre/lib/ext/localedata.jar:/usr/lib/jvm/java-8-openjdk-i386/jre/lib/ext/sunpkcs11.jar:/usr/lib/jvm/java-8-openjdk-i386/jre/lib/ext/sunec.jar:/usr/lib/jvm/java-8-openjdk-i386/jre/lib/ext/jaccess.jar:/usr/lib/jvm/java-8-openjdk-i386/jre/lib/ext/nashorn.jar:/usr/lib/jvm/java-8-openjdk-i386/jre/lib/ext/zipfs.jar:/tmp_amd/kamen/export/kamen/3/z5160123/cs2511/COMP2511Project/Car/bin
Launcher Type: SUN_STANDARD

Environment Variables:
PATH=/import/kamen/3/z5160123/bin-pc.i86.linux:/import/kamen/3/z5160123/bin:/usr/local/bin:/usr/bin:/bin
USERNAME=z5160123
LD_LIBRARY_PATH=/usr/lib/jvm/java-8-openjdk-i386/jre/lib/i386/server:/usr/lib/jvm/java-8-openjdk-i386/jre/lib/i386:
LD_PRELOAD=libgtk3-nocsd.so.0
SHELL=/usr/local/bin/bash
DISPLAY=:0.0
ARCH=pc.i86.linux

Signal Handlers:
SIGSEGV: [libjvm.so+0x901450], sa_mask[0]=11111111011111111101111111111110, sa_flags=SA_RESTART|SA_SIGINFO
SIGBUS: [libjvm.so+0x901450], sa_mask[0]=11111111011111111101111111111110, sa_flags=SA_RESTART|SA_SIGINFO
SIGFPE: [libjvm.so+0x7650d0], sa_mask[0]=11111111011111111101111111111110, sa_flags=SA_RESTART|SA_SIGINFO
SIGPIPE: [libjvm.so+0x7650d0], sa_mask[0]=11111111011111111101111111111110, sa_flags=SA_RESTART|SA_SIGINFO
SIGXFSZ: [libjvm.so+0x7650d0], sa_mask[0]=11111111011111111101111111111110, sa_flags=SA_RESTART|SA_SIGINFO
SIGILL: [libjvm.so+0x7650d0], sa_mask[0]=11111111011111111101111111111110, sa_flags=SA_RESTART|SA_SIGINFO
SIGUSR1: SIG_DFL, sa_mask[0]=00000000000000000000000000000000, sa_flags=none
SIGUSR2: [libjvm.so+0x764f10], sa_mask[0]=00100000000000000000000000000000, sa_flags=SA_RESTART|SA_SIGINFO
SIGHUP: [libjvm.so+0x7651a0], sa_mask[0]=11111111011111111101111111111110, sa_flags=SA_RESTART|SA_SIGINFO
SIGINT: [libjvm.so+0x7651a0], sa_mask[0]=11111111011111111101111111111110, sa_flags=SA_RESTART|SA_SIGINFO
SIGTERM: [libjvm.so+0x7651a0], sa_mask[0]=11111111011111111101111111111110, sa_flags=SA_RESTART|SA_SIGINFO
SIGQUIT: [libjvm.so+0x7651a0], sa_mask[0]=11111111011111111101111111111110, sa_flags=SA_RESTART|SA_SIGINFO


---------------  S Y S T E M  ---------------

OS:Debian 6.0.10

uname:Linux 4.9.0-0.bpo.6-amd64 #1 SMP Debian 4.9.82-1+deb9u3~bpo8+1 (2018-03-22) x86_64
libc:glibc 2.26 NPTL 2.26 
rlimit: STACK 8192k, CORE 0k, NPROC 62748, NOFILE 4096, AS infinity
load average:1.81 1.81 2.26

/proc/meminfo:
MemTotal:       16089700 kB
MemFree:          145780 kB
MemAvailable:      29364 kB
Buffers:            4216 kB
Cached:           192016 kB
SwapCached:         5780 kB
Active:         14377556 kB
Inactive:        1326704 kB
Active(anon):   14336124 kB
Inactive(anon):  1298904 kB
Active(file):      41432 kB
Inactive(file):    27800 kB
Unevictable:        7204 kB
Mlocked:            7204 kB
SwapTotal:       2097148 kB
SwapFree:              0 kB
Dirty:               600 kB
Writeback:             0 kB
AnonPages:      15509516 kB
Mapped:           162880 kB
Shmem:            120980 kB
Slab:              77120 kB
SReclaimable:      34496 kB
SUnreclaim:        42624 kB
KernelStack:       28864 kB
PageTables:        47952 kB
NFS_Unstable:          0 kB
Bounce:                0 kB
WritebackTmp:          0 kB
CommitLimit:    10141996 kB
Committed_AS:   25620684 kB
VmallocTotal:   34359738367 kB
VmallocUsed:           0 kB
VmallocChunk:          0 kB
HardwareCorrupted:     0 kB
AnonHugePages:         0 kB
ShmemHugePages:        0 kB
ShmemPmdMapped:        0 kB
HugePages_Total:       0
HugePages_Free:        0
HugePages_Rsvd:        0
HugePages_Surp:        0
Hugepagesize:       2048 kB
DirectMap4k:      177128 kB
DirectMap2M:     6811648 kB
DirectMap1G:     9437184 kB


CPU:total 4 (initial active 4) (4 cores per cpu, 1 threads per core) family 6 model 94 stepping 3, cmov, cx8, fxsr, mmx, sse, sse2, sse3, ssse3, sse4.1, sse4.2, popcnt, avx, avx2, aes, clmul, erms, rtm, 3dnowpref, lzcnt, tsc, tscinvbit, bmi1, bmi2, adx

/proc/cpuinfo:
processor	: 0
vendor_id	: GenuineIntel
cpu family	: 6
model		: 94
model name	: Intel(R) Core(TM) i5-6600T CPU @ 2.70GHz
stepping	: 3
microcode	: 0xc2
cpu MHz		: 3299.853
cache size	: 6144 KB
physical id	: 0
siblings	: 4
core id		: 0
cpu cores	: 4
apicid		: 0
initial apicid	: 0
fpu		: yes
fpu_exception	: yes
cpuid level	: 22
wp		: yes
flags		: fpu vme de pse tsc msr pae mce cx8 apic sep mtrr pge mca cmov pat pse36 clflush dts acpi mmx fxsr sse sse2 ss ht tm pbe syscall nx pdpe1gb rdtscp lm constant_tsc art arch_perfmon pebs bts rep_good nopl xtopology nonstop_tsc aperfmperf eagerfpu pni pclmulqdq dtes64 monitor ds_cpl vmx smx est tm2 ssse3 sdbg fma cx16 xtpr pdcm pcid sse4_1 sse4_2 x2apic movbe popcnt tsc_deadline_timer aes xsave avx f16c rdrand lahf_lm abm 3dnowprefetch epb invpcid_single kaiser tpr_shadow vnmi flexpriority ept vpid fsgsbase tsc_adjust bmi1 hle avx2 smep bmi2 erms invpcid rtm mpx rdseed adx smap clflushopt intel_pt xsaveopt xsavec xgetbv1 xsaves dtherm ida arat pln pts hwp hwp_notify hwp_act_window hwp_epp
bugs		: cpu_meltdown spectre_v1 spectre_v2
bogomips	: 5424.00
clflush size	: 64
cache_alignment	: 64
address sizes	: 39 bits physical, 48 bits virtual
power management:

processor	: 1
vendor_id	: GenuineIntel
cpu family	: 6
model		: 94
model name	: Intel(R) Core(TM) i5-6600T CPU @ 2.70GHz
stepping	: 3
microcode	: 0xc2
cpu MHz		: 3299.853
cache size	: 6144 KB
physical id	: 0
siblings	: 4
core id		: 1
cpu cores	: 4
apicid		: 2
initial apicid	: 2
fpu		: yes
fpu_exception	: yes
cpuid level	: 22
wp		: yes
flags		: fpu vme de pse tsc msr pae mce cx8 apic sep mtrr pge mca cmov pat pse36 clflush dts acpi mmx fxsr sse sse2 ss ht tm pbe syscall nx pdpe1gb rdtscp lm constant_tsc art arch_perfmon pebs bts rep_good nopl xtopology nonstop_tsc aperfmperf eagerfpu pni pclmulqdq dtes64 monitor ds_cpl vmx smx est tm2 ssse3 sdbg fma cx16 xtpr pdcm pcid sse4_1 sse4_2 x2apic movbe popcnt tsc_deadline_timer aes xsave avx f16c rdrand lahf_lm abm 3dnowprefetch epb invpcid_single kaiser tpr_shadow vnmi flexpriority ept vpid fsgsbase tsc_adjust bmi1 hle avx2 smep bmi2 erms invpcid rtm mpx rdseed adx smap clflushopt intel_pt xsaveopt xsavec xgetbv1 xsaves dtherm ida arat pln pts hwp hwp_notify hwp_act_window hwp_epp
bugs		: cpu_meltdown spectre_v1 spectre_v2
bogomips	: 5424.00
clflush size	: 64
cache_alignment	: 64
address sizes	: 39 bits physical, 48 bits virtual
power management:

processor	: 2
vendor_id	: GenuineIntel
cpu family	: 6
model		: 94
model name	: Intel(R) Core(TM) i5-6600T CPU @ 2.70GHz
stepping	: 3
microcode	: 0xc2
cpu MHz		: 3299.853
cache size	: 6144 KB
physical id	: 0
siblings	: 4
core id		: 2
cpu cores	: 4
apicid		: 4
initial apicid	: 4
fpu		: yes
fpu_exception	: yes
cpuid level	: 22
wp		: yes
flags		: fpu vme de pse tsc msr pae mce cx8 apic sep mtrr pge mca cmov pat pse36 clflush dts acpi mmx fxsr sse sse2 ss ht tm pbe syscall nx pdpe1gb rdtscp lm constant_tsc art arch_perfmon pebs bts rep_good nopl xtopology nonstop_tsc aperfmperf eagerfpu pni pclmulqdq dtes64 monitor ds_cpl vmx smx est tm2 ssse3 sdbg fma cx16 xtpr pdcm pcid sse4_1 sse4_2 x2apic movbe popcnt tsc_deadline_timer aes xsave avx f16c rdrand lahf_lm abm 3dnowprefetch epb invpcid_single kaiser tpr_shadow vnmi flexpriority ept vpid fsgsbase tsc_adjust bmi1 hle avx2 smep bmi2 erms invpcid rtm mpx rdseed adx smap clflushopt intel_pt xsaveopt xsavec xgetbv1 xsaves dtherm ida arat pln pts hwp hwp_notify hwp_act_window hwp_epp
bugs		: cpu_meltdown spectre_v1 spectre_v2
bogomips	: 5424.00
clflush size	: 64
cache_alignment	: 64
address sizes	: 39 bits physical, 48 bits virtual
power management:

processor	: 3
vendor_id	: GenuineIntel
cpu family	: 6
model		: 94
model name	: Intel(R) Core(TM) i5-6600T CPU @ 2.70GHz
stepping	: 3
microcode	: 0xc2
cpu MHz		: 3299.359
cache size	: 6144 KB
physical id	: 0
siblings	: 4
core id		: 3
cpu cores	: 4
apicid		: 6
initial apicid	: 6
fpu		: yes
fpu_exception	: yes
cpuid level	: 22
wp		: yes
flags		: fpu vme de pse tsc msr pae mce cx8 apic sep mtrr pge mca cmov pat pse36 clflush dts acpi mmx fxsr sse sse2 ss ht tm pbe syscall nx pdpe1gb rdtscp lm constant_tsc art arch_perfmon pebs bts rep_good nopl xtopology nonstop_tsc aperfmperf eagerfpu pni pclmulqdq dtes64 monitor ds_cpl vmx smx est tm2 ssse3 sdbg fma cx16 xtpr pdcm pcid sse4_1 sse4_2 x2apic movbe popcnt tsc_deadline_timer aes xsave avx f16c rdrand lahf_lm abm 3dnowprefetch epb invpcid_single kaiser tpr_shadow vnmi flexpriority ept vpid fsgsbase tsc_adjust bmi1 hle avx2 smep bmi2 erms invpcid rtm mpx rdseed adx smap clflushopt intel_pt xsaveopt xsavec xgetbv1 xsaves dtherm ida arat pln pts hwp hwp_notify hwp_act_window hwp_epp
bugs		: cpu_meltdown spectre_v1 spectre_v2
bogomips	: 5424.00
clflush size	: 64
cache_alignment	: 64
address sizes	: 39 bits physical, 48 bits virtual
power management:



Memory: 4k page, physical 16089700k(145780k free), swap 2097148k(0k free)

vm_info: OpenJDK Server VM (25.171-b11) for linux-x86 JRE (1.8.0_171-8u171-b11-1~bpo8+1-b11), built on May 15 2018 21:14:08 by "buildd" with gcc 4.9.2

time: Fri May 18 10:09:46 2018
elapsed time: 19 seconds (0d 0h 0m 19s)

