#
# There is insufficient memory for the Java Runtime Environment to continue.
# Native memory allocation (mmap) failed to map 29884416 bytes for committing reserved memory.
# Possible reasons:
#   The system is out of physical RAM or swap space
#   In 32 bit mode, the process size limit was hit
# Possible solutions:
#   Reduce memory load on the system
#   Increase physical memory or swap space
#   Check if swap backing store is full
#   Use 64 bit Java on a 64 bit OS
#   Decrease Java heap size (-Xmx/-Xms)
#   Decrease number of Java threads
#   Decrease Java thread stack sizes (-Xss)
#   Set larger code cache with -XX:ReservedCodeCacheSize=
# This output file may be truncated or incomplete.
#
#  Out of Memory Error (os_linux.cpp:2643), pid=12502, tid=0xa3896b40
#
# JRE version: OpenJDK Runtime Environment (8.0_171-b11) (build 1.8.0_171-8u171-b11-1~bpo8+1-b11)
# Java VM: OpenJDK Server VM (25.171-b11 mixed mode linux-x86 )
# Failed to write core dump. Core dumps have been disabled. To enable core dumping, try "ulimit -c unlimited" before starting Java again
#

---------------  T H R E A D  ---------------

Current thread (0xa3780c00):  VMThread [stack: 0xa3816000,0xa3897000] [id=12513]

Stack: [0xa3816000,0xa3897000],  sp=0xa3895b70,  free space=510k
Native frames: (J=compiled Java code, j=interpreted, Vv=VM code, C=native code)
V  [libjvm.so+0x900990]
V  [libjvm.so+0x3c5c66]
V  [libjvm.so+0x769b60]
V  [libjvm.so+0x763cb3]
V  [libjvm.so+0x7d7fdc]
V  [libjvm.so+0x7d9079]
V  [libjvm.so+0x7d5a59]
V  [libjvm.so+0x7d6303]
V  [libjvm.so+0x78dae5]
V  [libjvm.so+0x9024e9]
V  [libjvm.so+0x9079d6]
V  [libjvm.so+0x905cf9]
V  [libjvm.so+0x906233]
V  [libjvm.so+0x90677b]
V  [libjvm.so+0x766cb5]
C  [libpthread.so.0+0x6326]  start_thread+0xf6

VM_Operation (0xa27cb414): ParallelGCFailedAllocation, mode: safepoint, requested by thread 0xa2b4ac00


---------------  P R O C E S S  ---------------

Java Threads: ( => current thread )
  0xa35dc800 JavaThread "TimerQueue" daemon [_thread_blocked, id=12526, stack(0xa262b000,0xa267c000)]
  0xf6108000 JavaThread "DestroyJavaVM" [_thread_blocked, id=12508, stack(0xf62ab000,0xf62fc000)]
  0xa2b4ac00 JavaThread "AWT-EventQueue-0" [_thread_blocked, id=12525, stack(0xa277c000,0xa27cd000)]
  0xa2b49c00 JavaThread "AWT-Shutdown" [_thread_blocked, id=12524, stack(0xa27cd000,0xa281e000)]
  0xa2b47000 JavaThread "AWT-XAWT" daemon [_thread_blocked, id=12523, stack(0xa281e000,0xa286f000)]
  0xa2b33800 JavaThread "Java2D Disposer" daemon [_thread_blocked, id=12522, stack(0xa286f000,0xa28c0000)]
  0xa37b4000 JavaThread "Service Thread" daemon [_thread_blocked, id=12520, stack(0xa2fdb000,0xa302c000)]
  0xa37a8c00 JavaThread "C1 CompilerThread2" daemon [_thread_blocked, id=12519, stack(0xa302c000,0xa30ad000)]
  0xa37a7000 JavaThread "C2 CompilerThread1" daemon [_thread_blocked, id=12518, stack(0xa30ad000,0xa312e000)]
  0xa37a5000 JavaThread "C2 CompilerThread0" daemon [_thread_blocked, id=12517, stack(0xa312e000,0xa31af000)]
  0xa37a3800 JavaThread "Signal Dispatcher" daemon [_thread_blocked, id=12516, stack(0xa31af000,0xa3200000)]
  0xa3788400 JavaThread "Finalizer" daemon [_thread_blocked, id=12515, stack(0xa365e000,0xa36af000)]
  0xa3785400 JavaThread "Reference Handler" daemon [_thread_blocked, id=12514, stack(0xa36af000,0xa3700000)]

Other Threads:
=>0xa3780c00 VMThread [stack: 0xa3816000,0xa3897000] [id=12513]
  0xa37b5c00 WatcherThread [stack: 0xa2f5a000,0xa2fdb000] [id=12521]

VM state:at safepoint (normal execution)

VM Mutex/Monitor currently owned by a thread:  ([mutex/lock_event])
[0xf6106bb0] Threads_lock - owner thread: 0xa3780c00
[0xf6107010] Heap_lock - owner thread: 0xa2b4ac00

Heap:
 PSYoungGen      total 109568K, used 54514K [0xd16c0000, 0xdcb00000, 0xe6c00000)
  eden space 55040K, 0% used [0xd16c0000,0xd16c0000,0xd4c80000)
  from space 54528K, 99% used [0xd95c0000,0xdcafc888,0xdcb00000)
  to   space 37632K, 0% used [0xd4c80000,0xd4c80000,0xd7140000)
 ParOldGen       total 147200K, used 107667K [0xa6c00000, 0xafbc0000, 0xd16c0000)
  object space 147200K, 73% used [0xa6c00000,0xad524f20,0xafbc0000)
 Metaspace       used 5643K, capacity 5831K, committed 5912K, reserved 6448K

Card table byte_map: [0xa69ff000,0xa6c00000] byte_map_base: 0xa64c9000

Marking Bits: (ParMarkBitMap*) 0xf711d280
 Begin Bits: [0xa4300000, 0xa5300000)
 End Bits:   [0xa5300000, 0xa6300000)

Polling page: 0xf778c000

CodeCache: size=245760Kb used=1919Kb max_used=1920Kb free=243840Kb
 bounds [0xe7100000, 0xe7340000, 0xf6100000]
 total_blobs=840 nmethods=587 adapters=168
 compilation: enabled

Compilation events (10 events):
Event: 1.194 Thread 0xa37a7000 nmethod 587 0xe72c7c88 code [0xe72c7e00, 0xe72c83b8]
Event: 1.195 Thread 0xa37a7000  589       4       PriorityQueue::remove (186 bytes)
Event: 1.207 Thread 0xa37a7000 nmethod 589 0xe72cb248 code [0xe72cb420, 0xe72cbf30]
Event: 1.207 Thread 0xa37a7000  590       4       Map::getAdjacentMaps (192 bytes)
Event: 1.261 Thread 0xa37a7000 nmethod 590 0xe72d18c8 code [0xe72d1d60, 0xe72d3d18]
Event: 1.429 Thread 0xa37a7000  591       4       java.util.HashSet::iterator (13 bytes)
Event: 1.433 Thread 0xa37a7000 nmethod 591 0xe72c94c8 code [0xe72c9600, 0xe72c9990]
Event: 1.498 Thread 0xa37a5000 nmethod 584 0xe72d8408 code [0xe72d8940, 0xe72dc59c]
Event: 1.500 Thread 0xa37a8c00  592 %     3       WeightedAstarSearch::findTotalDistanceToGoal @ 121 (231 bytes)
Event: 1.501 Thread 0xa37a8c00 nmethod 592% 0xe72cd448 code [0xe72cd900, 0xe72cfba8]

GC Heap History (10 events):
Event: 0.725 GC heap after
Heap after GC invocations=5 (full 1):
 PSYoungGen      total 47616K, used 2560K [0xd16c0000, 0xd5cc0000, 0xe6c00000)
  eden space 45056K, 0% used [0xd16c0000,0xd16c0000,0xd42c0000)
  from space 2560K, 100% used [0xd5a40000,0xd5cc0000,0xd5cc0000)
  to   space 2560K, 0% used [0xd57c0000,0xd57c0000,0xd5a40000)
 ParOldGen       total 79360K, used 47851K [0xa6c00000, 0xab980000, 0xd16c0000)
  object space 79360K, 60% used [0xa6c00000,0xa9abad60,0xab980000)
 Metaspace       used 5642K, capacity 5831K, committed 5912K, reserved 6448K
}
Event: 0.827 GC heap before
{Heap before GC invocations=6 (full 1):
 PSYoungGen      total 47616K, used 47616K [0xd16c0000, 0xd5cc0000, 0xe6c00000)
  eden space 45056K, 100% used [0xd16c0000,0xd42c0000,0xd42c0000)
  from space 2560K, 100% used [0xd5a40000,0xd5cc0000,0xd5cc0000)
  to   space 2560K, 0% used [0xd57c0000,0xd57c0000,0xd5a40000)
 ParOldGen       total 79360K, used 47851K [0xa6c00000, 0xab980000, 0xd16c0000)
  object space 79360K, 60% used [0xa6c00000,0xa9abad60,0xab980000)
 Metaspace       used 5642K, capacity 5831K, committed 5912K, reserved 6448K
Event: 0.854 GC heap after
Heap after GC invocations=6 (full 1):
 PSYoungGen      total 64768K, used 2544K [0xd16c0000, 0xd8f00000, 0xe6c00000)
  eden space 62208K, 0% used [0xd16c0000,0xd16c0000,0xd5380000)
  from space 2560K, 99% used [0xd57c0000,0xd5a3c010,0xd5a40000)
  to   space 30464K, 0% used [0xd7140000,0xd7140000,0xd8f00000)
 ParOldGen       total 79360K, used 72188K [0xa6c00000, 0xab980000, 0xd16c0000)
  object space 79360K, 90% used [0xa6c00000,0xab27f0c8,0xab980000)
 Metaspace       used 5642K, capacity 5831K, committed 5912K, reserved 6448K
}
Event: 0.854 GC heap before
{Heap before GC invocations=7 (full 2):
 PSYoungGen      total 64768K, used 2544K [0xd16c0000, 0xd8f00000, 0xe6c00000)
  eden space 62208K, 0% used [0xd16c0000,0xd16c0000,0xd5380000)
  from space 2560K, 99% used [0xd57c0000,0xd5a3c010,0xd5a40000)
  to   space 30464K, 0% used [0xd7140000,0xd7140000,0xd8f00000)
 ParOldGen       total 79360K, used 72188K [0xa6c00000, 0xab980000, 0xd16c0000)
  object space 79360K, 90% used [0xa6c00000,0xab27f0c8,0xab980000)
 Metaspace       used 5642K, capacity 5831K, committed 5912K, reserved 6448K
Event: 1.007 GC heap after
Heap after GC invocations=7 (full 2):
 PSYoungGen      total 64768K, used 0K [0xd16c0000, 0xd8f00000, 0xe6c00000)
  eden space 62208K, 0% used [0xd16c0000,0xd16c0000,0xd5380000)
  from space 2560K, 0% used [0xd57c0000,0xd57c0000,0xd5a40000)
  to   space 30464K, 0% used [0xd7140000,0xd7140000,0xd8f00000)
 ParOldGen       total 147200K, used 74011K [0xa6c00000, 0xafbc0000, 0xd16c0000)
  object space 147200K, 50% used [0xa6c00000,0xab446f20,0xafbc0000)
 Metaspace       used 5642K, capacity 5831K, committed 5912K, reserved 6448K
}
Event: 1.157 GC heap before
{Heap before GC invocations=8 (full 2):
 PSYoungGen      total 64768K, used 62208K [0xd16c0000, 0xd8f00000, 0xe6c00000)
  eden space 62208K, 100% used [0xd16c0000,0xd5380000,0xd5380000)
  from space 2560K, 0% used [0xd57c0000,0xd57c0000,0xd5a40000)
  to   space 30464K, 0% used [0xd7140000,0xd7140000,0xd8f00000)
 ParOldGen       total 147200K, used 74011K [0xa6c00000, 0xafbc0000, 0xd16c0000)
  object space 147200K, 50% used [0xa6c00000,0xab446f20,0xafbc0000)
 Metaspace       used 5643K, capacity 5831K, committed 5912K, reserved 6448K
Event: 1.185 GC heap after
Heap after GC invocations=8 (full 2):
 PSYoungGen      total 85504K, used 30457K [0xd16c0000, 0xdaf00000, 0xe6c00000)
  eden space 55040K, 0% used [0xd16c0000,0xd16c0000,0xd4c80000)
  from space 30464K, 99% used [0xd7140000,0xd8efe6b8,0xd8f00000)
  to   space 37632K, 0% used [0xd4c80000,0xd4c80000,0xd7140000)
 ParOldGen       total 147200K, used 76691K [0xa6c00000, 0xafbc0000, 0xd16c0000)
  object space 147200K, 52% used [0xa6c00000,0xab6e4f20,0xafbc0000)
 Metaspace       used 5643K, capacity 5831K, committed 5912K, reserved 6448K
}
Event: 1.311 GC heap before
{Heap before GC invocations=9 (full 2):
 PSYoungGen      total 85504K, used 85497K [0xd16c0000, 0xdaf00000, 0xe6c00000)
  eden space 55040K, 100% used [0xd16c0000,0xd4c80000,0xd4c80000)
  from space 30464K, 99% used [0xd7140000,0xd8efe6b8,0xd8f00000)
  to   space 37632K, 0% used [0xd4c80000,0xd4c80000,0xd7140000)
 ParOldGen       total 147200K, used 76691K [0xa6c00000, 0xafbc0000, 0xd16c0000)
  object space 147200K, 52% used [0xa6c00000,0xab6e4f20,0xafbc0000)
 Metaspace       used 5643K, capacity 5831K, committed 5912K, reserved 6448K
Event: 1.382 GC heap after
Heap after GC invocations=9 (full 2):
 PSYoungGen      total 92672K, used 37626K [0xd16c0000, 0xdcb00000, 0xe6c00000)
  eden space 55040K, 0% used [0xd16c0000,0xd16c0000,0xd4c80000)
  from space 37632K, 99% used [0xd4c80000,0xd713ea38,0xd7140000)
  to   space 54528K, 0% used [0xd95c0000,0xd95c0000,0xdcb00000)
 ParOldGen       total 147200K, used 97151K [0xa6c00000, 0xafbc0000, 0xd16c0000)
  object space 147200K, 65% used [0xa6c00000,0xacadff20,0xafbc0000)
 Metaspace       used 5643K, capacity 5831K, committed 5912K, reserved 6448K
}
Event: 1.524 GC heap before
{Heap before GC invocations=10 (full 2):
 PSYoungGen      total 92672K, used 92666K [0xd16c0000, 0xdcb00000, 0xe6c00000)
  eden space 55040K, 100% used [0xd16c0000,0xd4c80000,0xd4c80000)
  from space 37632K, 99% used [0xd4c80000,0xd713ea38,0xd7140000)
  to   space 54528K, 0% used [0xd95c0000,0xd95c0000,0xdcb00000)
 ParOldGen       total 147200K, used 97151K [0xa6c00000, 0xafbc0000, 0xd16c0000)
  object space 147200K, 65% used [0xa6c00000,0xacadff20,0xafbc0000)
 Metaspace       used 5643K, capacity 5831K, committed 5912K, reserved 6448K

Deoptimization events (10 events):
Event: 1.019 Thread 0xa2b4ac00 Uncommon trap: reason=unstable_if action=reinterpret pc=0xe7280374 method=java.util.HashMap.putVal(ILjava/lang/Object;Ljava/lang/Object;ZZ)Ljava/lang/Object; @ 162
Event: 1.116 Thread 0xa2b4ac00 Uncommon trap: reason=unstable_if action=reinterpret pc=0xe7295c94 method=java.util.HashMap.getNode(ILjava/lang/Object;)Ljava/util/HashMap$Node; @ 84
Event: 1.116 Thread 0xa2b4ac00 Uncommon trap: reason=unstable_if action=reinterpret pc=0xe7272894 method=java.util.HashMap.putVal(ILjava/lang/Object;Ljava/lang/Object;ZZ)Ljava/lang/Object; @ 109
Event: 1.131 Thread 0xa2b4ac00 Uncommon trap: reason=unstable_if action=reinterpret pc=0xe728656c method=Map.putOnMapV(LCarInterface;)Z @ 38
Event: 1.131 Thread 0xa2b4ac00 Uncommon trap: reason=unstable_if action=reinterpret pc=0xe7279ccc method=Map.putOnMapV(LCarInterface;)Z @ 38
Event: 1.131 Thread 0xa2b4ac00 Uncommon trap: reason=unstable_if action=reinterpret pc=0xe7294454 method=PriorityQueue.remove()Ljava/lang/Object; @ 51
Event: 1.131 Thread 0xa2b4ac00 Uncommon trap: reason=unstable_if action=reinterpret pc=0xe72b4918 method=Map.isMoveable(LCarInterface;I)Z @ 146
Event: 1.131 Thread 0xa2b4ac00 Uncommon trap: reason=unstable_if action=reinterpret pc=0xe7269a38 method=Map.isMoveable(LCarInterface;I)Z @ 146
Event: 1.131 Thread 0xa2b4ac00 Uncommon trap: reason=unstable_if action=reinterpret pc=0xe7297f00 method=Map.isMoveable(LCarInterface;I)Z @ 146
Event: 1.419 Thread 0xa2b4ac00 Uncommon trap: reason=unstable_if action=reinterpret pc=0xe72bd024 method=WeightedAstarSearch.findTotalDistanceToGoal(LState;)I @ 141

Classes redefined (0 events):
No events

Internal exceptions (10 events):
Event: 0.085 Thread 0xf6108000 Exception <a 'java/lang/NoSuchFieldError': method resolution failed> (0xd185cb60) thrown at [/build/openjdk-8-rcxM0S/openjdk-8-8u171-b11/src/hotspot/src/share/vm/prims/methodHandles.cpp, line 1167]
Event: 0.086 Thread 0xf6108000 Exception <a 'java/lang/NoSuchFieldError': method resolution failed> (0xd1868d58) thrown at [/build/openjdk-8-rcxM0S/openjdk-8-8u171-b11/src/hotspot/src/share/vm/prims/methodHandles.cpp, line 1167]
Event: 0.100 Thread 0xf6108000 Exception <a 'java/security/PrivilegedActionException'> (0xd18e6390) thrown at [/build/openjdk-8-rcxM0S/openjdk-8-8u171-b11/src/hotspot/src/share/vm/prims/jvm.cpp, line 1435]
Event: 0.100 Thread 0xf6108000 Exception <a 'java/security/PrivilegedActionException'> (0xd18e6590) thrown at [/build/openjdk-8-rcxM0S/openjdk-8-8u171-b11/src/hotspot/src/share/vm/prims/jvm.cpp, line 1435]
Event: 0.100 Thread 0xf6108000 Exception <a 'java/security/PrivilegedActionException'> (0xd18e8140) thrown at [/build/openjdk-8-rcxM0S/openjdk-8-8u171-b11/src/hotspot/src/share/vm/prims/jvm.cpp, line 1435]
Event: 0.100 Thread 0xf6108000 Exception <a 'java/security/PrivilegedActionException'> (0xd18e8340) thrown at [/build/openjdk-8-rcxM0S/openjdk-8-8u171-b11/src/hotspot/src/share/vm/prims/jvm.cpp, line 1435]
Event: 0.100 Thread 0xf6108000 Exception <a 'java/security/PrivilegedActionException'> (0xd18e8ce8) thrown at [/build/openjdk-8-rcxM0S/openjdk-8-8u171-b11/src/hotspot/src/share/vm/prims/jvm.cpp, line 1435]
Event: 0.100 Thread 0xf6108000 Exception <a 'java/security/PrivilegedActionException'> (0xd18e8ee8) thrown at [/build/openjdk-8-rcxM0S/openjdk-8-8u171-b11/src/hotspot/src/share/vm/prims/jvm.cpp, line 1435]
Event: 0.104 Thread 0xf6108000 Exception <a 'java/io/FileNotFoundException'> (0xd18f9cc0) thrown at [/build/openjdk-8-rcxM0S/openjdk-8-8u171-b11/src/hotspot/src/share/vm/prims/jni.cpp, line 709]
Event: 0.114 Thread 0xf6108000 Exception <a 'java/lang/ClassNotFoundException': sun/dc/DuctusRenderingEngine> (0xd1906f48) thrown at [/build/openjdk-8-rcxM0S/openjdk-8-8u171-b11/src/hotspot/src/share/vm/classfile/systemDictionary.cpp, line 210]

Events (10 events):
Event: 1.157 Executing VM operation: ParallelGCFailedAllocation
Event: 1.185 Executing VM operation: ParallelGCFailedAllocation done
Event: 1.185 loading class javax/swing/Timer$1
Event: 1.185 loading class javax/swing/Timer$1 done
Event: 1.311 Executing VM operation: ParallelGCFailedAllocation
Event: 1.382 Executing VM operation: ParallelGCFailedAllocation done
Event: 1.419 Thread 0xa2b4ac00 Uncommon trap: trap_request=0xffffff65 fr.pc=0xe72bd024
Event: 1.419 Thread 0xa2b4ac00 DEOPT PACKING pc=0xe72bd024 sp=0xa27cb760
Event: 1.419 Thread 0xa2b4ac00 DEOPT UNPACKING pc=0xe713abdf sp=0xa27cb778 mode 2
Event: 1.524 Executing VM operation: ParallelGCFailedAllocation


Dynamic libraries:
08048000-08049000 r-xp 00000000 08:01 1879842                            /usr/lib/jvm/java-8-openjdk-i386/jre/bin/java
08049000-0804a000 r--p 00000000 08:01 1879842                            /usr/lib/jvm/java-8-openjdk-i386/jre/bin/java
0804a000-0804b000 rw-p 00001000 08:01 1879842                            /usr/lib/jvm/java-8-openjdk-i386/jre/bin/java
08dae000-08e1a000 rw-p 00000000 00:00 0                                  [heap]
a1800000-a18e3000 rw-p 00000000 00:00 0 
a18e3000-a1900000 ---p 00000000 00:00 0 
a1a00000-a1af9000 rw-p 00000000 00:00 0 
a1af9000-a1b00000 ---p 00000000 00:00 0 
a1c00000-a1cf9000 rw-p 00000000 00:00 0 
a1cf9000-a1d00000 ---p 00000000 00:00 0 
a1e00000-a1eed000 rw-p 00000000 00:00 0 
a1eed000-a1f00000 ---p 00000000 00:00 0 
a2000000-a20f9000 rw-p 00000000 00:00 0 
a20f9000-a2100000 ---p 00000000 00:00 0 
a2100000-a2200000 rw-p 00000000 00:00 0 
a2200000-a2239000 rw-p 00000000 00:00 0 
a2239000-a2300000 ---p 00000000 00:00 0 
a2400000-a24ed000 rw-p 00000000 00:00 0 
a24ed000-a2500000 ---p 00000000 00:00 0 
a252b000-a25ab000 rw-p 00000000 00:00 0 
a25ab000-a262b000 ---p 00000000 00:00 0 
a262b000-a262e000 ---p 00000000 00:00 0 
a262e000-a267c000 rw-p 00000000 00:00 0 
a267c000-a277c000 rw-p 00000000 00:00 0 
a277c000-a277f000 ---p 00000000 00:00 0 
a277f000-a27cd000 rw-p 00000000 00:00 0 
a27cd000-a27d0000 ---p 00000000 00:00 0 
a27d0000-a281e000 rw-p 00000000 00:00 0 
a281e000-a2821000 ---p 00000000 00:00 0 
a2821000-a286f000 rw-p 00000000 00:00 0 
a286f000-a2872000 ---p 00000000 00:00 0 
a2872000-a28c0000 rw-p 00000000 00:00 0 
a28c0000-a28f8000 r-xp 00000000 08:01 1862408                            /usr/lib/i386-linux-gnu/libpng16.so.16.28.0
a28f8000-a28f9000 r--p 00037000 08:01 1862408                            /usr/lib/i386-linux-gnu/libpng16.so.16.28.0
a28f9000-a28fa000 rw-p 00038000 08:01 1862408                            /usr/lib/i386-linux-gnu/libpng16.so.16.28.0
a28fa000-a29a9000 r-xp 00000000 08:01 1863297                            /usr/lib/i386-linux-gnu/libfreetype.so.6.12.3
a29a9000-a29ad000 r--p 000ae000 08:01 1863297                            /usr/lib/i386-linux-gnu/libfreetype.so.6.12.3
a29ad000-a29ae000 rw-p 000b2000 08:01 1863297                            /usr/lib/i386-linux-gnu/libfreetype.so.6.12.3
a29ae000-a2afb000 r-xp 00000000 08:01 1862839                            /usr/lib/i386-linux-gnu/libX11.so.6.3.0
a2afb000-a2afd000 r--p 0014d000 08:01 1862839                            /usr/lib/i386-linux-gnu/libX11.so.6.3.0
a2afd000-a2b00000 rw-p 0014f000 08:01 1862839                            /usr/lib/i386-linux-gnu/libX11.so.6.3.0
a2b00000-a2b64000 rw-p 00000000 00:00 0 
a2b64000-a2c00000 ---p 00000000 00:00 0 
a2c01000-a2c0b000 r-xp 00000000 08:01 1861221                            /usr/lib/i386-linux-gnu/libXcursor.so.1.0.2
a2c0b000-a2c0c000 r--p 00009000 08:01 1861221                            /usr/lib/i386-linux-gnu/libXcursor.so.1.0.2
a2c0c000-a2c0d000 rw-p 0000a000 08:01 1861221                            /usr/lib/i386-linux-gnu/libXcursor.so.1.0.2
a2c0d000-a2c5a000 r-xp 00000000 08:01 1879915                            /usr/lib/jvm/java-8-openjdk-i386/jre/lib/i386/libfontmanager.so
a2c5a000-a2c5d000 r--p 0004c000 08:01 1879915                            /usr/lib/jvm/java-8-openjdk-i386/jre/lib/i386/libfontmanager.so
a2c5d000-a2c5e000 rw-p 0004f000 08:01 1879915                            /usr/lib/jvm/java-8-openjdk-i386/jre/lib/i386/libfontmanager.so
a2c5e000-a2c82000 r-xp 00000000 08:01 1862362                            /usr/lib/i386-linux-gnu/libxcb.so.1.1.0
a2c82000-a2c83000 r--p 00023000 08:01 1862362                            /usr/lib/i386-linux-gnu/libxcb.so.1.1.0
a2c83000-a2c84000 rw-p 00024000 08:01 1862362                            /usr/lib/i386-linux-gnu/libxcb.so.1.1.0
a2cab000-a2cfc000 r-xp 00000000 08:01 1879913                            /usr/lib/jvm/java-8-openjdk-i386/jre/lib/i386/libawt_xawt.so
a2cfc000-a2cfd000 r--p 00050000 08:01 1879913                            /usr/lib/jvm/java-8-openjdk-i386/jre/lib/i386/libawt_xawt.so
a2cfd000-a2cff000 rw-p 00051000 08:01 1879913                            /usr/lib/jvm/java-8-openjdk-i386/jre/lib/i386/libawt_xawt.so
a2cff000-a2d00000 rw-p 00000000 00:00 0 
a2d00000-a2e00000 rw-p 00000000 00:00 0 
a2e09000-a2e98000 r-xp 00000000 08:01 1879909                            /usr/lib/jvm/java-8-openjdk-i386/jre/lib/i386/libawt.so
a2e98000-a2e99000 r--p 0008e000 08:01 1879909                            /usr/lib/jvm/java-8-openjdk-i386/jre/lib/i386/libawt.so
a2e99000-a2ea0000 rw-p 0008f000 08:01 1879909                            /usr/lib/jvm/java-8-openjdk-i386/jre/lib/i386/libawt.so
a2ea0000-a2ec4000 rw-p 00000000 00:00 0 
a2ec4000-a2f5a000 r--s 008d6000 08:01 2623485                            /usr/share/java/openjfx/jre/lib/ext/jfxrt.jar
a2f5a000-a2f5b000 ---p 00000000 00:00 0 
a2f5b000-a2fdb000 rw-p 00000000 00:00 0 
a2fdb000-a2fde000 ---p 00000000 00:00 0 
a2fde000-a302c000 rw-p 00000000 00:00 0 
a302c000-a302f000 ---p 00000000 00:00 0 
a302f000-a30ad000 rw-p 00000000 00:00 0 
a30ad000-a30b0000 ---p 00000000 00:00 0 
a30b0000-a312e000 rw-p 00000000 00:00 0 
a312e000-a3131000 ---p 00000000 00:00 0 
a3131000-a31af000 rw-p 00000000 00:00 0 
a31af000-a31b2000 ---p 00000000 00:00 0 
a31b2000-a3200000 rw-p 00000000 00:00 0 
a3200000-a3400000 r--p 00000000 08:01 1869449                            /usr/lib/locale/locale-archive
a3400000-a3421000 rw-p 00000000 00:00 0 
a3421000-a3500000 ---p 00000000 00:00 0 
a3500000-a3600000 rw-p 00000000 00:00 0 
a3601000-a3606000 r-xp 00000000 08:01 1862878                            /usr/lib/i386-linux-gnu/libXfixes.so.3.1.0
a3606000-a3607000 r--p 00004000 08:01 1862878                            /usr/lib/i386-linux-gnu/libXfixes.so.3.1.0
a3607000-a3608000 rw-p 00005000 08:01 1862878                            /usr/lib/i386-linux-gnu/libXfixes.so.3.1.0
a3608000-a360d000 r-xp 00000000 08:01 1862875                            /usr/lib/i386-linux-gnu/libXdmcp.so.6.0.0
a360d000-a360e000 rw-p 00004000 08:01 1862875                            /usr/lib/i386-linux-gnu/libXdmcp.so.6.0.0
a360e000-a3610000 r-xp 00000000 08:01 1862847                            /usr/lib/i386-linux-gnu/libXau.so.6.0.0
a3610000-a3611000 r--p 00001000 08:01 1862847                            /usr/lib/i386-linux-gnu/libXau.so.6.0.0
a3611000-a3612000 rw-p 00002000 08:01 1862847                            /usr/lib/i386-linux-gnu/libXau.so.6.0.0
a3612000-a365e000 r--p 00231000 08:01 1869449                            /usr/lib/locale/locale-archive
a365e000-a3661000 ---p 00000000 00:00 0 
a3661000-a36af000 rw-p 00000000 00:00 0 
a36af000-a36b2000 ---p 00000000 00:00 0 
a36b2000-a3700000 rw-p 00000000 00:00 0 
a3700000-a37f9000 rw-p 00000000 00:00 0 
a37f9000-a3800000 ---p 00000000 00:00 0 
a3803000-a3814000 r-xp 00000000 08:01 1862891                            /usr/lib/i386-linux-gnu/libXi.so.6.1.0
a3814000-a3815000 r--p 00010000 08:01 1862891                            /usr/lib/i386-linux-gnu/libXi.so.6.1.0
a3815000-a3816000 rw-p 00011000 08:01 1862891                            /usr/lib/i386-linux-gnu/libXi.so.6.1.0
a3816000-a3817000 ---p 00000000 00:00 0 
a3817000-a38e5000 rw-p 00000000 00:00 0 
a38e5000-a3ab4000 r--s 03c2f000 08:01 1879978                            /usr/lib/jvm/java-8-openjdk-i386/jre/lib/rt.jar
a3ab4000-a3efa000 rw-p 00000000 00:00 0 
a3efa000-a3f00000 ---p 00000000 00:00 0 
a3f00000-a6300000 rw-p 00000000 00:00 0 
a6300000-a63fa000 rw-p 00000000 00:00 0 
a63fa000-a6400000 ---p 00000000 00:00 0 
a6403000-a640d000 r-xp 00000000 08:01 1862923                            /usr/lib/i386-linux-gnu/libXrender.so.1.3.0
a640d000-a640e000 r--p 00009000 08:01 1862923                            /usr/lib/i386-linux-gnu/libXrender.so.1.3.0
a640e000-a640f000 rw-p 0000a000 08:01 1862923                            /usr/lib/i386-linux-gnu/libXrender.so.1.3.0
a640f000-a6422000 r-xp 00000000 08:01 1862879                            /usr/lib/i386-linux-gnu/libXext.so.6.4.0
a6422000-a6423000 r--p 00012000 08:01 1862879                            /usr/lib/i386-linux-gnu/libXext.so.6.4.0
a6423000-a6424000 rw-p 00013000 08:01 1862879                            /usr/lib/i386-linux-gnu/libXext.so.6.4.0
a6424000-a647f000 rw-p 00000000 00:00 0 
a647f000-a6480000 ---p 00000000 00:00 0 
a6480000-a6500000 rw-p 00000000 00:00 0 
a6500000-a6521000 rw-p 00000000 00:00 0 
a6521000-a6600000 ---p 00000000 00:00 0 
a6600000-a66f9000 rw-p 00000000 00:00 0 
a66f9000-a6700000 ---p 00000000 00:00 0 
a6700000-a6721000 rw-p 00000000 00:00 0 
a6721000-a6800000 ---p 00000000 00:00 0 
a6803000-a6809000 r-xp 00000000 08:01 1862935                            /usr/lib/i386-linux-gnu/libXtst.so.6.1.0
a6809000-a680a000 r--p 00005000 08:01 1862935                            /usr/lib/i386-linux-gnu/libXtst.so.6.1.0
a680a000-a680b000 rw-p 00006000 08:01 1862935                            /usr/lib/i386-linux-gnu/libXtst.so.6.1.0
a680b000-a6810000 r--s 002f9000 08:01 1879877                            /usr/lib/jvm/java-8-openjdk-i386/jre/lib/charsets.jar
a6810000-a6815000 r--s 002f9000 08:01 1879877                            /usr/lib/jvm/java-8-openjdk-i386/jre/lib/charsets.jar
a6815000-a6828000 r--s 00346000 08:01 1879977                            /usr/lib/jvm/java-8-openjdk-i386/jre/lib/resources.jar
a6828000-a6829000 ---p 00000000 00:00 0 
a6829000-a68a9000 rw-p 00000000 00:00 0 
a68a9000-a68f1000 rw-p 00000000 00:00 0 
a68f1000-a69ff000 ---p 00000000 00:00 0 
a69ff000-a6a47000 rw-p 00000000 00:00 0 
a6a47000-a6b54000 ---p 00000000 00:00 0 
a6b54000-a6baf000 rw-p 00000000 00:00 0 
a6baf000-a6bff000 ---p 00000000 00:00 0 
a6bff000-afbc0000 rw-p 00000000 00:00 0 
afbc0000-d16c0000 ---p 00000000 00:00 0 
d16c0000-dcb00000 rw-p 00000000 00:00 0 
de780000-e6c00000 ---p 00000000 00:00 0 
e6c02000-e6c04000 r--s 00016000 08:01 1879971                            /usr/lib/jvm/java-8-openjdk-i386/jre/lib/jce.jar
e6c04000-e6c09000 r--s 0009d000 08:01 1879973                            /usr/lib/jvm/java-8-openjdk-i386/jre/lib/jsse.jar
e6c09000-e6c24000 r--s 001d6000 08:01 1879891                            /usr/lib/jvm/java-8-openjdk-i386/jre/lib/ext/nashorn.jar
e6c24000-e6c26000 r--s 00008000 08:01 1879892                            /usr/lib/jvm/java-8-openjdk-i386/jre/lib/ext/sunec.jar
e6c26000-e6c29000 r--s 00038000 08:01 1879894                            /usr/lib/jvm/java-8-openjdk-i386/jre/lib/ext/sunpkcs11.jar
e6c29000-e6c33000 r--s 00116000 08:01 1879890                            /usr/lib/jvm/java-8-openjdk-i386/jre/lib/ext/localedata.jar
e6c33000-e6c36000 r--s 0000f000 08:01 1879888                            /usr/lib/jvm/java-8-openjdk-i386/jre/lib/ext/icedtea-sound.jar
e6c36000-e6c3c000 r--s 0003b000 08:01 1879893                            /usr/lib/jvm/java-8-openjdk-i386/jre/lib/ext/sunjce_provider.jar
e6c3c000-e6c3e000 r--s 00001000 08:01 1879886                            /usr/lib/jvm/java-8-openjdk-i386/jre/lib/ext/dnsns.jar
e6c3e000-e6c3f000 ---p 00000000 00:00 0 
e6c3f000-e6cbf000 rw-p 00000000 00:00 0 
e6cbf000-e6cc0000 ---p 00000000 00:00 0 
e6cc0000-e6d40000 rw-p 00000000 00:00 0 
e6d40000-e6d49000 rw-p 00000000 00:00 0 
e6d49000-e7100000 ---p 00000000 00:00 0 
e7100000-e7340000 rwxp 00000000 00:00 0 
e7340000-f6100000 ---p 00000000 00:00 0 
f6100000-f61fd000 rw-p 00000000 00:00 0 
f61fd000-f6200000 ---p 00000000 00:00 0 
f6201000-f621c000 r--s 00394000 08:01 1879885                            /usr/lib/jvm/java-8-openjdk-i386/jre/lib/ext/cldrdata.jar
f621c000-f6234000 rw-p 00000000 00:00 0 
f6234000-f6277000 r--s 00000000 08:01 3457278                            /var/cache/nscd/passwd
f6277000-f629f000 r-xp 00000000 08:01 1879926                            /usr/lib/jvm/java-8-openjdk-i386/jre/lib/i386/libjava.so
f629f000-f62a0000 r--p 00027000 08:01 1879926                            /usr/lib/jvm/java-8-openjdk-i386/jre/lib/i386/libjava.so
f62a0000-f62a1000 rw-p 00028000 08:01 1879926                            /usr/lib/jvm/java-8-openjdk-i386/jre/lib/i386/libjava.so
f62a1000-f62a8000 r-xp 00000000 08:01 2474787                            /lib/i386-linux-gnu/librt-2.26.so
f62a8000-f62a9000 ---p 00007000 08:01 2474787                            /lib/i386-linux-gnu/librt-2.26.so
f62a9000-f62aa000 r--p 00007000 08:01 2474787                            /lib/i386-linux-gnu/librt-2.26.so
f62aa000-f62ab000 rw-p 00008000 08:01 2474787                            /lib/i386-linux-gnu/librt-2.26.so
f62ab000-f62ae000 ---p 00000000 00:00 0 
f62ae000-f62fc000 rw-p 00000000 00:00 0 
f62fc000-f6317000 r-xp 00000000 08:01 2474699                            /lib/i386-linux-gnu/libgcc_s.so.1
f6317000-f6318000 r--p 0001a000 08:01 2474699                            /lib/i386-linux-gnu/libgcc_s.so.1
f6318000-f6319000 rw-p 0001b000 08:01 2474699                            /lib/i386-linux-gnu/libgcc_s.so.1
f6319000-f6412000 r-xp 00000000 08:01 2474694                            /lib/i386-linux-gnu/libm-2.26.so
f6412000-f6413000 r--p 000f8000 08:01 2474694                            /lib/i386-linux-gnu/libm-2.26.so
f6413000-f6414000 rw-p 000f9000 08:01 2474694                            /lib/i386-linux-gnu/libm-2.26.so
f6414000-f6587000 r-xp 00000000 08:01 1860596                            /usr/lib/i386-linux-gnu/libstdc++.so.6.0.24
f6587000-f658d000 r--p 00172000 08:01 1860596                            /usr/lib/i386-linux-gnu/libstdc++.so.6.0.24
f658d000-f658e000 rw-p 00178000 08:01 1860596                            /usr/lib/i386-linux-gnu/libstdc++.so.6.0.24
f658e000-f6591000 rw-p 00000000 00:00 0 
f6591000-f70a8000 r-xp 00000000 08:01 1879958                            /usr/lib/jvm/java-8-openjdk-i386/jre/lib/i386/server/libjvm.so
f70a8000-f70f7000 r--p 00b16000 08:01 1879958                            /usr/lib/jvm/java-8-openjdk-i386/jre/lib/i386/server/libjvm.so
f70f7000-f710e000 rw-p 00b65000 08:01 1879958                            /usr/lib/jvm/java-8-openjdk-i386/jre/lib/i386/server/libjvm.so
f710e000-f752e000 rw-p 00000000 00:00 0 
f752e000-f7530000 rw-p 00000000 00:00 0 
f7530000-f7546000 r-xp 00000000 08:01 2474729                            /lib/i386-linux-gnu/libnsl-2.26.so
f7546000-f7547000 ---p 00016000 08:01 2474729                            /lib/i386-linux-gnu/libnsl-2.26.so
f7547000-f7548000 r--p 00016000 08:01 2474729                            /lib/i386-linux-gnu/libnsl-2.26.so
f7548000-f7549000 rw-p 00017000 08:01 2474729                            /lib/i386-linux-gnu/libnsl-2.26.so
f7549000-f754b000 rw-p 00000000 00:00 0 
f754b000-f7718000 r-xp 00000000 08:01 2474667                            /lib/i386-linux-gnu/libc-2.26.so
f7718000-f7719000 ---p 001cd000 08:01 2474667                            /lib/i386-linux-gnu/libc-2.26.so
f7719000-f771b000 r--p 001cd000 08:01 2474667                            /lib/i386-linux-gnu/libc-2.26.so
f771b000-f771c000 rw-p 001cf000 08:01 2474667                            /lib/i386-linux-gnu/libc-2.26.so
f771c000-f771f000 rw-p 00000000 00:00 0 
f771f000-f7722000 r-xp 00000000 08:01 2474690                            /lib/i386-linux-gnu/libdl-2.26.so
f7722000-f7723000 r--p 00002000 08:01 2474690                            /lib/i386-linux-gnu/libdl-2.26.so
f7723000-f7724000 rw-p 00003000 08:01 2474690                            /lib/i386-linux-gnu/libdl-2.26.so
f7724000-f7731000 r-xp 00000000 08:01 1879903                            /usr/lib/jvm/java-8-openjdk-i386/jre/lib/i386/jli/libjli.so
f7731000-f7732000 r--p 0000c000 08:01 1879903                            /usr/lib/jvm/java-8-openjdk-i386/jre/lib/i386/jli/libjli.so
f7732000-f7733000 rw-p 0000d000 08:01 1879903                            /usr/lib/jvm/java-8-openjdk-i386/jre/lib/i386/jli/libjli.so
f7733000-f774a000 r-xp 00000000 08:01 2474817                            /lib/i386-linux-gnu/libz.so.1.2.7
f774a000-f774b000 r--p 00016000 08:01 2474817                            /lib/i386-linux-gnu/libz.so.1.2.7
f774b000-f774c000 rw-p 00017000 08:01 2474817                            /lib/i386-linux-gnu/libz.so.1.2.7
f774c000-f7767000 r-xp 00000000 08:01 2474761                            /lib/i386-linux-gnu/libpthread-2.26.so
f7767000-f7768000 r--p 0001a000 08:01 2474761                            /lib/i386-linux-gnu/libpthread-2.26.so
f7768000-f7769000 rw-p 0001b000 08:01 2474761                            /lib/i386-linux-gnu/libpthread-2.26.so
f7769000-f776b000 rw-p 00000000 00:00 0 
f776b000-f776c000 r-xp 00000000 08:01 2009778                            /usr/local/lib/innetgr.so
f776c000-f776d000 rw-p 00000000 08:01 2009778                            /usr/local/lib/innetgr.so
f776d000-f776e000 r--s 00010000 08:01 1879896                            /usr/lib/jvm/java-8-openjdk-i386/jre/lib/ext/zipfs.jar
f776e000-f7774000 r-xp 00000000 08:01 1863747                            /usr/lib/i386-linux-gnu/libgtk3-nocsd.so.0
f7774000-f7775000 ---p 00006000 08:01 1863747                            /usr/lib/i386-linux-gnu/libgtk3-nocsd.so.0
f7775000-f7776000 r--p 00006000 08:01 1863747                            /usr/lib/i386-linux-gnu/libgtk3-nocsd.so.0
f7776000-f7777000 rw-p 00007000 08:01 1863747                            /usr/lib/i386-linux-gnu/libgtk3-nocsd.so.0
f7777000-f7778000 r--s 0000a000 08:01 1879889                            /usr/lib/jvm/java-8-openjdk-i386/jre/lib/ext/jaccess.jar
f7778000-f7779000 r--s 00007000 08:01 2622551                            /usr/share/java/java-atk-wrapper.jar
f7779000-f7781000 r-xp 00000000 08:01 1879953                            /usr/lib/jvm/java-8-openjdk-i386/jre/lib/i386/libzip.so
f7781000-f7782000 r--p 00007000 08:01 1879953                            /usr/lib/jvm/java-8-openjdk-i386/jre/lib/i386/libzip.so
f7782000-f7783000 rw-p 00008000 08:01 1879953                            /usr/lib/jvm/java-8-openjdk-i386/jre/lib/i386/libzip.so
f7783000-f778b000 rw-s 00000000 08:01 2535313                            /tmp/hsperfdata_z5160123/12502
f778b000-f778c000 rw-p 00000000 00:00 0 
f778c000-f778d000 ---p 00000000 00:00 0 
f778d000-f779b000 r-xp 00000000 08:01 1879952                            /usr/lib/jvm/java-8-openjdk-i386/jre/lib/i386/libverify.so
f779b000-f779d000 r--p 0000d000 08:01 1879952                            /usr/lib/jvm/java-8-openjdk-i386/jre/lib/i386/libverify.so
f779d000-f779e000 rw-p 0000f000 08:01 1879952                            /usr/lib/jvm/java-8-openjdk-i386/jre/lib/i386/libverify.so
f779e000-f77a0000 rw-p 00000000 00:00 0 
f77a0000-f77a2000 r--p 00000000 00:00 0                                  [vvar]
f77a2000-f77a4000 r-xp 00000000 00:00 0                                  [vdso]
f77a4000-f77c9000 r-xp 00000000 08:01 2478470                            /lib/i386-linux-gnu/ld-2.26.so
f77c9000-f77ca000 r--p 00024000 08:01 2478470                            /lib/i386-linux-gnu/ld-2.26.so
f77ca000-f77cb000 rw-p 00025000 08:01 2478470                            /lib/i386-linux-gnu/ld-2.26.so
ffef0000-fff11000 rw-p 00000000 00:00 0                                  [stack]

VM Arguments:
jvm_args: -Dfile.encoding=ISO-8859-1 
java_command: Main
java_class_path (initial): /usr/lib/jvm/java-8-openjdk-i386/jre/lib/resources.jar:/usr/lib/jvm/java-8-openjdk-i386/jre/lib/rt.jar:/usr/lib/jvm/java-8-openjdk-i386/jre/lib/jsse.jar:/usr/lib/jvm/java-8-openjdk-i386/jre/lib/jce.jar:/usr/lib/jvm/java-8-openjdk-i386/jre/lib/charsets.jar:/usr/share/java/java-atk-wrapper.jar:/usr/lib/jvm/java-8-openjdk-i386/jre/lib/ext/cldrdata.jar:/usr/lib/jvm/java-8-openjdk-i386/jre/lib/ext/dnsns.jar:/usr/lib/jvm/java-8-openjdk-i386/jre/lib/ext/sunjce_provider.jar:/usr/lib/jvm/java-8-openjdk-i386/jre/lib/ext/icedtea-sound.jar:/usr/lib/jvm/java-8-openjdk-i386/jre/lib/ext/jfxrt.jar:/usr/lib/jvm/java-8-openjdk-i386/jre/lib/ext/localedata.jar:/usr/lib/jvm/java-8-openjdk-i386/jre/lib/ext/sunpkcs11.jar:/usr/lib/jvm/java-8-openjdk-i386/jre/lib/ext/sunec.jar:/usr/lib/jvm/java-8-openjdk-i386/jre/lib/ext/jaccess.jar:/usr/lib/jvm/java-8-openjdk-i386/jre/lib/ext/nashorn.jar:/usr/lib/jvm/java-8-openjdk-i386/jre/lib/ext/zipfs.jar:/tmp_amd/kamen/export/kamen/3/z5160123/cs2511/COMP2511Project/Car/bin
Launcher Type: SUN_STANDARD

Environment Variables:
PATH=/import/kamen/3/z5160123/bin-pc.i86.linux:/import/kamen/3/z5160123/bin:/usr/local/bin:/usr/bin:/bin
USERNAME=z5160123
LD_LIBRARY_PATH=/usr/lib/jvm/java-8-openjdk-i386/jre/lib/i386/server:/usr/lib/jvm/java-8-openjdk-i386/jre/lib/i386:
LD_PRELOAD=libgtk3-nocsd.so.0
SHELL=/usr/local/bin/bash
DISPLAY=:0.0
ARCH=pc.i86.linux

Signal Handlers:
SIGSEGV: [libjvm.so+0x901450], sa_mask[0]=11111111011111111101111111111110, sa_flags=SA_RESTART|SA_SIGINFO
SIGBUS: [libjvm.so+0x901450], sa_mask[0]=11111111011111111101111111111110, sa_flags=SA_RESTART|SA_SIGINFO
SIGFPE: [libjvm.so+0x7650d0], sa_mask[0]=11111111011111111101111111111110, sa_flags=SA_RESTART|SA_SIGINFO
SIGPIPE: [libjvm.so+0x7650d0], sa_mask[0]=11111111011111111101111111111110, sa_flags=SA_RESTART|SA_SIGINFO
SIGXFSZ: [libjvm.so+0x7650d0], sa_mask[0]=11111111011111111101111111111110, sa_flags=SA_RESTART|SA_SIGINFO
SIGILL: [libjvm.so+0x7650d0], sa_mask[0]=11111111011111111101111111111110, sa_flags=SA_RESTART|SA_SIGINFO
SIGUSR1: SIG_DFL, sa_mask[0]=00000000000000000000000000000000, sa_flags=none
SIGUSR2: [libjvm.so+0x764f10], sa_mask[0]=00100000000000000000000000000000, sa_flags=SA_RESTART|SA_SIGINFO
SIGHUP: [libjvm.so+0x7651a0], sa_mask[0]=11111111011111111101111111111110, sa_flags=SA_RESTART|SA_SIGINFO
SIGINT: [libjvm.so+0x7651a0], sa_mask[0]=11111111011111111101111111111110, sa_flags=SA_RESTART|SA_SIGINFO
SIGTERM: [libjvm.so+0x7651a0], sa_mask[0]=11111111011111111101111111111110, sa_flags=SA_RESTART|SA_SIGINFO
SIGQUIT: [libjvm.so+0x7651a0], sa_mask[0]=11111111011111111101111111111110, sa_flags=SA_RESTART|SA_SIGINFO


---------------  S Y S T E M  ---------------

OS:Debian 6.0.10

uname:Linux 4.9.0-0.bpo.6-amd64 #1 SMP Debian 4.9.82-1+deb9u3~bpo8+1 (2018-03-22) x86_64
libc:glibc 2.26 NPTL 2.26 
rlimit: STACK 8192k, CORE 0k, NPROC 62748, NOFILE 4096, AS infinity
load average:0.66 0.41 0.62

/proc/meminfo:
MemTotal:       16089700 kB
MemFree:          141636 kB
MemAvailable:          0 kB
Buffers:             548 kB
Cached:           160476 kB
SwapCached:        10336 kB
Active:         14412376 kB
Inactive:        1316776 kB
Active(anon):   14401864 kB
Inactive(anon):  1307976 kB
Active(file):      10512 kB
Inactive(file):     8800 kB
Unevictable:        7204 kB
Mlocked:            7204 kB
SwapTotal:       2097148 kB
SwapFree:              0 kB
Dirty:                92 kB
Writeback:           120 kB
AnonPages:      15565020 kB
Mapped:           121480 kB
Shmem:            135612 kB
Slab:              63172 kB
SReclaimable:      23480 kB
SUnreclaim:        39692 kB
KernelStack:       25200 kB
PageTables:        47056 kB
NFS_Unstable:          0 kB
Bounce:                0 kB
WritebackTmp:          0 kB
CommitLimit:    10141996 kB
Committed_AS:   24759140 kB
VmallocTotal:   34359738367 kB
VmallocUsed:           0 kB
VmallocChunk:          0 kB
HardwareCorrupted:     0 kB
AnonHugePages:         0 kB
ShmemHugePages:        0 kB
ShmemPmdMapped:        0 kB
HugePages_Total:       0
HugePages_Free:        0
HugePages_Rsvd:        0
HugePages_Surp:        0
Hugepagesize:       2048 kB
DirectMap4k:      177128 kB
DirectMap2M:     6811648 kB
DirectMap1G:     9437184 kB


CPU:total 4 (initial active 4) (4 cores per cpu, 1 threads per core) family 6 model 94 stepping 3, cmov, cx8, fxsr, mmx, sse, sse2, sse3, ssse3, sse4.1, sse4.2, popcnt, avx, avx2, aes, clmul, erms, rtm, 3dnowpref, lzcnt, tsc, tscinvbit, bmi1, bmi2, adx

/proc/cpuinfo:
processor	: 0
vendor_id	: GenuineIntel
cpu family	: 6
model		: 94
model name	: Intel(R) Core(TM) i5-6600T CPU @ 2.70GHz
stepping	: 3
microcode	: 0xc2
cpu MHz		: 3126.489
cache size	: 6144 KB
physical id	: 0
siblings	: 4
core id		: 0
cpu cores	: 4
apicid		: 0
initial apicid	: 0
fpu		: yes
fpu_exception	: yes
cpuid level	: 22
wp		: yes
flags		: fpu vme de pse tsc msr pae mce cx8 apic sep mtrr pge mca cmov pat pse36 clflush dts acpi mmx fxsr sse sse2 ss ht tm pbe syscall nx pdpe1gb rdtscp lm constant_tsc art arch_perfmon pebs bts rep_good nopl xtopology nonstop_tsc aperfmperf eagerfpu pni pclmulqdq dtes64 monitor ds_cpl vmx smx est tm2 ssse3 sdbg fma cx16 xtpr pdcm pcid sse4_1 sse4_2 x2apic movbe popcnt tsc_deadline_timer aes xsave avx f16c rdrand lahf_lm abm 3dnowprefetch epb invpcid_single kaiser tpr_shadow vnmi flexpriority ept vpid fsgsbase tsc_adjust bmi1 hle avx2 smep bmi2 erms invpcid rtm mpx rdseed adx smap clflushopt intel_pt xsaveopt xsavec xgetbv1 xsaves dtherm ida arat pln pts hwp hwp_notify hwp_act_window hwp_epp
bugs		: cpu_meltdown spectre_v1 spectre_v2
bogomips	: 5424.00
clflush size	: 64
cache_alignment	: 64
address sizes	: 39 bits physical, 48 bits virtual
power management:

processor	: 1
vendor_id	: GenuineIntel
cpu family	: 6
model		: 94
model name	: Intel(R) Core(TM) i5-6600T CPU @ 2.70GHz
stepping	: 3
microcode	: 0xc2
cpu MHz		: 3080.511
cache size	: 6144 KB
physical id	: 0
siblings	: 4
core id		: 1
cpu cores	: 4
apicid		: 2
initial apicid	: 2
fpu		: yes
fpu_exception	: yes
cpuid level	: 22
wp		: yes
flags		: fpu vme de pse tsc msr pae mce cx8 apic sep mtrr pge mca cmov pat pse36 clflush dts acpi mmx fxsr sse sse2 ss ht tm pbe syscall nx pdpe1gb rdtscp lm constant_tsc art arch_perfmon pebs bts rep_good nopl xtopology nonstop_tsc aperfmperf eagerfpu pni pclmulqdq dtes64 monitor ds_cpl vmx smx est tm2 ssse3 sdbg fma cx16 xtpr pdcm pcid sse4_1 sse4_2 x2apic movbe popcnt tsc_deadline_timer aes xsave avx f16c rdrand lahf_lm abm 3dnowprefetch epb invpcid_single kaiser tpr_shadow vnmi flexpriority ept vpid fsgsbase tsc_adjust bmi1 hle avx2 smep bmi2 erms invpcid rtm mpx rdseed adx smap clflushopt intel_pt xsaveopt xsavec xgetbv1 xsaves dtherm ida arat pln pts hwp hwp_notify hwp_act_window hwp_epp
bugs		: cpu_meltdown spectre_v1 spectre_v2
bogomips	: 5424.00
clflush size	: 64
cache_alignment	: 64
address sizes	: 39 bits physical, 48 bits virtual
power management:

processor	: 2
vendor_id	: GenuineIntel
cpu family	: 6
model		: 94
model name	: Intel(R) Core(TM) i5-6600T CPU @ 2.70GHz
stepping	: 3
microcode	: 0xc2
cpu MHz		: 3175.268
cache size	: 6144 KB
physical id	: 0
siblings	: 4
core id		: 2
cpu cores	: 4
apicid		: 4
initial apicid	: 4
fpu		: yes
fpu_exception	: yes
cpuid level	: 22
wp		: yes
flags		: fpu vme de pse tsc msr pae mce cx8 apic sep mtrr pge mca cmov pat pse36 clflush dts acpi mmx fxsr sse sse2 ss ht tm pbe syscall nx pdpe1gb rdtscp lm constant_tsc art arch_perfmon pebs bts rep_good nopl xtopology nonstop_tsc aperfmperf eagerfpu pni pclmulqdq dtes64 monitor ds_cpl vmx smx est tm2 ssse3 sdbg fma cx16 xtpr pdcm pcid sse4_1 sse4_2 x2apic movbe popcnt tsc_deadline_timer aes xsave avx f16c rdrand lahf_lm abm 3dnowprefetch epb invpcid_single kaiser tpr_shadow vnmi flexpriority ept vpid fsgsbase tsc_adjust bmi1 hle avx2 smep bmi2 erms invpcid rtm mpx rdseed adx smap clflushopt intel_pt xsaveopt xsavec xgetbv1 xsaves dtherm ida arat pln pts hwp hwp_notify hwp_act_window hwp_epp
bugs		: cpu_meltdown spectre_v1 spectre_v2
bogomips	: 5424.00
clflush size	: 64
cache_alignment	: 64
address sizes	: 39 bits physical, 48 bits virtual
power management:

processor	: 3
vendor_id	: GenuineIntel
cpu family	: 6
model		: 94
model name	: Intel(R) Core(TM) i5-6600T CPU @ 2.70GHz
stepping	: 3
microcode	: 0xc2
cpu MHz		: 3112.481
cache size	: 6144 KB
physical id	: 0
siblings	: 4
core id		: 3
cpu cores	: 4
apicid		: 6
initial apicid	: 6
fpu		: yes
fpu_exception	: yes
cpuid level	: 22
wp		: yes
flags		: fpu vme de pse tsc msr pae mce cx8 apic sep mtrr pge mca cmov pat pse36 clflush dts acpi mmx fxsr sse sse2 ss ht tm pbe syscall nx pdpe1gb rdtscp lm constant_tsc art arch_perfmon pebs bts rep_good nopl xtopology nonstop_tsc aperfmperf eagerfpu pni pclmulqdq dtes64 monitor ds_cpl vmx smx est tm2 ssse3 sdbg fma cx16 xtpr pdcm pcid sse4_1 sse4_2 x2apic movbe popcnt tsc_deadline_timer aes xsave avx f16c rdrand lahf_lm abm 3dnowprefetch epb invpcid_single kaiser tpr_shadow vnmi flexpriority ept vpid fsgsbase tsc_adjust bmi1 hle avx2 smep bmi2 erms invpcid rtm mpx rdseed adx smap clflushopt intel_pt xsaveopt xsavec xgetbv1 xsaves dtherm ida arat pln pts hwp hwp_notify hwp_act_window hwp_epp
bugs		: cpu_meltdown spectre_v1 spectre_v2
bogomips	: 5424.00
clflush size	: 64
cache_alignment	: 64
address sizes	: 39 bits physical, 48 bits virtual
power management:



Memory: 4k page, physical 16089700k(141636k free), swap 2097148k(0k free)

vm_info: OpenJDK Server VM (25.171-b11) for linux-x86 JRE (1.8.0_171-8u171-b11-1~bpo8+1-b11), built on May 15 2018 21:14:08 by "buildd" with gcc 4.9.2

time: Fri May 18 10:53:51 2018
elapsed time: 1 seconds (0d 0h 0m 1s)

