#
# There is insufficient memory for the Java Runtime Environment to continue.
# Native memory allocation (mmap) failed to map 34078720 bytes for committing reserved memory.
# Possible reasons:
#   The system is out of physical RAM or swap space
#   In 32 bit mode, the process size limit was hit
# Possible solutions:
#   Reduce memory load on the system
#   Increase physical memory or swap space
#   Check if swap backing store is full
#   Use 64 bit Java on a 64 bit OS
#   Decrease Java heap size (-Xmx/-Xms)
#   Decrease number of Java threads
#   Decrease Java thread stack sizes (-Xss)
#   Set larger code cache with -XX:ReservedCodeCacheSize=
# This output file may be truncated or incomplete.
#
#  Out of Memory Error (os_linux.cpp:2643), pid=13564, tid=0xa3896b40
#
# JRE version: OpenJDK Runtime Environment (8.0_171-b11) (build 1.8.0_171-8u171-b11-1~bpo8+1-b11)
# Java VM: OpenJDK Server VM (25.171-b11 mixed mode linux-x86 )
# Failed to write core dump. Core dumps have been disabled. To enable core dumping, try "ulimit -c unlimited" before starting Java again
#

---------------  T H R E A D  ---------------

Current thread (0xa3780c00):  VMThread [stack: 0xa3816000,0xa3897000] [id=13575]

Stack: [0xa3816000,0xa3897000],  sp=0xa3895b70,  free space=510k
Native frames: (J=compiled Java code, j=interpreted, Vv=VM code, C=native code)
V  [libjvm.so+0x900990]
V  [libjvm.so+0x3c5c66]
V  [libjvm.so+0x769b60]
V  [libjvm.so+0x763cb3]
V  [libjvm.so+0x7d7fdc]
V  [libjvm.so+0x7d9079]
V  [libjvm.so+0x7d5a59]
V  [libjvm.so+0x7d6303]
V  [libjvm.so+0x78dae5]
V  [libjvm.so+0x9024e9]
V  [libjvm.so+0x9079d6]
V  [libjvm.so+0x905cf9]
V  [libjvm.so+0x906233]
V  [libjvm.so+0x90677b]
V  [libjvm.so+0x766cb5]
C  [libpthread.so.0+0x6326]  start_thread+0xf6

VM_Operation (0xa27b44d4): ParallelGCFailedAllocation, mode: safepoint, requested by thread 0xa2b3cc00


---------------  P R O C E S S  ---------------

Java Threads: ( => current thread )
  0xa2615400 JavaThread "TimerQueue" daemon [_thread_blocked, id=13588, stack(0xa2714000,0xa2765000)]
  0xf6108000 JavaThread "DestroyJavaVM" [_thread_blocked, id=13570, stack(0xf6291000,0xf62e2000)]
  0xa2b3cc00 JavaThread "AWT-EventQueue-0" [_thread_blocked, id=13587, stack(0xa2765000,0xa27b6000)]
  0xa2b3b800 JavaThread "AWT-Shutdown" [_thread_blocked, id=13586, stack(0xa27b6000,0xa2807000)]
  0xa2b38c00 JavaThread "AWT-XAWT" daemon [_thread_blocked, id=13585, stack(0xa2807000,0xa2858000)]
  0xa2b25400 JavaThread "Java2D Disposer" daemon [_thread_blocked, id=13584, stack(0xa2858000,0xa28a9000)]
  0xa37ac000 JavaThread "Service Thread" daemon [_thread_blocked, id=13582, stack(0xa2fdb000,0xa302c000)]
  0xa37a8c00 JavaThread "C1 CompilerThread2" daemon [_thread_blocked, id=13581, stack(0xa302c000,0xa30ad000)]
  0xa37a7000 JavaThread "C2 CompilerThread1" daemon [_thread_blocked, id=13580, stack(0xa30ad000,0xa312e000)]
  0xa37a5400 JavaThread "C2 CompilerThread0" daemon [_thread_blocked, id=13579, stack(0xa312e000,0xa31af000)]
  0xa37a3800 JavaThread "Signal Dispatcher" daemon [_thread_blocked, id=13578, stack(0xa31af000,0xa3200000)]
  0xa3788400 JavaThread "Finalizer" daemon [_thread_blocked, id=13577, stack(0xa365e000,0xa36af000)]
  0xa3785400 JavaThread "Reference Handler" daemon [_thread_blocked, id=13576, stack(0xa36af000,0xa3700000)]

Other Threads:
=>0xa3780c00 VMThread [stack: 0xa3816000,0xa3897000] [id=13575]
  0xa37adc00 WatcherThread [stack: 0xa2f5a000,0xa2fdb000] [id=13583]

VM state:at safepoint (normal execution)

VM Mutex/Monitor currently owned by a thread:  ([mutex/lock_event])
[0xf6106bf0] Threads_lock - owner thread: 0xa3780c00
[0xf6107050] Heap_lock - owner thread: 0xa2b3cc00

Heap:
 PSYoungGen      total 35840K, used 2546K [0xd16c0000, 0xd3c40000, 0xe6c00000)
  eden space 33280K, 0% used [0xd16c0000,0xd16c0000,0xd3740000)
  from space 2560K, 99% used [0xd3740000,0xd39bc980,0xd39c0000)
  to   space 2560K, 0% used [0xd39c0000,0xd39c0000,0xd3c40000)
 ParOldGen       total 43776K, used 38505K [0xa6c00000, 0xa96c0000, 0xd16c0000)
  object space 43776K, 87% used [0xa6c00000,0xa919a660,0xa96c0000)
 Metaspace       used 5625K, capacity 5831K, committed 5912K, reserved 6448K

Card table byte_map: [0xa69ff000,0xa6c00000] byte_map_base: 0xa64c9000

Marking Bits: (ParMarkBitMap*) 0xf7103280
 Begin Bits: [0xa4300000, 0xa5300000)
 End Bits:   [0xa5300000, 0xa6300000)

Polling page: 0xf7772000

CodeCache: size=245760Kb used=1472Kb max_used=1484Kb free=244287Kb
 bounds [0xe7100000, 0xe7340000, 0xf6100000]
 total_blobs=718 nmethods=465 adapters=168
 compilation: enabled

Compilation events (10 events):
Event: 0.523 Thread 0xa37a7000 nmethod 457 0xe7272248 code [0xe7272360, 0xe727259c]
Event: 0.523 Thread 0xa37a7000  469       4       java.util.HashMap::putVal (300 bytes)
Event: 0.525 Thread 0xa37a5400 nmethod 458 0xe72728c8 code [0xe7272a00, 0xe7273110]
Event: 0.525 Thread 0xa37a5400  470       4       Map::getAdjacentMaps (192 bytes)
Event: 0.527 Thread 0xa37a8c00  472       3       java.util.HashSet::contains (9 bytes)
Event: 0.527 Thread 0xa37a8c00 nmethod 472 0xe7270c08 code [0xe7270d40, 0xe72710f8]
Event: 0.529 Thread 0xa37a7000 nmethod 469 0xe726fec8 code [0xe7270040, 0xe7270644]
Event: 0.529 Thread 0xa37a7000  471       4       MapState::getConnectedStates (67 bytes)
Event: 0.536 Thread 0xa37a8c00  473       3       sun.awt.X11.XlibUtil::getButtonMask (18 bytes)
Event: 0.536 Thread 0xa37a8c00 nmethod 473 0xe7261e08 code [0xe7261f20, 0xe7262040]

GC Heap History (5 events):
Event: 0.460 GC heap before
{Heap before GC invocations=1 (full 0):
 PSYoungGen      total 19200K, used 16640K [0xd16c0000, 0xd2c00000, 0xe6c00000)
  eden space 16640K, 100% used [0xd16c0000,0xd2700000,0xd2700000)
  from space 2560K, 0% used [0xd2980000,0xd2980000,0xd2c00000)
  to   space 2560K, 0% used [0xd2700000,0xd2700000,0xd2980000)
 ParOldGen       total 43776K, used 0K [0xa6c00000, 0xa96c0000, 0xd16c0000)
  object space 43776K, 0% used [0xa6c00000,0xa6c00000,0xa96c0000)
 Metaspace       used 5621K, capacity 5831K, committed 5912K, reserved 6448K
Event: 0.476 GC heap after
Heap after GC invocations=1 (full 0):
 PSYoungGen      total 19200K, used 2549K [0xd16c0000, 0xd3c40000, 0xe6c00000)
  eden space 16640K, 0% used [0xd16c0000,0xd16c0000,0xd2700000)
  from space 2560K, 99% used [0xd2700000,0xd297d6d8,0xd2980000)
  to   space 2560K, 0% used [0xd39c0000,0xd39c0000,0xd3c40000)
 ParOldGen       total 43776K, used 6317K [0xa6c00000, 0xa96c0000, 0xd16c0000)
  object space 43776K, 14% used [0xa6c00000,0xa722b660,0xa96c0000)
 Metaspace       used 5621K, capacity 5831K, committed 5912K, reserved 6448K
}
Event: 0.500 GC heap before
{Heap before GC invocations=2 (full 0):
 PSYoungGen      total 19200K, used 19189K [0xd16c0000, 0xd3c40000, 0xe6c00000)
  eden space 16640K, 100% used [0xd16c0000,0xd2700000,0xd2700000)
  from space 2560K, 99% used [0xd2700000,0xd297d6d8,0xd2980000)
  to   space 2560K, 0% used [0xd39c0000,0xd39c0000,0xd3c40000)
 ParOldGen       total 43776K, used 6317K [0xa6c00000, 0xa96c0000, 0xd16c0000)
  object space 43776K, 14% used [0xa6c00000,0xa722b660,0xa96c0000)
 Metaspace       used 5623K, capacity 5831K, committed 5912K, reserved 6448K
Event: 0.512 GC heap after
Heap after GC invocations=2 (full 0):
 PSYoungGen      total 35840K, used 2554K [0xd16c0000, 0xd3c40000, 0xe6c00000)
  eden space 33280K, 0% used [0xd16c0000,0xd16c0000,0xd3740000)
  from space 2560K, 99% used [0xd39c0000,0xd3c3e9c8,0xd3c40000)
  to   space 2560K, 0% used [0xd3740000,0xd3740000,0xd39c0000)
 ParOldGen       total 43776K, used 16789K [0xa6c00000, 0xa96c0000, 0xd16c0000)
  object space 43776K, 38% used [0xa6c00000,0xa7c65660,0xa96c0000)
 Metaspace       used 5623K, capacity 5831K, committed 5912K, reserved 6448K
}
Event: 0.553 GC heap before
{Heap before GC invocations=3 (full 0):
 PSYoungGen      total 35840K, used 35834K [0xd16c0000, 0xd3c40000, 0xe6c00000)
  eden space 33280K, 100% used [0xd16c0000,0xd3740000,0xd3740000)
  from space 2560K, 99% used [0xd39c0000,0xd3c3e9c8,0xd3c40000)
  to   space 2560K, 0% used [0xd3740000,0xd3740000,0xd39c0000)
 ParOldGen       total 43776K, used 16789K [0xa6c00000, 0xa96c0000, 0xd16c0000)
  object space 43776K, 38% used [0xa6c00000,0xa7c65660,0xa96c0000)
 Metaspace       used 5625K, capacity 5831K, committed 5912K, reserved 6448K

Deoptimization events (4 events):
Event: 0.483 Thread 0xa2b3cc00 Uncommon trap: reason=unstable_if action=reinterpret pc=0xe7262b18 method=java.util.HashMap.putVal(ILjava/lang/Object;Ljava/lang/Object;ZZ)Ljava/lang/Object; @ 162
Event: 0.513 Thread 0xa2b3cc00 Uncommon trap: reason=unstable_if action=reinterpret pc=0xe7265354 method=java.util.HashMap.getNode(ILjava/lang/Object;)Ljava/util/HashMap$Node; @ 84
Event: 0.513 Thread 0xa2b3cc00 Uncommon trap: reason=unstable_if action=reinterpret pc=0xe726a760 method=java.util.HashMap.putVal(ILjava/lang/Object;Ljava/lang/Object;ZZ)Ljava/lang/Object; @ 109
Event: 0.527 Thread 0xa2b3cc00 Uncommon trap: reason=unstable_if action=reinterpret pc=0xe7272488 method=java.util.HashMap.getNode(ILjava/lang/Object;)Ljava/util/HashMap$Node; @ 62

Classes redefined (0 events):
No events

Internal exceptions (10 events):
Event: 0.182 Thread 0xf6108000 Exception <a 'java/lang/NoSuchFieldError': method resolution failed> (0xd185d490) thrown at [/build/openjdk-8-rcxM0S/openjdk-8-8u171-b11/src/hotspot/src/share/vm/prims/methodHandles.cpp, line 1167]
Event: 0.183 Thread 0xf6108000 Exception <a 'java/lang/NoSuchFieldError': method resolution failed> (0xd1869688) thrown at [/build/openjdk-8-rcxM0S/openjdk-8-8u171-b11/src/hotspot/src/share/vm/prims/methodHandles.cpp, line 1167]
Event: 0.204 Thread 0xf6108000 Exception <a 'java/security/PrivilegedActionException'> (0xd18e6df0) thrown at [/build/openjdk-8-rcxM0S/openjdk-8-8u171-b11/src/hotspot/src/share/vm/prims/jvm.cpp, line 1435]
Event: 0.204 Thread 0xf6108000 Exception <a 'java/security/PrivilegedActionException'> (0xd18e6ff0) thrown at [/build/openjdk-8-rcxM0S/openjdk-8-8u171-b11/src/hotspot/src/share/vm/prims/jvm.cpp, line 1435]
Event: 0.204 Thread 0xf6108000 Exception <a 'java/security/PrivilegedActionException'> (0xd18e8ba0) thrown at [/build/openjdk-8-rcxM0S/openjdk-8-8u171-b11/src/hotspot/src/share/vm/prims/jvm.cpp, line 1435]
Event: 0.204 Thread 0xf6108000 Exception <a 'java/security/PrivilegedActionException'> (0xd18e8da0) thrown at [/build/openjdk-8-rcxM0S/openjdk-8-8u171-b11/src/hotspot/src/share/vm/prims/jvm.cpp, line 1435]
Event: 0.204 Thread 0xf6108000 Exception <a 'java/security/PrivilegedActionException'> (0xd18e9748) thrown at [/build/openjdk-8-rcxM0S/openjdk-8-8u171-b11/src/hotspot/src/share/vm/prims/jvm.cpp, line 1435]
Event: 0.205 Thread 0xf6108000 Exception <a 'java/security/PrivilegedActionException'> (0xd18e9948) thrown at [/build/openjdk-8-rcxM0S/openjdk-8-8u171-b11/src/hotspot/src/share/vm/prims/jvm.cpp, line 1435]
Event: 0.217 Thread 0xf6108000 Exception <a 'java/io/FileNotFoundException'> (0xd18fa728) thrown at [/build/openjdk-8-rcxM0S/openjdk-8-8u171-b11/src/hotspot/src/share/vm/prims/jni.cpp, line 709]
Event: 0.253 Thread 0xf6108000 Exception <a 'java/lang/ClassNotFoundException': sun/dc/DuctusRenderingEngine> (0xd19079b0) thrown at [/build/openjdk-8-rcxM0S/openjdk-8-8u171-b11/src/hotspot/src/share/vm/classfile/systemDictionary.cpp, line 210]

Events (10 events):
Event: 0.513 Thread 0xa2b3cc00 Uncommon trap: trap_request=0xffffff65 fr.pc=0xe7265354
Event: 0.513 Thread 0xa2b3cc00 DEOPT PACKING pc=0xe7265354 sp=0xa27b4710
Event: 0.513 Thread 0xa2b3cc00 DEOPT UNPACKING pc=0xe713abdf sp=0xa27b46d4 mode 2
Event: 0.513 Thread 0xa2b3cc00 Uncommon trap: trap_request=0xffffff65 fr.pc=0xe726a760
Event: 0.513 Thread 0xa2b3cc00 DEOPT PACKING pc=0xe726a760 sp=0xa27b46d0
Event: 0.513 Thread 0xa2b3cc00 DEOPT UNPACKING pc=0xe713abdf sp=0xa27b46b0 mode 2
Event: 0.527 Thread 0xa2b3cc00 Uncommon trap: trap_request=0xffffff65 fr.pc=0xe7272488
Event: 0.527 Thread 0xa2b3cc00 DEOPT PACKING pc=0xe7272488 sp=0xa27b4750
Event: 0.527 Thread 0xa2b3cc00 DEOPT UNPACKING pc=0xe713abdf sp=0xa27b46cc mode 2
Event: 0.553 Executing VM operation: ParallelGCFailedAllocation


Dynamic libraries:
08048000-08049000 r-xp 00000000 08:01 3777265                            /usr/lib/jvm/java-8-openjdk-i386/jre/bin/java
08049000-0804a000 r--p 00000000 08:01 3777265                            /usr/lib/jvm/java-8-openjdk-i386/jre/bin/java
0804a000-0804b000 rw-p 00001000 08:01 3777265                            /usr/lib/jvm/java-8-openjdk-i386/jre/bin/java
0954e000-09570000 rw-p 00000000 00:00 0                                  [heap]
a1e00000-a1ed8000 rw-p 00000000 00:00 0 
a1ed8000-a1f00000 ---p 00000000 00:00 0 
a1f00000-a1fec000 rw-p 00000000 00:00 0 
a1fec000-a2000000 ---p 00000000 00:00 0 
a2000000-a20f9000 rw-p 00000000 00:00 0 
a20f9000-a2100000 ---p 00000000 00:00 0 
a2100000-a21f9000 rw-p 00000000 00:00 0 
a21f9000-a2200000 ---p 00000000 00:00 0 
a2200000-a22f9000 rw-p 00000000 00:00 0 
a22f9000-a2300000 ---p 00000000 00:00 0 
a2300000-a23f9000 rw-p 00000000 00:00 0 
a23f9000-a2400000 ---p 00000000 00:00 0 
a2400000-a2480000 rw-p 00000000 00:00 0 
a2480000-a2500000 ---p 00000000 00:00 0 
a2500000-a2600000 rw-p 00000000 00:00 0 
a2600000-a26f9000 rw-p 00000000 00:00 0 
a26f9000-a2700000 ---p 00000000 00:00 0 
a2714000-a2717000 ---p 00000000 00:00 0 
a2717000-a2765000 rw-p 00000000 00:00 0 
a2765000-a2768000 ---p 00000000 00:00 0 
a2768000-a27b6000 rw-p 00000000 00:00 0 
a27b6000-a27b9000 ---p 00000000 00:00 0 
a27b9000-a2807000 rw-p 00000000 00:00 0 
a2807000-a280a000 ---p 00000000 00:00 0 
a280a000-a2858000 rw-p 00000000 00:00 0 
a2858000-a285b000 ---p 00000000 00:00 0 
a285b000-a28a9000 rw-p 00000000 00:00 0 
a28a9000-a2958000 r-xp 00000000 08:01 3768808                            /usr/lib/i386-linux-gnu/libfreetype.so.6.12.3
a2958000-a295c000 r--p 000ae000 08:01 3768808                            /usr/lib/i386-linux-gnu/libfreetype.so.6.12.3
a295c000-a295d000 rw-p 000b2000 08:01 3768808                            /usr/lib/i386-linux-gnu/libfreetype.so.6.12.3
a295d000-a29aa000 r-xp 00000000 08:01 3777302                            /usr/lib/jvm/java-8-openjdk-i386/jre/lib/i386/libfontmanager.so
a29aa000-a29ad000 r--p 0004c000 08:01 3777302                            /usr/lib/jvm/java-8-openjdk-i386/jre/lib/i386/libfontmanager.so
a29ad000-a29ae000 rw-p 0004f000 08:01 3777302                            /usr/lib/jvm/java-8-openjdk-i386/jre/lib/i386/libfontmanager.so
a29ae000-a2afb000 r-xp 00000000 08:01 3768763                            /usr/lib/i386-linux-gnu/libX11.so.6.3.0
a2afb000-a2afd000 r--p 0014d000 08:01 3768763                            /usr/lib/i386-linux-gnu/libX11.so.6.3.0
a2afd000-a2b00000 rw-p 0014f000 08:01 3768763                            /usr/lib/i386-linux-gnu/libX11.so.6.3.0
a2b00000-a2b55000 rw-p 00000000 00:00 0 
a2b55000-a2c00000 ---p 00000000 00:00 0 
a2c11000-a2c49000 r-xp 00000000 08:01 3771954                            /usr/lib/i386-linux-gnu/libpng16.so.16.28.0
a2c49000-a2c4a000 r--p 00037000 08:01 3771954                            /usr/lib/i386-linux-gnu/libpng16.so.16.28.0
a2c4a000-a2c4b000 rw-p 00038000 08:01 3771954                            /usr/lib/i386-linux-gnu/libpng16.so.16.28.0
a2c4b000-a2c6f000 r-xp 00000000 08:01 3769061                            /usr/lib/i386-linux-gnu/libxcb.so.1.1.0
a2c6f000-a2c70000 r--p 00023000 08:01 3769061                            /usr/lib/i386-linux-gnu/libxcb.so.1.1.0
a2c70000-a2c71000 rw-p 00024000 08:01 3769061                            /usr/lib/i386-linux-gnu/libxcb.so.1.1.0
a2c71000-a2c82000 r-xp 00000000 08:01 3769866                            /usr/lib/i386-linux-gnu/libXi.so.6.1.0
a2c82000-a2c83000 r--p 00010000 08:01 3769866                            /usr/lib/i386-linux-gnu/libXi.so.6.1.0
a2c83000-a2c84000 rw-p 00011000 08:01 3769866                            /usr/lib/i386-linux-gnu/libXi.so.6.1.0
a2cab000-a2cfc000 r-xp 00000000 08:01 3777300                            /usr/lib/jvm/java-8-openjdk-i386/jre/lib/i386/libawt_xawt.so
a2cfc000-a2cfd000 r--p 00050000 08:01 3777300                            /usr/lib/jvm/java-8-openjdk-i386/jre/lib/i386/libawt_xawt.so
a2cfd000-a2cff000 rw-p 00051000 08:01 3777300                            /usr/lib/jvm/java-8-openjdk-i386/jre/lib/i386/libawt_xawt.so
a2cff000-a2d00000 rw-p 00000000 00:00 0 
a2d00000-a2dfc000 rw-p 00000000 00:00 0 
a2dfc000-a2e00000 ---p 00000000 00:00 0 
a2e02000-a2e07000 r-xp 00000000 08:01 3769047                            /usr/lib/i386-linux-gnu/libXfixes.so.3.1.0
a2e07000-a2e08000 r--p 00004000 08:01 3769047                            /usr/lib/i386-linux-gnu/libXfixes.so.3.1.0
a2e08000-a2e09000 rw-p 00005000 08:01 3769047                            /usr/lib/i386-linux-gnu/libXfixes.so.3.1.0
a2e09000-a2e98000 r-xp 00000000 08:01 3777298                            /usr/lib/jvm/java-8-openjdk-i386/jre/lib/i386/libawt.so
a2e98000-a2e99000 r--p 0008e000 08:01 3777298                            /usr/lib/jvm/java-8-openjdk-i386/jre/lib/i386/libawt.so
a2e99000-a2ea0000 rw-p 0008f000 08:01 3777298                            /usr/lib/jvm/java-8-openjdk-i386/jre/lib/i386/libawt.so
a2ea0000-a2ec4000 rw-p 00000000 00:00 0 
a2ec4000-a2f5a000 r--s 008d6000 08:01 958857                             /usr/share/java/openjfx/jre/lib/ext/jfxrt.jar
a2f5a000-a2f5b000 ---p 00000000 00:00 0 
a2f5b000-a2fdb000 rw-p 00000000 00:00 0 
a2fdb000-a2fde000 ---p 00000000 00:00 0 
a2fde000-a302c000 rw-p 00000000 00:00 0 
a302c000-a302f000 ---p 00000000 00:00 0 
a302f000-a30ad000 rw-p 00000000 00:00 0 
a30ad000-a30b0000 ---p 00000000 00:00 0 
a30b0000-a312e000 rw-p 00000000 00:00 0 
a312e000-a3131000 ---p 00000000 00:00 0 
a3131000-a31af000 rw-p 00000000 00:00 0 
a31af000-a31b2000 ---p 00000000 00:00 0 
a31b2000-a3200000 rw-p 00000000 00:00 0 
a3200000-a3400000 r--p 00000000 08:01 3785092                            /usr/lib/locale/locale-archive
a3400000-a3421000 rw-p 00000000 00:00 0 
a3421000-a3500000 ---p 00000000 00:00 0 
a3500000-a35fe000 rw-p 00000000 00:00 0 
a35fe000-a3600000 ---p 00000000 00:00 0 
a3606000-a3610000 r-xp 00000000 08:01 3769045                            /usr/lib/i386-linux-gnu/libXcursor.so.1.0.2
a3610000-a3611000 r--p 00009000 08:01 3769045                            /usr/lib/i386-linux-gnu/libXcursor.so.1.0.2
a3611000-a3612000 rw-p 0000a000 08:01 3769045                            /usr/lib/i386-linux-gnu/libXcursor.so.1.0.2
a3612000-a365e000 r--p 00231000 08:01 3785092                            /usr/lib/locale/locale-archive
a365e000-a3661000 ---p 00000000 00:00 0 
a3661000-a36af000 rw-p 00000000 00:00 0 
a36af000-a36b2000 ---p 00000000 00:00 0 
a36b2000-a3700000 rw-p 00000000 00:00 0 
a3700000-a37fb000 rw-p 00000000 00:00 0 
a37fb000-a3800000 ---p 00000000 00:00 0 
a3804000-a3809000 r-xp 00000000 08:01 3769033                            /usr/lib/i386-linux-gnu/libXdmcp.so.6.0.0
a3809000-a380a000 rw-p 00004000 08:01 3769033                            /usr/lib/i386-linux-gnu/libXdmcp.so.6.0.0
a380a000-a380c000 r-xp 00000000 08:01 3769031                            /usr/lib/i386-linux-gnu/libXau.so.6.0.0
a380c000-a380d000 r--p 00001000 08:01 3769031                            /usr/lib/i386-linux-gnu/libXau.so.6.0.0
a380d000-a380e000 rw-p 00002000 08:01 3769031                            /usr/lib/i386-linux-gnu/libXau.so.6.0.0
a380e000-a3814000 r-xp 00000000 08:01 3769878                            /usr/lib/i386-linux-gnu/libXtst.so.6.1.0
a3814000-a3815000 r--p 00005000 08:01 3769878                            /usr/lib/i386-linux-gnu/libXtst.so.6.1.0
a3815000-a3816000 rw-p 00006000 08:01 3769878                            /usr/lib/i386-linux-gnu/libXtst.so.6.1.0
a3816000-a3817000 ---p 00000000 00:00 0 
a3817000-a38e5000 rw-p 00000000 00:00 0 
a38e5000-a3ab4000 r--s 03c2f000 08:01 3777352                            /usr/lib/jvm/java-8-openjdk-i386/jre/lib/rt.jar
a3ab4000-a3efa000 rw-p 00000000 00:00 0 
a3efa000-a3f00000 ---p 00000000 00:00 0 
a3f00000-a6300000 rw-p 00000000 00:00 0 
a6300000-a63f8000 rw-p 00000000 00:00 0 
a63f8000-a6400000 ---p 00000000 00:00 0 
a6403000-a640d000 r-xp 00000000 08:01 3768769                            /usr/lib/i386-linux-gnu/libXrender.so.1.3.0
a640d000-a640e000 r--p 00009000 08:01 3768769                            /usr/lib/i386-linux-gnu/libXrender.so.1.3.0
a640e000-a640f000 rw-p 0000a000 08:01 3768769                            /usr/lib/i386-linux-gnu/libXrender.so.1.3.0
a640f000-a6422000 r-xp 00000000 08:01 3769035                            /usr/lib/i386-linux-gnu/libXext.so.6.4.0
a6422000-a6423000 r--p 00012000 08:01 3769035                            /usr/lib/i386-linux-gnu/libXext.so.6.4.0
a6423000-a6424000 rw-p 00013000 08:01 3769035                            /usr/lib/i386-linux-gnu/libXext.so.6.4.0
a6424000-a647f000 rw-p 00000000 00:00 0 
a647f000-a6480000 ---p 00000000 00:00 0 
a6480000-a6500000 rw-p 00000000 00:00 0 
a6500000-a6521000 rw-p 00000000 00:00 0 
a6521000-a6600000 ---p 00000000 00:00 0 
a6600000-a66f9000 rw-p 00000000 00:00 0 
a66f9000-a6700000 ---p 00000000 00:00 0 
a6700000-a6721000 rw-p 00000000 00:00 0 
a6721000-a6800000 ---p 00000000 00:00 0 
a6801000-a6806000 r--s 002f9000 08:01 3777276                            /usr/lib/jvm/java-8-openjdk-i386/jre/lib/charsets.jar
a6806000-a680b000 r--s 002f9000 08:01 3777276                            /usr/lib/jvm/java-8-openjdk-i386/jre/lib/charsets.jar
a680b000-a680d000 r--s 00016000 08:01 3777345                            /usr/lib/jvm/java-8-openjdk-i386/jre/lib/jce.jar
a680d000-a6828000 r--s 00394000 08:01 3777284                            /usr/lib/jvm/java-8-openjdk-i386/jre/lib/ext/cldrdata.jar
a6828000-a6829000 ---p 00000000 00:00 0 
a6829000-a68a9000 rw-p 00000000 00:00 0 
a68a9000-a68bf000 rw-p 00000000 00:00 0 
a68bf000-a69ff000 ---p 00000000 00:00 0 
a69ff000-a6a15000 rw-p 00000000 00:00 0 
a6a15000-a6b54000 ---p 00000000 00:00 0 
a6b54000-a6b68000 rw-p 00000000 00:00 0 
a6b68000-a6bff000 ---p 00000000 00:00 0 
a6bff000-a96c0000 rw-p 00000000 00:00 0 
a96c0000-d16c0000 ---p 00000000 00:00 0 
d16c0000-d3c40000 rw-p 00000000 00:00 0 
d5cc0000-e6c00000 ---p 00000000 00:00 0 
e6c01000-e6c06000 r--s 0009d000 08:01 3777347                            /usr/lib/jvm/java-8-openjdk-i386/jre/lib/jsse.jar
e6c06000-e6c19000 r--s 00346000 08:01 3777351                            /usr/lib/jvm/java-8-openjdk-i386/jre/lib/resources.jar
e6c19000-e6c23000 r--s 00116000 08:01 3777288                            /usr/lib/jvm/java-8-openjdk-i386/jre/lib/ext/localedata.jar
e6c23000-e6c3e000 r--s 001d6000 08:01 3777289                            /usr/lib/jvm/java-8-openjdk-i386/jre/lib/ext/nashorn.jar
e6c3e000-e6c3f000 ---p 00000000 00:00 0 
e6c3f000-e6cbf000 rw-p 00000000 00:00 0 
e6cbf000-e6cc0000 ---p 00000000 00:00 0 
e6cc0000-e6d40000 rw-p 00000000 00:00 0 
e6d40000-e6d49000 rw-p 00000000 00:00 0 
e6d49000-e7100000 ---p 00000000 00:00 0 
e7100000-e7340000 rwxp 00000000 00:00 0 
e7340000-f6100000 ---p 00000000 00:00 0 
f6100000-f61fd000 rw-p 00000000 00:00 0 
f61fd000-f6200000 ---p 00000000 00:00 0 
f6200000-f6206000 r--s 0003b000 08:01 3777291                            /usr/lib/jvm/java-8-openjdk-i386/jre/lib/ext/sunjce_provider.jar
f6206000-f6207000 r--s 00007000 08:01 600280                             /usr/share/java/java-atk-wrapper.jar
f6207000-f620a000 r--s 0000f000 08:01 3777286                            /usr/lib/jvm/java-8-openjdk-i386/jre/lib/ext/icedtea-sound.jar
f620a000-f620c000 r--s 00008000 08:01 3777290                            /usr/lib/jvm/java-8-openjdk-i386/jre/lib/ext/sunec.jar
f620c000-f620d000 r--s 00010000 08:01 3777293                            /usr/lib/jvm/java-8-openjdk-i386/jre/lib/ext/zipfs.jar
f620d000-f6210000 r--s 00038000 08:01 3777292                            /usr/lib/jvm/java-8-openjdk-i386/jre/lib/ext/sunpkcs11.jar
f6210000-f6228000 rw-p 00000000 00:00 0 
f6228000-f625d000 r--s 00000000 08:01 2978214                            /var/cache/nscd/passwd
f625d000-f6285000 r-xp 00000000 08:01 3777310                            /usr/lib/jvm/java-8-openjdk-i386/jre/lib/i386/libjava.so
f6285000-f6286000 r--p 00027000 08:01 3777310                            /usr/lib/jvm/java-8-openjdk-i386/jre/lib/i386/libjava.so
f6286000-f6287000 rw-p 00028000 08:01 3777310                            /usr/lib/jvm/java-8-openjdk-i386/jre/lib/i386/libjava.so
f6287000-f628e000 r-xp 00000000 08:01 1172167                            /lib/i386-linux-gnu/librt-2.26.so
f628e000-f628f000 ---p 00007000 08:01 1172167                            /lib/i386-linux-gnu/librt-2.26.so
f628f000-f6290000 r--p 00007000 08:01 1172167                            /lib/i386-linux-gnu/librt-2.26.so
f6290000-f6291000 rw-p 00008000 08:01 1172167                            /lib/i386-linux-gnu/librt-2.26.so
f6291000-f6294000 ---p 00000000 00:00 0 
f6294000-f62e2000 rw-p 00000000 00:00 0 
f62e2000-f62fd000 r-xp 00000000 08:01 1172115                            /lib/i386-linux-gnu/libgcc_s.so.1
f62fd000-f62fe000 r--p 0001a000 08:01 1172115                            /lib/i386-linux-gnu/libgcc_s.so.1
f62fe000-f62ff000 rw-p 0001b000 08:01 1172115                            /lib/i386-linux-gnu/libgcc_s.so.1
f62ff000-f63f8000 r-xp 00000000 08:01 1172117                            /lib/i386-linux-gnu/libm-2.26.so
f63f8000-f63f9000 r--p 000f8000 08:01 1172117                            /lib/i386-linux-gnu/libm-2.26.so
f63f9000-f63fa000 rw-p 000f9000 08:01 1172117                            /lib/i386-linux-gnu/libm-2.26.so
f63fa000-f656d000 r-xp 00000000 08:01 3768871                            /usr/lib/i386-linux-gnu/libstdc++.so.6.0.24
f656d000-f6573000 r--p 00172000 08:01 3768871                            /usr/lib/i386-linux-gnu/libstdc++.so.6.0.24
f6573000-f6574000 rw-p 00178000 08:01 3768871                            /usr/lib/i386-linux-gnu/libstdc++.so.6.0.24
f6574000-f6577000 rw-p 00000000 00:00 0 
f6577000-f708e000 r-xp 00000000 08:01 3777334                            /usr/lib/jvm/java-8-openjdk-i386/jre/lib/i386/server/libjvm.so
f708e000-f70dd000 r--p 00b16000 08:01 3777334                            /usr/lib/jvm/java-8-openjdk-i386/jre/lib/i386/server/libjvm.so
f70dd000-f70f4000 rw-p 00b65000 08:01 3777334                            /usr/lib/jvm/java-8-openjdk-i386/jre/lib/i386/server/libjvm.so
f70f4000-f7514000 rw-p 00000000 00:00 0 
f7514000-f7516000 rw-p 00000000 00:00 0 
f7516000-f752c000 r-xp 00000000 08:01 1172120                            /lib/i386-linux-gnu/libnsl-2.26.so
f752c000-f752d000 ---p 00016000 08:01 1172120                            /lib/i386-linux-gnu/libnsl-2.26.so
f752d000-f752e000 r--p 00016000 08:01 1172120                            /lib/i386-linux-gnu/libnsl-2.26.so
f752e000-f752f000 rw-p 00017000 08:01 1172120                            /lib/i386-linux-gnu/libnsl-2.26.so
f752f000-f7531000 rw-p 00000000 00:00 0 
f7531000-f76fe000 r-xp 00000000 08:01 1172100                            /lib/i386-linux-gnu/libc-2.26.so
f76fe000-f76ff000 ---p 001cd000 08:01 1172100                            /lib/i386-linux-gnu/libc-2.26.so
f76ff000-f7701000 r--p 001cd000 08:01 1172100                            /lib/i386-linux-gnu/libc-2.26.so
f7701000-f7702000 rw-p 001cf000 08:01 1172100                            /lib/i386-linux-gnu/libc-2.26.so
f7702000-f7705000 rw-p 00000000 00:00 0 
f7705000-f7708000 r-xp 00000000 08:01 1172112                            /lib/i386-linux-gnu/libdl-2.26.so
f7708000-f7709000 r--p 00002000 08:01 1172112                            /lib/i386-linux-gnu/libdl-2.26.so
f7709000-f770a000 rw-p 00003000 08:01 1172112                            /lib/i386-linux-gnu/libdl-2.26.so
f770a000-f7717000 r-xp 00000000 08:01 3777295                            /usr/lib/jvm/java-8-openjdk-i386/jre/lib/i386/jli/libjli.so
f7717000-f7718000 r--p 0000c000 08:01 3777295                            /usr/lib/jvm/java-8-openjdk-i386/jre/lib/i386/jli/libjli.so
f7718000-f7719000 rw-p 0000d000 08:01 3777295                            /usr/lib/jvm/java-8-openjdk-i386/jre/lib/i386/jli/libjli.so
f7719000-f7730000 r-xp 00000000 08:01 1172306                            /lib/i386-linux-gnu/libz.so.1.2.7
f7730000-f7731000 r--p 00016000 08:01 1172306                            /lib/i386-linux-gnu/libz.so.1.2.7
f7731000-f7732000 rw-p 00017000 08:01 1172306                            /lib/i386-linux-gnu/libz.so.1.2.7
f7732000-f774d000 r-xp 00000000 08:01 1172159                            /lib/i386-linux-gnu/libpthread-2.26.so
f774d000-f774e000 r--p 0001a000 08:01 1172159                            /lib/i386-linux-gnu/libpthread-2.26.so
f774e000-f774f000 rw-p 0001b000 08:01 1172159                            /lib/i386-linux-gnu/libpthread-2.26.so
f774f000-f7751000 rw-p 00000000 00:00 0 
f7751000-f7752000 r-xp 00000000 08:01 33205                              /usr/local/lib/innetgr.so
f7752000-f7753000 rw-p 00000000 08:01 33205                              /usr/local/lib/innetgr.so
f7753000-f7754000 r--s 0000a000 08:01 3777287                            /usr/lib/jvm/java-8-openjdk-i386/jre/lib/ext/jaccess.jar
f7754000-f775a000 r-xp 00000000 08:01 3772444                            /usr/lib/i386-linux-gnu/libgtk3-nocsd.so.0
f775a000-f775b000 ---p 00006000 08:01 3772444                            /usr/lib/i386-linux-gnu/libgtk3-nocsd.so.0
f775b000-f775c000 r--p 00006000 08:01 3772444                            /usr/lib/i386-linux-gnu/libgtk3-nocsd.so.0
f775c000-f775d000 rw-p 00007000 08:01 3772444                            /usr/lib/i386-linux-gnu/libgtk3-nocsd.so.0
f775d000-f775f000 r--s 00001000 08:01 3777285                            /usr/lib/jvm/java-8-openjdk-i386/jre/lib/ext/dnsns.jar
f775f000-f7767000 r-xp 00000000 08:01 3777331                            /usr/lib/jvm/java-8-openjdk-i386/jre/lib/i386/libzip.so
f7767000-f7768000 r--p 00007000 08:01 3777331                            /usr/lib/jvm/java-8-openjdk-i386/jre/lib/i386/libzip.so
f7768000-f7769000 rw-p 00008000 08:01 3777331                            /usr/lib/jvm/java-8-openjdk-i386/jre/lib/i386/libzip.so
f7769000-f7771000 rw-s 00000000 08:01 716216                             /tmp/hsperfdata_z5160123/13564
f7771000-f7772000 rw-p 00000000 00:00 0 
f7772000-f7773000 ---p 00000000 00:00 0 
f7773000-f7781000 r-xp 00000000 08:01 3777330                            /usr/lib/jvm/java-8-openjdk-i386/jre/lib/i386/libverify.so
f7781000-f7783000 r--p 0000d000 08:01 3777330                            /usr/lib/jvm/java-8-openjdk-i386/jre/lib/i386/libverify.so
f7783000-f7784000 rw-p 0000f000 08:01 3777330                            /usr/lib/jvm/java-8-openjdk-i386/jre/lib/i386/libverify.so
f7784000-f7786000 rw-p 00000000 00:00 0 
f7786000-f7788000 r--p 00000000 00:00 0                                  [vvar]
f7788000-f778a000 r-xp 00000000 00:00 0                                  [vdso]
f778a000-f77af000 r-xp 00000000 08:01 1172092                            /lib/i386-linux-gnu/ld-2.26.so
f77af000-f77b0000 r--p 00024000 08:01 1172092                            /lib/i386-linux-gnu/ld-2.26.so
f77b0000-f77b1000 rw-p 00025000 08:01 1172092                            /lib/i386-linux-gnu/ld-2.26.so
ffd74000-ffd95000 rw-p 00000000 00:00 0                                  [stack]

VM Arguments:
jvm_args: -Dfile.encoding=ISO-8859-1 
java_command: Main
java_class_path (initial): /usr/lib/jvm/java-8-openjdk-i386/jre/lib/resources.jar:/usr/lib/jvm/java-8-openjdk-i386/jre/lib/rt.jar:/usr/lib/jvm/java-8-openjdk-i386/jre/lib/jsse.jar:/usr/lib/jvm/java-8-openjdk-i386/jre/lib/jce.jar:/usr/lib/jvm/java-8-openjdk-i386/jre/lib/charsets.jar:/usr/lib/jvm/java-8-openjdk-i386/jre/lib/ext/dnsns.jar:/usr/lib/jvm/java-8-openjdk-i386/jre/lib/ext/jfxrt.jar:/usr/lib/jvm/java-8-openjdk-i386/jre/lib/ext/sunpkcs11.jar:/usr/lib/jvm/java-8-openjdk-i386/jre/lib/ext/jaccess.jar:/usr/lib/jvm/java-8-openjdk-i386/jre/lib/ext/zipfs.jar:/usr/lib/jvm/java-8-openjdk-i386/jre/lib/ext/sunec.jar:/usr/lib/jvm/java-8-openjdk-i386/jre/lib/ext/icedtea-sound.jar:/usr/lib/jvm/java-8-openjdk-i386/jre/lib/ext/nashorn.jar:/usr/lib/jvm/java-8-openjdk-i386/jre/lib/ext/localedata.jar:/usr/lib/jvm/java-8-openjdk-i386/jre/lib/ext/cldrdata.jar:/usr/lib/jvm/java-8-openjdk-i386/jre/lib/ext/java-atk-wrapper.jar:/usr/lib/jvm/java-8-openjdk-i386/jre/lib/ext/sunjce_provider.jar:/tmp_amd/kamen/export/kamen/3/z5160123/cs2511/COMP2511Project/Car/bin
Launcher Type: SUN_STANDARD

Environment Variables:
PATH=/import/kamen/3/z5160123/bin-pc.i86.linux:/import/kamen/3/z5160123/bin:/usr/local/bin:/usr/bin:/bin
USERNAME=z5160123
LD_LIBRARY_PATH=/usr/lib/jvm/java-8-openjdk-i386/jre/lib/i386/server:/usr/lib/jvm/java-8-openjdk-i386/jre/lib/i386:
LD_PRELOAD=libgtk3-nocsd.so.0
SHELL=/usr/local/bin/bash
DISPLAY=:0.0
ARCH=pc.i86.linux

Signal Handlers:
SIGSEGV: [libjvm.so+0x901450], sa_mask[0]=11111111011111111101111111111110, sa_flags=SA_RESTART|SA_SIGINFO
SIGBUS: [libjvm.so+0x901450], sa_mask[0]=11111111011111111101111111111110, sa_flags=SA_RESTART|SA_SIGINFO
SIGFPE: [libjvm.so+0x7650d0], sa_mask[0]=11111111011111111101111111111110, sa_flags=SA_RESTART|SA_SIGINFO
SIGPIPE: [libjvm.so+0x7650d0], sa_mask[0]=11111111011111111101111111111110, sa_flags=SA_RESTART|SA_SIGINFO
SIGXFSZ: [libjvm.so+0x7650d0], sa_mask[0]=11111111011111111101111111111110, sa_flags=SA_RESTART|SA_SIGINFO
SIGILL: [libjvm.so+0x7650d0], sa_mask[0]=11111111011111111101111111111110, sa_flags=SA_RESTART|SA_SIGINFO
SIGUSR1: SIG_DFL, sa_mask[0]=00000000000000000000000000000000, sa_flags=none
SIGUSR2: [libjvm.so+0x764f10], sa_mask[0]=00100000000000000000000000000000, sa_flags=SA_RESTART|SA_SIGINFO
SIGHUP: [libjvm.so+0x7651a0], sa_mask[0]=11111111011111111101111111111110, sa_flags=SA_RESTART|SA_SIGINFO
SIGINT: [libjvm.so+0x7651a0], sa_mask[0]=11111111011111111101111111111110, sa_flags=SA_RESTART|SA_SIGINFO
SIGTERM: [libjvm.so+0x7651a0], sa_mask[0]=11111111011111111101111111111110, sa_flags=SA_RESTART|SA_SIGINFO
SIGQUIT: [libjvm.so+0x7651a0], sa_mask[0]=11111111011111111101111111111110, sa_flags=SA_RESTART|SA_SIGINFO


---------------  S Y S T E M  ---------------

OS:Debian 6.0.10

uname:Linux 4.9.0-0.bpo.6-amd64 #1 SMP Debian 4.9.82-1+deb9u3~bpo8+1 (2018-03-22) x86_64
libc:glibc 2.26 NPTL 2.26 
rlimit: STACK 8192k, CORE 0k, NPROC 62748, NOFILE 4096, AS infinity
load average:0.86 0.87 0.74

/proc/meminfo:
MemTotal:       16089708 kB
MemFree:          142052 kB
MemAvailable:          0 kB
Buffers:             596 kB
Cached:            95956 kB
SwapCached:         8804 kB
Active:         14423976 kB
Inactive:        1321028 kB
Active(anon):   14420396 kB
Inactive(anon):  1309552 kB
Active(file):       3580 kB
Inactive(file):    11476 kB
Unevictable:        7132 kB
Mlocked:            7132 kB
SwapTotal:       2097148 kB
SwapFree:             44 kB
Dirty:               216 kB
Writeback:           200 kB
AnonPages:      15646832 kB
Mapped:            62436 kB
Shmem:             75448 kB
Slab:              55996 kB
SReclaimable:      21252 kB
SUnreclaim:        34744 kB
KernelStack:       18448 kB
PageTables:        45096 kB
NFS_Unstable:          0 kB
Bounce:                0 kB
WritebackTmp:          0 kB
CommitLimit:    10142000 kB
Committed_AS:   22331204 kB
VmallocTotal:   34359738367 kB
VmallocUsed:           0 kB
VmallocChunk:          0 kB
HardwareCorrupted:     0 kB
AnonHugePages:         0 kB
ShmemHugePages:        0 kB
ShmemPmdMapped:        0 kB
HugePages_Total:       0
HugePages_Free:        0
HugePages_Rsvd:        0
HugePages_Surp:        0
Hugepagesize:       2048 kB
DirectMap4k:      175088 kB
DirectMap2M:    12056576 kB
DirectMap1G:     4194304 kB


CPU:total 4 (initial active 4) (4 cores per cpu, 1 threads per core) family 6 model 94 stepping 3, cmov, cx8, fxsr, mmx, sse, sse2, sse3, ssse3, sse4.1, sse4.2, popcnt, avx, avx2, aes, clmul, erms, rtm, 3dnowpref, lzcnt, tsc, tscinvbit, bmi1, bmi2, adx

/proc/cpuinfo:
processor	: 0
vendor_id	: GenuineIntel
cpu family	: 6
model		: 94
model name	: Intel(R) Core(TM) i5-6600T CPU @ 2.70GHz
stepping	: 3
microcode	: 0xc2
cpu MHz		: 3225.531
cache size	: 6144 KB
physical id	: 0
siblings	: 4
core id		: 0
cpu cores	: 4
apicid		: 0
initial apicid	: 0
fpu		: yes
fpu_exception	: yes
cpuid level	: 22
wp		: yes
flags		: fpu vme de pse tsc msr pae mce cx8 apic sep mtrr pge mca cmov pat pse36 clflush dts acpi mmx fxsr sse sse2 ss ht tm pbe syscall nx pdpe1gb rdtscp lm constant_tsc art arch_perfmon pebs bts rep_good nopl xtopology nonstop_tsc aperfmperf eagerfpu pni pclmulqdq dtes64 monitor ds_cpl vmx smx est tm2 ssse3 sdbg fma cx16 xtpr pdcm pcid sse4_1 sse4_2 x2apic movbe popcnt tsc_deadline_timer aes xsave avx f16c rdrand lahf_lm abm 3dnowprefetch epb invpcid_single kaiser tpr_shadow vnmi flexpriority ept vpid fsgsbase tsc_adjust bmi1 hle avx2 smep bmi2 erms invpcid rtm mpx rdseed adx smap clflushopt intel_pt xsaveopt xsavec xgetbv1 xsaves dtherm ida arat pln pts hwp hwp_notify hwp_act_window hwp_epp
bugs		: cpu_meltdown spectre_v1 spectre_v2
bogomips	: 5424.00
clflush size	: 64
cache_alignment	: 64
address sizes	: 39 bits physical, 48 bits virtual
power management:

processor	: 1
vendor_id	: GenuineIntel
cpu family	: 6
model		: 94
model name	: Intel(R) Core(TM) i5-6600T CPU @ 2.70GHz
stepping	: 3
microcode	: 0xc2
cpu MHz		: 3205.426
cache size	: 6144 KB
physical id	: 0
siblings	: 4
core id		: 1
cpu cores	: 4
apicid		: 2
initial apicid	: 2
fpu		: yes
fpu_exception	: yes
cpuid level	: 22
wp		: yes
flags		: fpu vme de pse tsc msr pae mce cx8 apic sep mtrr pge mca cmov pat pse36 clflush dts acpi mmx fxsr sse sse2 ss ht tm pbe syscall nx pdpe1gb rdtscp lm constant_tsc art arch_perfmon pebs bts rep_good nopl xtopology nonstop_tsc aperfmperf eagerfpu pni pclmulqdq dtes64 monitor ds_cpl vmx smx est tm2 ssse3 sdbg fma cx16 xtpr pdcm pcid sse4_1 sse4_2 x2apic movbe popcnt tsc_deadline_timer aes xsave avx f16c rdrand lahf_lm abm 3dnowprefetch epb invpcid_single kaiser tpr_shadow vnmi flexpriority ept vpid fsgsbase tsc_adjust bmi1 hle avx2 smep bmi2 erms invpcid rtm mpx rdseed adx smap clflushopt intel_pt xsaveopt xsavec xgetbv1 xsaves dtherm ida arat pln pts hwp hwp_notify hwp_act_window hwp_epp
bugs		: cpu_meltdown spectre_v1 spectre_v2
bogomips	: 5424.00
clflush size	: 64
cache_alignment	: 64
address sizes	: 39 bits physical, 48 bits virtual
power management:

processor	: 2
vendor_id	: GenuineIntel
cpu family	: 6
model		: 94
model name	: Intel(R) Core(TM) i5-6600T CPU @ 2.70GHz
stepping	: 3
microcode	: 0xc2
cpu MHz		: 3203.778
cache size	: 6144 KB
physical id	: 0
siblings	: 4
core id		: 2
cpu cores	: 4
apicid		: 4
initial apicid	: 4
fpu		: yes
fpu_exception	: yes
cpuid level	: 22
wp		: yes
flags		: fpu vme de pse tsc msr pae mce cx8 apic sep mtrr pge mca cmov pat pse36 clflush dts acpi mmx fxsr sse sse2 ss ht tm pbe syscall nx pdpe1gb rdtscp lm constant_tsc art arch_perfmon pebs bts rep_good nopl xtopology nonstop_tsc aperfmperf eagerfpu pni pclmulqdq dtes64 monitor ds_cpl vmx smx est tm2 ssse3 sdbg fma cx16 xtpr pdcm pcid sse4_1 sse4_2 x2apic movbe popcnt tsc_deadline_timer aes xsave avx f16c rdrand lahf_lm abm 3dnowprefetch epb invpcid_single kaiser tpr_shadow vnmi flexpriority ept vpid fsgsbase tsc_adjust bmi1 hle avx2 smep bmi2 erms invpcid rtm mpx rdseed adx smap clflushopt intel_pt xsaveopt xsavec xgetbv1 xsaves dtherm ida arat pln pts hwp hwp_notify hwp_act_window hwp_epp
bugs		: cpu_meltdown spectre_v1 spectre_v2
bogomips	: 5424.00
clflush size	: 64
cache_alignment	: 64
address sizes	: 39 bits physical, 48 bits virtual
power management:

processor	: 3
vendor_id	: GenuineIntel
cpu family	: 6
model		: 94
model name	: Intel(R) Core(TM) i5-6600T CPU @ 2.70GHz
stepping	: 3
microcode	: 0xc2
cpu MHz		: 3234.429
cache size	: 6144 KB
physical id	: 0
siblings	: 4
core id		: 3
cpu cores	: 4
apicid		: 6
initial apicid	: 6
fpu		: yes
fpu_exception	: yes
cpuid level	: 22
wp		: yes
flags		: fpu vme de pse tsc msr pae mce cx8 apic sep mtrr pge mca cmov pat pse36 clflush dts acpi mmx fxsr sse sse2 ss ht tm pbe syscall nx pdpe1gb rdtscp lm constant_tsc art arch_perfmon pebs bts rep_good nopl xtopology nonstop_tsc aperfmperf eagerfpu pni pclmulqdq dtes64 monitor ds_cpl vmx smx est tm2 ssse3 sdbg fma cx16 xtpr pdcm pcid sse4_1 sse4_2 x2apic movbe popcnt tsc_deadline_timer aes xsave avx f16c rdrand lahf_lm abm 3dnowprefetch epb invpcid_single kaiser tpr_shadow vnmi flexpriority ept vpid fsgsbase tsc_adjust bmi1 hle avx2 smep bmi2 erms invpcid rtm mpx rdseed adx smap clflushopt intel_pt xsaveopt xsavec xgetbv1 xsaves dtherm ida arat pln pts hwp hwp_notify hwp_act_window hwp_epp
bugs		: cpu_meltdown spectre_v1 spectre_v2
bogomips	: 5424.00
clflush size	: 64
cache_alignment	: 64
address sizes	: 39 bits physical, 48 bits virtual
power management:



Memory: 4k page, physical 16089708k(142052k free), swap 2097148k(44k free)

vm_info: OpenJDK Server VM (25.171-b11) for linux-x86 JRE (1.8.0_171-8u171-b11-1~bpo8+1-b11), built on May 15 2018 21:14:08 by "buildd" with gcc 4.9.2

time: Fri May 18 14:27:00 2018
elapsed time: 0 seconds (0d 0h 0m 0s)

