#
# There is insufficient memory for the Java Runtime Environment to continue.
# Native memory allocation (mmap) failed to map 47972352 bytes for committing reserved memory.
# Possible reasons:
#   The system is out of physical RAM or swap space
#   In 32 bit mode, the process size limit was hit
# Possible solutions:
#   Reduce memory load on the system
#   Increase physical memory or swap space
#   Check if swap backing store is full
#   Use 64 bit Java on a 64 bit OS
#   Decrease Java heap size (-Xmx/-Xms)
#   Decrease number of Java threads
#   Decrease Java thread stack sizes (-Xss)
#   Set larger code cache with -XX:ReservedCodeCacheSize=
# This output file may be truncated or incomplete.
#
#  Out of Memory Error (os_linux.cpp:2643), pid=11159, tid=0xa36e4b40
#
# JRE version: OpenJDK Runtime Environment (8.0_171-b11) (build 1.8.0_171-8u171-b11-1~bpo8+1-b11)
# Java VM: OpenJDK Server VM (25.171-b11 mixed mode linux-x86 )
# Failed to write core dump. Core dumps have been disabled. To enable core dumping, try "ulimit -c unlimited" before starting Java again
#

---------------  T H R E A D  ---------------

Current thread (0xa3580c00):  VMThread [stack: 0xa3664000,0xa36e5000] [id=11170]

Stack: [0xa3664000,0xa36e5000],  sp=0xa36e3b40,  free space=510k
Native frames: (J=compiled Java code, j=interpreted, Vv=VM code, C=native code)
V  [libjvm.so+0x900990]
V  [libjvm.so+0x3c5c66]
V  [libjvm.so+0x769b60]
V  [libjvm.so+0x763cb3]
V  [libjvm.so+0x7d7fdc]
V  [libjvm.so+0x7c9e0f]
V  [libjvm.so+0x7c9fad]
V  [libjvm.so+0x7ca8c7]
V  [libjvm.so+0x7cf976]
V  [libjvm.so+0x7d6441]
V  [libjvm.so+0x78dae5]
V  [libjvm.so+0x9024e9]
V  [libjvm.so+0x9079d6]
V  [libjvm.so+0x905cf9]
V  [libjvm.so+0x906233]
V  [libjvm.so+0x90677b]
V  [libjvm.so+0x766cb5]
C  [libpthread.so.0+0x6326]  start_thread+0xf6

VM_Operation (0xa26fe4e4): ParallelGCFailedAllocation, mode: safepoint, requested by thread 0xa2724c00


---------------  P R O C E S S  ---------------

Java Threads: ( => current thread )
  0xa2400c00 JavaThread "TimerQueue" daemon [_thread_blocked, id=11183, stack(0xa255e000,0xa25af000)]
  0xf6008000 JavaThread "DestroyJavaVM" [_thread_blocked, id=11165, stack(0xf61e7000,0xf6238000)]
  0xa2724c00 JavaThread "AWT-EventQueue-0" [_thread_blocked, id=11182, stack(0xa26af000,0xa2700000)]
  0xa2723c00 JavaThread "AWT-Shutdown" [_thread_blocked, id=11181, stack(0xa2801000,0xa2852000)]
  0xa2720c00 JavaThread "AWT-XAWT" daemon [_thread_blocked, id=11180, stack(0xa2852000,0xa28a3000)]
  0xa270d800 JavaThread "Java2D Disposer" daemon [_thread_blocked, id=11179, stack(0xa28a3000,0xa28f4000)]
  0xa35b4000 JavaThread "Service Thread" daemon [_thread_blocked, id=11177, stack(0xa2edb000,0xa2f2c000)]
  0xa35a8c00 JavaThread "C1 CompilerThread2" daemon [_thread_blocked, id=11176, stack(0xa2f2c000,0xa2fad000)]
  0xa35a7000 JavaThread "C2 CompilerThread1" daemon [_thread_blocked, id=11175, stack(0xa2fad000,0xa302e000)]
  0xa35a5400 JavaThread "C2 CompilerThread0" daemon [_thread_blocked, id=11174, stack(0xa302e000,0xa30af000)]
  0xa35a3800 JavaThread "Signal Dispatcher" daemon [_thread_blocked, id=11173, stack(0xa30af000,0xa3100000)]
  0xa3588400 JavaThread "Finalizer" daemon [_thread_blocked, id=11172, stack(0xa622e000,0xa627f000)]
  0xa3585400 JavaThread "Reference Handler" daemon [_thread_blocked, id=11171, stack(0xa642e000,0xa647f000)]

Other Threads:
=>0xa3580c00 VMThread [stack: 0xa3664000,0xa36e5000] [id=11170]
  0xa35b5c00 WatcherThread [stack: 0xa2e5a000,0xa2edb000] [id=11178]

VM state:at safepoint (normal execution)

VM Mutex/Monitor currently owned by a thread:  ([mutex/lock_event])
[0xf6006640] ExpandHeap_lock - owner thread: 0xa3580c00
[0xf6006bf0] Threads_lock - owner thread: 0xa3580c00
[0xf6007050] Heap_lock - owner thread: 0xa2724c00

Heap:
 PSYoungGen      total 231424K, used 0K [0xd16c0000, 0xe6c00000, 0xe6c00000)
  eden space 129536K, 0% used [0xd16c0000,0xd16c0000,0xd9540000)
  from space 101888K, 0% used [0xd9540000,0xd9540000,0xdf8c0000)
  to   space 116480K, 0% used [0xdfa40000,0xdfa40000,0xe6c00000)
 ParOldGen       total 189696K, used 122085K [0xa6c00000, 0xb2540000, 0xd16c0000)
  object space 189696K, 64% used [0xa6c00000,0xae3394f8,0xb2540000)
 Metaspace       used 5673K, capacity 5863K, committed 5912K, reserved 6448K

Card table byte_map: [0xa69ff000,0xa6c00000] byte_map_base: 0xa64c9000

Marking Bits: (ParMarkBitMap*) 0xf7059280
 Begin Bits: [0xa4100000, 0xa5100000)
 End Bits:   [0xa5100000, 0xa6100000)

Polling page: 0xf76c8000

CodeCache: size=245760Kb used=2191Kb max_used=2195Kb free=243568Kb
 bounds [0xe7000000, 0xe7240000, 0xf6000000]
 total_blobs=910 nmethods=657 adapters=168
 compilation: enabled

Compilation events (10 events):
Event: 4.505 Thread 0xa35a8c00  655       3       java.security.AccessControlContext::combine (205 bytes)
Event: 4.505 Thread 0xa35a8c00 nmethod 655 0xe7209f48 code [0xe720a0e0, 0xe720a958]
Event: 4.505 Thread 0xa35a8c00  656       3       java.awt.GraphicsEnvironment::isHeadless (4 bytes)
Event: 4.505 Thread 0xa35a8c00 nmethod 656 0xe7201e88 code [0xe7201fe0, 0xe720238c]
Event: 4.584 Thread 0xa35a8c00  657       3       java.util.LinkedHashMap$Entry::<init> (10 bytes)
Event: 4.584 Thread 0xa35a8c00 nmethod 657 0xe7209b88 code [0xe7209ca0, 0xe7209e40]
Event: 4.639 Thread 0xa35a8c00  658       3       java.util.concurrent.locks.ReentrantLock$Sync::isHeldExclusively (16 bytes)
Event: 4.639 Thread 0xa35a8c00 nmethod 658 0xe7209848 code [0xe7209960, 0xe7209b20]
Event: 4.804 Thread 0xa35a8c00  660       3       java.security.AccessControlContext::calculateFields (89 bytes)
Event: 4.805 Thread 0xa35a8c00 nmethod 660 0xe7209388 code [0xe72094c0, 0xe7209738]

GC Heap History (10 events):
Event: 3.942 GC heap after
Heap after GC invocations=18 (full 3):
 PSYoungGen      total 192256K, used 39794K [0xd16c0000, 0xe34c0000, 0xe6c00000)
  eden space 98816K, 0% used [0xd16c0000,0xd16c0000,0xd7740000)
  from space 93440K, 42% used [0xd7740000,0xd9e1c978,0xdd280000)
  to   space 88320K, 0% used [0xdde80000,0xdde80000,0xe34c0000)
 ParOldGen       total 189696K, used 98497K [0xa6c00000, 0xb2540000, 0xd16c0000)
  object space 189696K, 51% used [0xa6c00000,0xacc30548,0xb2540000)
 Metaspace       used 5669K, capacity 5863K, committed 5912K, reserved 6448K
}
Event: 4.165 GC heap before
{Heap before GC invocations=19 (full 3):
 PSYoungGen      total 192256K, used 138610K [0xd16c0000, 0xe34c0000, 0xe6c00000)
  eden space 98816K, 100% used [0xd16c0000,0xd7740000,0xd7740000)
  from space 93440K, 42% used [0xd7740000,0xd9e1c978,0xdd280000)
  to   space 88320K, 0% used [0xdde80000,0xdde80000,0xe34c0000)
 ParOldGen       total 189696K, used 98497K [0xa6c00000, 0xb2540000, 0xd16c0000)
  object space 189696K, 51% used [0xa6c00000,0xacc30548,0xb2540000)
 Metaspace       used 5669K, capacity 5863K, committed 5912K, reserved 6448K
Event: 4.186 GC heap after
Heap after GC invocations=19 (full 3):
 PSYoungGen      total 197376K, used 46425K [0xd16c0000, 0xe2ec0000, 0xe6c00000)
  eden space 115200K, 0% used [0xd16c0000,0xd16c0000,0xd8740000)
  from space 82176K, 56% used [0xdde80000,0xe0bd6528,0xe2ec0000)
  to   space 85760K, 0% used [0xd8740000,0xd8740000,0xddb00000)
 ParOldGen       total 189696K, used 98497K [0xa6c00000, 0xb2540000, 0xd16c0000)
  object space 189696K, 51% used [0xa6c00000,0xacc30548,0xb2540000)
 Metaspace       used 5669K, capacity 5863K, committed 5912K, reserved 6448K
}
Event: 4.441 GC heap before
{Heap before GC invocations=20 (full 3):
 PSYoungGen      total 197376K, used 161625K [0xd16c0000, 0xe2ec0000, 0xe6c00000)
  eden space 115200K, 100% used [0xd16c0000,0xd8740000,0xd8740000)
  from space 82176K, 56% used [0xdde80000,0xe0bd6528,0xe2ec0000)
  to   space 85760K, 0% used [0xd8740000,0xd8740000,0xddb00000)
 ParOldGen       total 189696K, used 98497K [0xa6c00000, 0xb2540000, 0xd16c0000)
  object space 189696K, 51% used [0xa6c00000,0xacc30548,0xb2540000)
 Metaspace       used 5670K, capacity 5863K, committed 5912K, reserved 6448K
Event: 4.504 GC heap after
Heap after GC invocations=20 (full 3):
 PSYoungGen      total 200960K, used 85745K [0xd16c0000, 0xe6640000, 0xe6c00000)
  eden space 115200K, 0% used [0xd16c0000,0xd16c0000,0xd8740000)
  from space 85760K, 99% used [0xd8740000,0xddafc520,0xddb00000)
  to   space 107008K, 0% used [0xdfdc0000,0xdfdc0000,0xe6640000)
 ParOldGen       total 189696K, used 123517K [0xa6c00000, 0xb2540000, 0xd16c0000)
  object space 189696K, 65% used [0xa6c00000,0xae49f548,0xb2540000)
 Metaspace       used 5670K, capacity 5863K, committed 5912K, reserved 6448K
}
Event: 4.763 GC heap before
{Heap before GC invocations=21 (full 3):
 PSYoungGen      total 200960K, used 200945K [0xd16c0000, 0xe6640000, 0xe6c00000)
  eden space 115200K, 100% used [0xd16c0000,0xd8740000,0xd8740000)
  from space 85760K, 99% used [0xd8740000,0xddafc520,0xddb00000)
  to   space 107008K, 0% used [0xdfdc0000,0xdfdc0000,0xe6640000)
 ParOldGen       total 189696K, used 123517K [0xa6c00000, 0xb2540000, 0xd16c0000)
  object space 189696K, 65% used [0xa6c00000,0xae49f548,0xb2540000)
 Metaspace       used 5672K, capacity 5863K, committed 5912K, reserved 6448K
Event: 4.804 GC heap after
Heap after GC invocations=21 (full 3):
 PSYoungGen      total 226304K, used 43689K [0xd16c0000, 0xe5c40000, 0xe6c00000)
  eden space 129536K, 0% used [0xd16c0000,0xd16c0000,0xd9540000)
  from space 96768K, 45% used [0xdfdc0000,0xe286a528,0xe5c40000)
  to   space 101888K, 0% used [0xd9540000,0xd9540000,0xdf8c0000)
 ParOldGen       total 189696K, used 138865K [0xa6c00000, 0xb2540000, 0xd16c0000)
  object space 189696K, 73% used [0xa6c00000,0xaf39c548,0xb2540000)
 Metaspace       used 5672K, capacity 5863K, committed 5912K, reserved 6448K
}
Event: 5.103 GC heap before
{Heap before GC invocations=22 (full 3):
 PSYoungGen      total 226304K, used 173225K [0xd16c0000, 0xe5c40000, 0xe6c00000)
  eden space 129536K, 100% used [0xd16c0000,0xd9540000,0xd9540000)
  from space 96768K, 45% used [0xdfdc0000,0xe286a528,0xe5c40000)
  to   space 101888K, 0% used [0xd9540000,0xd9540000,0xdf8c0000)
 ParOldGen       total 189696K, used 138865K [0xa6c00000, 0xb2540000, 0xd16c0000)
  object space 189696K, 73% used [0xa6c00000,0xaf39c548,0xb2540000)
 Metaspace       used 5673K, capacity 5863K, committed 5912K, reserved 6448K
Event: 5.181 GC heap after
Heap after GC invocations=22 (full 3):
 PSYoungGen      total 231424K, used 101872K [0xd16c0000, 0xe6c00000, 0xe6c00000)
  eden space 129536K, 0% used [0xd16c0000,0xd16c0000,0xd9540000)
  from space 101888K, 99% used [0xd9540000,0xdf8bc378,0xdf8c0000)
  to   space 116480K, 0% used [0xdfa40000,0xdfa40000,0xe6c00000)
 ParOldGen       total 189696K, used 158133K [0xa6c00000, 0xb2540000, 0xd16c0000)
  object space 189696K, 83% used [0xa6c00000,0xb066d548,0xb2540000)
 Metaspace       used 5673K, capacity 5863K, committed 5912K, reserved 6448K
}
Event: 5.181 GC heap before
{Heap before GC invocations=23 (full 4):
 PSYoungGen      total 231424K, used 101872K [0xd16c0000, 0xe6c00000, 0xe6c00000)
  eden space 129536K, 0% used [0xd16c0000,0xd16c0000,0xd9540000)
  from space 101888K, 99% used [0xd9540000,0xdf8bc378,0xdf8c0000)
  to   space 116480K, 0% used [0xdfa40000,0xdfa40000,0xe6c00000)
 ParOldGen       total 189696K, used 158133K [0xa6c00000, 0xb2540000, 0xd16c0000)
  object space 189696K, 83% used [0xa6c00000,0xb066d548,0xb2540000)
 Metaspace       used 5673K, capacity 5863K, committed 5912K, reserved 6448K

Deoptimization events (10 events):
Event: 1.050 Thread 0xa2724c00 Uncommon trap: reason=class_check action=maybe_recompile pc=0xe71a97cc method=java.util.HashMap.putVal(ILjava/lang/Object;Ljava/lang/Object;ZZ)Ljava/lang/Object; @ 203
Event: 1.060 Thread 0xa2724c00 Uncommon trap: reason=class_check action=maybe_recompile pc=0xe71a97cc method=java.util.HashMap.putVal(ILjava/lang/Object;Ljava/lang/Object;ZZ)Ljava/lang/Object; @ 203
Event: 1.447 Thread 0xa2724c00 Uncommon trap: reason=class_check action=maybe_recompile pc=0xe71a97cc method=java.util.HashMap.putVal(ILjava/lang/Object;Ljava/lang/Object;ZZ)Ljava/lang/Object; @ 203
Event: 1.460 Thread 0xa2724c00 Uncommon trap: reason=unstable_if action=reinterpret pc=0xe718dd5c method=PriorityQueue.add(Ljava/lang/Object;)V @ 45
Event: 1.622 Thread 0xa2724c00 Uncommon trap: reason=unstable_if action=reinterpret pc=0xe71905c0 method=Map.putOnMapH(LCarInterface;)Z @ 38
Event: 1.622 Thread 0xa2724c00 Uncommon trap: reason=unstable_if action=reinterpret pc=0xe717f96c method=Map.putOnMapH(LCarInterface;)Z @ 38
Event: 1.622 Thread 0xa2724c00 Uncommon trap: reason=unstable_if action=reinterpret pc=0xe71a8268 method=PriorityQueue.remove()Ljava/lang/Object; @ 51
Event: 2.677 Thread 0xa2724c00 Uncommon trap: reason=unstable_if action=reinterpret pc=0xe71f58c4 method=WeightedAstarSearch.findTotalDistanceToGoal(LState;)I @ 141
Event: 2.727 Thread 0xa2724c00 Uncommon trap: reason=unstable_if action=reinterpret pc=0xe71e77c8 method=WeightedAstarSearch.findTotalDistanceToGoal(LState;)I @ 141
Event: 2.731 Thread 0xa2724c00 Uncommon trap: reason=unstable_if action=reinterpret pc=0xe71e2178 method=PriorityQueue.add(Ljava/lang/Object;)V @ 45

Classes redefined (0 events):
No events

Internal exceptions (10 events):
Event: 0.192 Thread 0xf6008000 Exception <a 'java/lang/NoSuchFieldError': method resolution failed> (0xd185d490) thrown at [/build/openjdk-8-rcxM0S/openjdk-8-8u171-b11/src/hotspot/src/share/vm/prims/methodHandles.cpp, line 1167]
Event: 0.193 Thread 0xf6008000 Exception <a 'java/lang/NoSuchFieldError': method resolution failed> (0xd1869688) thrown at [/build/openjdk-8-rcxM0S/openjdk-8-8u171-b11/src/hotspot/src/share/vm/prims/methodHandles.cpp, line 1167]
Event: 0.214 Thread 0xf6008000 Exception <a 'java/security/PrivilegedActionException'> (0xd18e6df0) thrown at [/build/openjdk-8-rcxM0S/openjdk-8-8u171-b11/src/hotspot/src/share/vm/prims/jvm.cpp, line 1435]
Event: 0.214 Thread 0xf6008000 Exception <a 'java/security/PrivilegedActionException'> (0xd18e6ff0) thrown at [/build/openjdk-8-rcxM0S/openjdk-8-8u171-b11/src/hotspot/src/share/vm/prims/jvm.cpp, line 1435]
Event: 0.214 Thread 0xf6008000 Exception <a 'java/security/PrivilegedActionException'> (0xd18e8ba0) thrown at [/build/openjdk-8-rcxM0S/openjdk-8-8u171-b11/src/hotspot/src/share/vm/prims/jvm.cpp, line 1435]
Event: 0.214 Thread 0xf6008000 Exception <a 'java/security/PrivilegedActionException'> (0xd18e8da0) thrown at [/build/openjdk-8-rcxM0S/openjdk-8-8u171-b11/src/hotspot/src/share/vm/prims/jvm.cpp, line 1435]
Event: 0.214 Thread 0xf6008000 Exception <a 'java/security/PrivilegedActionException'> (0xd18e9748) thrown at [/build/openjdk-8-rcxM0S/openjdk-8-8u171-b11/src/hotspot/src/share/vm/prims/jvm.cpp, line 1435]
Event: 0.214 Thread 0xf6008000 Exception <a 'java/security/PrivilegedActionException'> (0xd18e9948) thrown at [/build/openjdk-8-rcxM0S/openjdk-8-8u171-b11/src/hotspot/src/share/vm/prims/jvm.cpp, line 1435]
Event: 0.229 Thread 0xf6008000 Exception <a 'java/io/FileNotFoundException'> (0xd18fa728) thrown at [/build/openjdk-8-rcxM0S/openjdk-8-8u171-b11/src/hotspot/src/share/vm/prims/jni.cpp, line 709]
Event: 0.253 Thread 0xf6008000 Exception <a 'java/lang/ClassNotFoundException': sun/dc/DuctusRenderingEngine> (0xd19079b0) thrown at [/build/openjdk-8-rcxM0S/openjdk-8-8u171-b11/src/hotspot/src/share/vm/classfile/systemDictionary.cpp, line 210]

Events (10 events):
Event: 3.942 Executing VM operation: ParallelGCFailedAllocation done
Event: 4.104 Executing VM operation: EnableBiasedLocking
Event: 4.104 Executing VM operation: EnableBiasedLocking done
Event: 4.165 Executing VM operation: ParallelGCFailedAllocation
Event: 4.186 Executing VM operation: ParallelGCFailedAllocation done
Event: 4.441 Executing VM operation: ParallelGCFailedAllocation
Event: 4.504 Executing VM operation: ParallelGCFailedAllocation done
Event: 4.763 Executing VM operation: ParallelGCFailedAllocation
Event: 4.804 Executing VM operation: ParallelGCFailedAllocation done
Event: 5.103 Executing VM operation: ParallelGCFailedAllocation


Dynamic libraries:
08048000-08049000 r-xp 00000000 08:01 3777265                            /usr/lib/jvm/java-8-openjdk-i386/jre/bin/java
08049000-0804a000 r--p 00000000 08:01 3777265                            /usr/lib/jvm/java-8-openjdk-i386/jre/bin/java
0804a000-0804b000 rw-p 00001000 08:01 3777265                            /usr/lib/jvm/java-8-openjdk-i386/jre/bin/java
092bf000-09333000 rw-p 00000000 00:00 0                                  [heap]
a1100000-a1153000 rw-p 00000000 00:00 0 
a1153000-a1200000 ---p 00000000 00:00 0 
a1200000-a1300000 rw-p 00000000 00:00 0 
a1300000-a13fd000 rw-p 00000000 00:00 0 
a13fd000-a1400000 ---p 00000000 00:00 0 
a1400000-a14f1000 rw-p 00000000 00:00 0 
a14f1000-a1500000 ---p 00000000 00:00 0 
a1500000-a15e1000 rw-p 00000000 00:00 0 
a15e1000-a1600000 ---p 00000000 00:00 0 
a1700000-a17f1000 rw-p 00000000 00:00 0 
a17f1000-a1800000 ---p 00000000 00:00 0 
a1800000-a18f9000 rw-p 00000000 00:00 0 
a18f9000-a1900000 ---p 00000000 00:00 0 
a1900000-a19f1000 rw-p 00000000 00:00 0 
a19f1000-a1a00000 ---p 00000000 00:00 0 
a1a00000-a1af6000 rw-p 00000000 00:00 0 
a1af6000-a1b00000 ---p 00000000 00:00 0 
a1b00000-a1bff000 rw-p 00000000 00:00 0 
a1bff000-a1c00000 ---p 00000000 00:00 0 
a1c00000-a1cf1000 rw-p 00000000 00:00 0 
a1cf1000-a1d00000 ---p 00000000 00:00 0 
a1d00000-a1dfb000 rw-p 00000000 00:00 0 
a1dfb000-a1e00000 ---p 00000000 00:00 0 
a1e00000-a1efa000 rw-p 00000000 00:00 0 
a1efa000-a1f00000 ---p 00000000 00:00 0 
a1f00000-a1ff9000 rw-p 00000000 00:00 0 
a1ff9000-a2000000 ---p 00000000 00:00 0 
a2000000-a20f1000 rw-p 00000000 00:00 0 
a20f1000-a2100000 ---p 00000000 00:00 0 
a2100000-a2186000 rw-p 00000000 00:00 0 
a2186000-a2200000 ---p 00000000 00:00 0 
a2300000-a2380000 rw-p 00000000 00:00 0 
a2380000-a2400000 ---p 00000000 00:00 0 
a2400000-a24ff000 rw-p 00000000 00:00 0 
a24ff000-a2500000 ---p 00000000 00:00 0 
a255e000-a2561000 ---p 00000000 00:00 0 
a2561000-a25af000 rw-p 00000000 00:00 0 
a25af000-a26af000 rw-p 00000000 00:00 0 
a26af000-a26b2000 ---p 00000000 00:00 0 
a26b2000-a2700000 rw-p 00000000 00:00 0 
a2700000-a273e000 rw-p 00000000 00:00 0 
a273e000-a2800000 ---p 00000000 00:00 0 
a2801000-a2804000 ---p 00000000 00:00 0 
a2804000-a2852000 rw-p 00000000 00:00 0 
a2852000-a2855000 ---p 00000000 00:00 0 
a2855000-a28a3000 rw-p 00000000 00:00 0 
a28a3000-a28a6000 ---p 00000000 00:00 0 
a28a6000-a28f4000 rw-p 00000000 00:00 0 
a28f4000-a292c000 r-xp 00000000 08:01 3771954                            /usr/lib/i386-linux-gnu/libpng16.so.16.28.0
a292c000-a292d000 r--p 00037000 08:01 3771954                            /usr/lib/i386-linux-gnu/libpng16.so.16.28.0
a292d000-a292e000 rw-p 00038000 08:01 3771954                            /usr/lib/i386-linux-gnu/libpng16.so.16.28.0
a292e000-a29dd000 r-xp 00000000 08:01 3768808                            /usr/lib/i386-linux-gnu/libfreetype.so.6.12.3
a29dd000-a29e1000 r--p 000ae000 08:01 3768808                            /usr/lib/i386-linux-gnu/libfreetype.so.6.12.3
a29e1000-a29e2000 rw-p 000b2000 08:01 3768808                            /usr/lib/i386-linux-gnu/libfreetype.so.6.12.3
a29e2000-a2a2f000 r-xp 00000000 08:01 3777302                            /usr/lib/jvm/java-8-openjdk-i386/jre/lib/i386/libfontmanager.so
a2a2f000-a2a32000 r--p 0004c000 08:01 3777302                            /usr/lib/jvm/java-8-openjdk-i386/jre/lib/i386/libfontmanager.so
a2a32000-a2a33000 rw-p 0004f000 08:01 3777302                            /usr/lib/jvm/java-8-openjdk-i386/jre/lib/i386/libfontmanager.so
a2a33000-a2a57000 r-xp 00000000 08:01 3769061                            /usr/lib/i386-linux-gnu/libxcb.so.1.1.0
a2a57000-a2a58000 r--p 00023000 08:01 3769061                            /usr/lib/i386-linux-gnu/libxcb.so.1.1.0
a2a58000-a2a59000 rw-p 00024000 08:01 3769061                            /usr/lib/i386-linux-gnu/libxcb.so.1.1.0
a2a59000-a2ba6000 r-xp 00000000 08:01 3768763                            /usr/lib/i386-linux-gnu/libX11.so.6.3.0
a2ba6000-a2ba8000 r--p 0014d000 08:01 3768763                            /usr/lib/i386-linux-gnu/libX11.so.6.3.0
a2ba8000-a2bab000 rw-p 0014f000 08:01 3768763                            /usr/lib/i386-linux-gnu/libX11.so.6.3.0
a2bab000-a2bfc000 r-xp 00000000 08:01 3777300                            /usr/lib/jvm/java-8-openjdk-i386/jre/lib/i386/libawt_xawt.so
a2bfc000-a2bfd000 r--p 00050000 08:01 3777300                            /usr/lib/jvm/java-8-openjdk-i386/jre/lib/i386/libawt_xawt.so
a2bfd000-a2bff000 rw-p 00051000 08:01 3777300                            /usr/lib/jvm/java-8-openjdk-i386/jre/lib/i386/libawt_xawt.so
a2bff000-a2c00000 rw-p 00000000 00:00 0 
a2c00000-a2d00000 rw-p 00000000 00:00 0 
a2d09000-a2d98000 r-xp 00000000 08:01 3777298                            /usr/lib/jvm/java-8-openjdk-i386/jre/lib/i386/libawt.so
a2d98000-a2d99000 r--p 0008e000 08:01 3777298                            /usr/lib/jvm/java-8-openjdk-i386/jre/lib/i386/libawt.so
a2d99000-a2da0000 rw-p 0008f000 08:01 3777298                            /usr/lib/jvm/java-8-openjdk-i386/jre/lib/i386/libawt.so
a2da0000-a2dc4000 rw-p 00000000 00:00 0 
a2dc4000-a2e5a000 r--s 008d6000 08:01 958857                             /usr/share/java/openjfx/jre/lib/ext/jfxrt.jar
a2e5a000-a2e5b000 ---p 00000000 00:00 0 
a2e5b000-a2edb000 rw-p 00000000 00:00 0 
a2edb000-a2ede000 ---p 00000000 00:00 0 
a2ede000-a2f2c000 rw-p 00000000 00:00 0 
a2f2c000-a2f2f000 ---p 00000000 00:00 0 
a2f2f000-a2fad000 rw-p 00000000 00:00 0 
a2fad000-a2fb0000 ---p 00000000 00:00 0 
a2fb0000-a302e000 rw-p 00000000 00:00 0 
a302e000-a3031000 ---p 00000000 00:00 0 
a3031000-a30af000 rw-p 00000000 00:00 0 
a30af000-a30b2000 ---p 00000000 00:00 0 
a30b2000-a3100000 rw-p 00000000 00:00 0 
a3100000-a3300000 r--p 00000000 08:01 3785092                            /usr/lib/locale/locale-archive
a3300000-a33fc000 rw-p 00000000 00:00 0 
a33fc000-a3400000 ---p 00000000 00:00 0 
a3400000-a3421000 rw-p 00000000 00:00 0 
a3421000-a3500000 ---p 00000000 00:00 0 
a3500000-a35ff000 rw-p 00000000 00:00 0 
a35ff000-a3600000 ---p 00000000 00:00 0 
a3618000-a3664000 r--p 00231000 08:01 3785092                            /usr/lib/locale/locale-archive
a3664000-a3665000 ---p 00000000 00:00 0 
a3665000-a36e5000 rw-p 00000000 00:00 0 
a36e5000-a38b4000 r--s 03c2f000 08:01 3777352                            /usr/lib/jvm/java-8-openjdk-i386/jre/lib/rt.jar
a38b4000-a3cfa000 rw-p 00000000 00:00 0 
a3cfa000-a3d00000 ---p 00000000 00:00 0 
a3d00000-a6100000 rw-p 00000000 00:00 0 
a6100000-a61fd000 rw-p 00000000 00:00 0 
a61fd000-a6200000 ---p 00000000 00:00 0 
a6202000-a6207000 r-xp 00000000 08:01 3769047                            /usr/lib/i386-linux-gnu/libXfixes.so.3.1.0
a6207000-a6208000 r--p 00004000 08:01 3769047                            /usr/lib/i386-linux-gnu/libXfixes.so.3.1.0
a6208000-a6209000 rw-p 00005000 08:01 3769047                            /usr/lib/i386-linux-gnu/libXfixes.so.3.1.0
a6209000-a6213000 r-xp 00000000 08:01 3769045                            /usr/lib/i386-linux-gnu/libXcursor.so.1.0.2
a6213000-a6214000 r--p 00009000 08:01 3769045                            /usr/lib/i386-linux-gnu/libXcursor.so.1.0.2
a6214000-a6215000 rw-p 0000a000 08:01 3769045                            /usr/lib/i386-linux-gnu/libXcursor.so.1.0.2
a6215000-a621a000 r-xp 00000000 08:01 3769033                            /usr/lib/i386-linux-gnu/libXdmcp.so.6.0.0
a621a000-a621b000 rw-p 00004000 08:01 3769033                            /usr/lib/i386-linux-gnu/libXdmcp.so.6.0.0
a621b000-a622c000 r-xp 00000000 08:01 3769866                            /usr/lib/i386-linux-gnu/libXi.so.6.1.0
a622c000-a622d000 r--p 00010000 08:01 3769866                            /usr/lib/i386-linux-gnu/libXi.so.6.1.0
a622d000-a622e000 rw-p 00011000 08:01 3769866                            /usr/lib/i386-linux-gnu/libXi.so.6.1.0
a622e000-a6231000 ---p 00000000 00:00 0 
a6231000-a627f000 rw-p 00000000 00:00 0 
a627f000-a6280000 ---p 00000000 00:00 0 
a6280000-a6300000 rw-p 00000000 00:00 0 
a6300000-a63fa000 rw-p 00000000 00:00 0 
a63fa000-a6400000 ---p 00000000 00:00 0 
a6405000-a640b000 r-xp 00000000 08:01 3769878                            /usr/lib/i386-linux-gnu/libXtst.so.6.1.0
a640b000-a640c000 r--p 00005000 08:01 3769878                            /usr/lib/i386-linux-gnu/libXtst.so.6.1.0
a640c000-a640d000 rw-p 00006000 08:01 3769878                            /usr/lib/i386-linux-gnu/libXtst.so.6.1.0
a640d000-a6417000 r-xp 00000000 08:01 3768769                            /usr/lib/i386-linux-gnu/libXrender.so.1.3.0
a6417000-a6418000 r--p 00009000 08:01 3768769                            /usr/lib/i386-linux-gnu/libXrender.so.1.3.0
a6418000-a6419000 rw-p 0000a000 08:01 3768769                            /usr/lib/i386-linux-gnu/libXrender.so.1.3.0
a6419000-a642c000 r-xp 00000000 08:01 3769035                            /usr/lib/i386-linux-gnu/libXext.so.6.4.0
a642c000-a642d000 r--p 00012000 08:01 3769035                            /usr/lib/i386-linux-gnu/libXext.so.6.4.0
a642d000-a642e000 rw-p 00013000 08:01 3769035                            /usr/lib/i386-linux-gnu/libXext.so.6.4.0
a642e000-a6431000 ---p 00000000 00:00 0 
a6431000-a647f000 rw-p 00000000 00:00 0 
a647f000-a6480000 ---p 00000000 00:00 0 
a6480000-a6500000 rw-p 00000000 00:00 0 
a6500000-a6521000 rw-p 00000000 00:00 0 
a6521000-a6600000 ---p 00000000 00:00 0 
a6601000-a6603000 r-xp 00000000 08:01 3769031                            /usr/lib/i386-linux-gnu/libXau.so.6.0.0
a6603000-a6604000 r--p 00001000 08:01 3769031                            /usr/lib/i386-linux-gnu/libXau.so.6.0.0
a6604000-a6605000 rw-p 00002000 08:01 3769031                            /usr/lib/i386-linux-gnu/libXau.so.6.0.0
a662c000-a6631000 r--s 002f9000 08:01 3777276                            /usr/lib/jvm/java-8-openjdk-i386/jre/lib/charsets.jar
a6631000-a667f000 rw-p 00000000 00:00 0 
a667f000-a6680000 ---p 00000000 00:00 0 
a6680000-a6700000 rw-p 00000000 00:00 0 
a6700000-a6721000 rw-p 00000000 00:00 0 
a6721000-a6800000 ---p 00000000 00:00 0 
a6803000-a6808000 r--s 002f9000 08:01 3777276                            /usr/lib/jvm/java-8-openjdk-i386/jre/lib/charsets.jar
a6808000-a680a000 r--s 00016000 08:01 3777345                            /usr/lib/jvm/java-8-openjdk-i386/jre/lib/jce.jar
a680a000-a680f000 r--s 0009d000 08:01 3777347                            /usr/lib/jvm/java-8-openjdk-i386/jre/lib/jsse.jar
a680f000-a6822000 r--s 00346000 08:01 3777351                            /usr/lib/jvm/java-8-openjdk-i386/jre/lib/resources.jar
a6822000-a6828000 r--s 0003b000 08:01 3777291                            /usr/lib/jvm/java-8-openjdk-i386/jre/lib/ext/sunjce_provider.jar
a6828000-a6829000 ---p 00000000 00:00 0 
a6829000-a68a9000 rw-p 00000000 00:00 0 
a68a9000-a6906000 rw-p 00000000 00:00 0 
a6906000-a69ff000 ---p 00000000 00:00 0 
a69ff000-a6a5c000 rw-p 00000000 00:00 0 
a6a5c000-a6b54000 ---p 00000000 00:00 0 
a6b54000-a6bff000 rw-p 00000000 00:00 0 
a6bff000-b2540000 rw-p 00000000 00:00 0 
b5300000-d16c0000 ---p 00000000 00:00 0 
d16c0000-e6c00000 rw-p 00000000 00:00 0 
e6c00000-e6c1b000 r--s 00394000 08:01 3777284                            /usr/lib/jvm/java-8-openjdk-i386/jre/lib/ext/cldrdata.jar
e6c1b000-e6c25000 r--s 00116000 08:01 3777288                            /usr/lib/jvm/java-8-openjdk-i386/jre/lib/ext/localedata.jar
e6c25000-e6c40000 r--s 001d6000 08:01 3777289                            /usr/lib/jvm/java-8-openjdk-i386/jre/lib/ext/nashorn.jar
e6c40000-e6c49000 rw-p 00000000 00:00 0 
e6c49000-e7000000 ---p 00000000 00:00 0 
e7000000-e7240000 rwxp 00000000 00:00 0 
e7240000-f6000000 ---p 00000000 00:00 0 
f6000000-f60fd000 rw-p 00000000 00:00 0 
f60fd000-f6100000 ---p 00000000 00:00 0 
f6101000-f6102000 r--s 00007000 08:01 600280                             /usr/share/java/java-atk-wrapper.jar
f6102000-f6105000 r--s 0000f000 08:01 3777286                            /usr/lib/jvm/java-8-openjdk-i386/jre/lib/ext/icedtea-sound.jar
f6105000-f6107000 r--s 00008000 08:01 3777290                            /usr/lib/jvm/java-8-openjdk-i386/jre/lib/ext/sunec.jar
f6107000-f6108000 r--s 00010000 08:01 3777293                            /usr/lib/jvm/java-8-openjdk-i386/jre/lib/ext/zipfs.jar
f6108000-f610b000 r--s 00038000 08:01 3777292                            /usr/lib/jvm/java-8-openjdk-i386/jre/lib/ext/sunpkcs11.jar
f610b000-f6166000 rw-p 00000000 00:00 0 
f6166000-f617e000 rw-p 00000000 00:00 0 
f617e000-f61b3000 r--s 00000000 08:01 2978214                            /var/cache/nscd/passwd
f61b3000-f61db000 r-xp 00000000 08:01 3777310                            /usr/lib/jvm/java-8-openjdk-i386/jre/lib/i386/libjava.so
f61db000-f61dc000 r--p 00027000 08:01 3777310                            /usr/lib/jvm/java-8-openjdk-i386/jre/lib/i386/libjava.so
f61dc000-f61dd000 rw-p 00028000 08:01 3777310                            /usr/lib/jvm/java-8-openjdk-i386/jre/lib/i386/libjava.so
f61dd000-f61e4000 r-xp 00000000 08:01 1172167                            /lib/i386-linux-gnu/librt-2.26.so
f61e4000-f61e5000 ---p 00007000 08:01 1172167                            /lib/i386-linux-gnu/librt-2.26.so
f61e5000-f61e6000 r--p 00007000 08:01 1172167                            /lib/i386-linux-gnu/librt-2.26.so
f61e6000-f61e7000 rw-p 00008000 08:01 1172167                            /lib/i386-linux-gnu/librt-2.26.so
f61e7000-f61ea000 ---p 00000000 00:00 0 
f61ea000-f6238000 rw-p 00000000 00:00 0 
f6238000-f6253000 r-xp 00000000 08:01 1172115                            /lib/i386-linux-gnu/libgcc_s.so.1
f6253000-f6254000 r--p 0001a000 08:01 1172115                            /lib/i386-linux-gnu/libgcc_s.so.1
f6254000-f6255000 rw-p 0001b000 08:01 1172115                            /lib/i386-linux-gnu/libgcc_s.so.1
f6255000-f634e000 r-xp 00000000 08:01 1172117                            /lib/i386-linux-gnu/libm-2.26.so
f634e000-f634f000 r--p 000f8000 08:01 1172117                            /lib/i386-linux-gnu/libm-2.26.so
f634f000-f6350000 rw-p 000f9000 08:01 1172117                            /lib/i386-linux-gnu/libm-2.26.so
f6350000-f64c3000 r-xp 00000000 08:01 3768871                            /usr/lib/i386-linux-gnu/libstdc++.so.6.0.24
f64c3000-f64c9000 r--p 00172000 08:01 3768871                            /usr/lib/i386-linux-gnu/libstdc++.so.6.0.24
f64c9000-f64ca000 rw-p 00178000 08:01 3768871                            /usr/lib/i386-linux-gnu/libstdc++.so.6.0.24
f64ca000-f64cd000 rw-p 00000000 00:00 0 
f64cd000-f6fe4000 r-xp 00000000 08:01 3777334                            /usr/lib/jvm/java-8-openjdk-i386/jre/lib/i386/server/libjvm.so
f6fe4000-f7033000 r--p 00b16000 08:01 3777334                            /usr/lib/jvm/java-8-openjdk-i386/jre/lib/i386/server/libjvm.so
f7033000-f704a000 rw-p 00b65000 08:01 3777334                            /usr/lib/jvm/java-8-openjdk-i386/jre/lib/i386/server/libjvm.so
f704a000-f746a000 rw-p 00000000 00:00 0 
f746a000-f746c000 rw-p 00000000 00:00 0 
f746c000-f7482000 r-xp 00000000 08:01 1172120                            /lib/i386-linux-gnu/libnsl-2.26.so
f7482000-f7483000 ---p 00016000 08:01 1172120                            /lib/i386-linux-gnu/libnsl-2.26.so
f7483000-f7484000 r--p 00016000 08:01 1172120                            /lib/i386-linux-gnu/libnsl-2.26.so
f7484000-f7485000 rw-p 00017000 08:01 1172120                            /lib/i386-linux-gnu/libnsl-2.26.so
f7485000-f7487000 rw-p 00000000 00:00 0 
f7487000-f7654000 r-xp 00000000 08:01 1172100                            /lib/i386-linux-gnu/libc-2.26.so
f7654000-f7655000 ---p 001cd000 08:01 1172100                            /lib/i386-linux-gnu/libc-2.26.so
f7655000-f7657000 r--p 001cd000 08:01 1172100                            /lib/i386-linux-gnu/libc-2.26.so
f7657000-f7658000 rw-p 001cf000 08:01 1172100                            /lib/i386-linux-gnu/libc-2.26.so
f7658000-f765b000 rw-p 00000000 00:00 0 
f765b000-f765e000 r-xp 00000000 08:01 1172112                            /lib/i386-linux-gnu/libdl-2.26.so
f765e000-f765f000 r--p 00002000 08:01 1172112                            /lib/i386-linux-gnu/libdl-2.26.so
f765f000-f7660000 rw-p 00003000 08:01 1172112                            /lib/i386-linux-gnu/libdl-2.26.so
f7660000-f766d000 r-xp 00000000 08:01 3777295                            /usr/lib/jvm/java-8-openjdk-i386/jre/lib/i386/jli/libjli.so
f766d000-f766e000 r--p 0000c000 08:01 3777295                            /usr/lib/jvm/java-8-openjdk-i386/jre/lib/i386/jli/libjli.so
f766e000-f766f000 rw-p 0000d000 08:01 3777295                            /usr/lib/jvm/java-8-openjdk-i386/jre/lib/i386/jli/libjli.so
f766f000-f7686000 r-xp 00000000 08:01 1172306                            /lib/i386-linux-gnu/libz.so.1.2.7
f7686000-f7687000 r--p 00016000 08:01 1172306                            /lib/i386-linux-gnu/libz.so.1.2.7
f7687000-f7688000 rw-p 00017000 08:01 1172306                            /lib/i386-linux-gnu/libz.so.1.2.7
f7688000-f76a3000 r-xp 00000000 08:01 1172159                            /lib/i386-linux-gnu/libpthread-2.26.so
f76a3000-f76a4000 r--p 0001a000 08:01 1172159                            /lib/i386-linux-gnu/libpthread-2.26.so
f76a4000-f76a5000 rw-p 0001b000 08:01 1172159                            /lib/i386-linux-gnu/libpthread-2.26.so
f76a5000-f76a7000 rw-p 00000000 00:00 0 
f76a7000-f76a8000 r-xp 00000000 08:01 33205                              /usr/local/lib/innetgr.so
f76a8000-f76a9000 rw-p 00000000 08:01 33205                              /usr/local/lib/innetgr.so
f76a9000-f76aa000 r--s 0000a000 08:01 3777287                            /usr/lib/jvm/java-8-openjdk-i386/jre/lib/ext/jaccess.jar
f76aa000-f76b0000 r-xp 00000000 08:01 3772444                            /usr/lib/i386-linux-gnu/libgtk3-nocsd.so.0
f76b0000-f76b1000 ---p 00006000 08:01 3772444                            /usr/lib/i386-linux-gnu/libgtk3-nocsd.so.0
f76b1000-f76b2000 r--p 00006000 08:01 3772444                            /usr/lib/i386-linux-gnu/libgtk3-nocsd.so.0
f76b2000-f76b3000 rw-p 00007000 08:01 3772444                            /usr/lib/i386-linux-gnu/libgtk3-nocsd.so.0
f76b3000-f76b5000 r--s 00001000 08:01 3777285                            /usr/lib/jvm/java-8-openjdk-i386/jre/lib/ext/dnsns.jar
f76b5000-f76bd000 r-xp 00000000 08:01 3777331                            /usr/lib/jvm/java-8-openjdk-i386/jre/lib/i386/libzip.so
f76bd000-f76be000 r--p 00007000 08:01 3777331                            /usr/lib/jvm/java-8-openjdk-i386/jre/lib/i386/libzip.so
f76be000-f76bf000 rw-p 00008000 08:01 3777331                            /usr/lib/jvm/java-8-openjdk-i386/jre/lib/i386/libzip.so
f76bf000-f76c7000 rw-s 00000000 08:01 716202                             /tmp/hsperfdata_z5160123/11159
f76c7000-f76c8000 rw-p 00000000 00:00 0 
f76c8000-f76c9000 ---p 00000000 00:00 0 
f76c9000-f76d7000 r-xp 00000000 08:01 3777330                            /usr/lib/jvm/java-8-openjdk-i386/jre/lib/i386/libverify.so
f76d7000-f76d9000 r--p 0000d000 08:01 3777330                            /usr/lib/jvm/java-8-openjdk-i386/jre/lib/i386/libverify.so
f76d9000-f76da000 rw-p 0000f000 08:01 3777330                            /usr/lib/jvm/java-8-openjdk-i386/jre/lib/i386/libverify.so
f76da000-f76dc000 rw-p 00000000 00:00 0 
f76dc000-f76de000 r--p 00000000 00:00 0                                  [vvar]
f76de000-f76e0000 r-xp 00000000 00:00 0                                  [vdso]
f76e0000-f7705000 r-xp 00000000 08:01 1172092                            /lib/i386-linux-gnu/ld-2.26.so
f7705000-f7706000 r--p 00024000 08:01 1172092                            /lib/i386-linux-gnu/ld-2.26.so
f7706000-f7707000 rw-p 00025000 08:01 1172092                            /lib/i386-linux-gnu/ld-2.26.so
ffcb3000-ffcd4000 rw-p 00000000 00:00 0                                  [stack]

VM Arguments:
jvm_args: -Dfile.encoding=ISO-8859-1 
java_command: Main
java_class_path (initial): /usr/lib/jvm/java-8-openjdk-i386/jre/lib/resources.jar:/usr/lib/jvm/java-8-openjdk-i386/jre/lib/rt.jar:/usr/lib/jvm/java-8-openjdk-i386/jre/lib/jsse.jar:/usr/lib/jvm/java-8-openjdk-i386/jre/lib/jce.jar:/usr/lib/jvm/java-8-openjdk-i386/jre/lib/charsets.jar:/usr/lib/jvm/java-8-openjdk-i386/jre/lib/ext/dnsns.jar:/usr/lib/jvm/java-8-openjdk-i386/jre/lib/ext/jfxrt.jar:/usr/lib/jvm/java-8-openjdk-i386/jre/lib/ext/sunpkcs11.jar:/usr/lib/jvm/java-8-openjdk-i386/jre/lib/ext/jaccess.jar:/usr/lib/jvm/java-8-openjdk-i386/jre/lib/ext/zipfs.jar:/usr/lib/jvm/java-8-openjdk-i386/jre/lib/ext/sunec.jar:/usr/lib/jvm/java-8-openjdk-i386/jre/lib/ext/icedtea-sound.jar:/usr/lib/jvm/java-8-openjdk-i386/jre/lib/ext/nashorn.jar:/usr/lib/jvm/java-8-openjdk-i386/jre/lib/ext/localedata.jar:/usr/lib/jvm/java-8-openjdk-i386/jre/lib/ext/cldrdata.jar:/usr/lib/jvm/java-8-openjdk-i386/jre/lib/ext/java-atk-wrapper.jar:/usr/lib/jvm/java-8-openjdk-i386/jre/lib/ext/sunjce_provider.jar:/tmp_amd/kamen/export/kamen/3/z5160123/cs2511/COMP2511Project/Car/bin
Launcher Type: SUN_STANDARD

Environment Variables:
PATH=/import/kamen/3/z5160123/bin-pc.i86.linux:/import/kamen/3/z5160123/bin:/usr/local/bin:/usr/bin:/bin
USERNAME=z5160123
LD_LIBRARY_PATH=/usr/lib/jvm/java-8-openjdk-i386/jre/lib/i386/server:/usr/lib/jvm/java-8-openjdk-i386/jre/lib/i386:
LD_PRELOAD=libgtk3-nocsd.so.0
SHELL=/usr/local/bin/bash
DISPLAY=:0.0
ARCH=pc.i86.linux

Signal Handlers:
SIGSEGV: [libjvm.so+0x901450], sa_mask[0]=11111111011111111101111111111110, sa_flags=SA_RESTART|SA_SIGINFO
SIGBUS: [libjvm.so+0x901450], sa_mask[0]=11111111011111111101111111111110, sa_flags=SA_RESTART|SA_SIGINFO
SIGFPE: [libjvm.so+0x7650d0], sa_mask[0]=11111111011111111101111111111110, sa_flags=SA_RESTART|SA_SIGINFO
SIGPIPE: [libjvm.so+0x7650d0], sa_mask[0]=11111111011111111101111111111110, sa_flags=SA_RESTART|SA_SIGINFO
SIGXFSZ: [libjvm.so+0x7650d0], sa_mask[0]=11111111011111111101111111111110, sa_flags=SA_RESTART|SA_SIGINFO
SIGILL: [libjvm.so+0x7650d0], sa_mask[0]=11111111011111111101111111111110, sa_flags=SA_RESTART|SA_SIGINFO
SIGUSR1: SIG_DFL, sa_mask[0]=00000000000000000000000000000000, sa_flags=none
SIGUSR2: [libjvm.so+0x764f10], sa_mask[0]=00100000000000000000000000000000, sa_flags=SA_RESTART|SA_SIGINFO
SIGHUP: [libjvm.so+0x7651a0], sa_mask[0]=11111111011111111101111111111110, sa_flags=SA_RESTART|SA_SIGINFO
SIGINT: [libjvm.so+0x7651a0], sa_mask[0]=11111111011111111101111111111110, sa_flags=SA_RESTART|SA_SIGINFO
SIGTERM: [libjvm.so+0x7651a0], sa_mask[0]=11111111011111111101111111111110, sa_flags=SA_RESTART|SA_SIGINFO
SIGQUIT: [libjvm.so+0x7651a0], sa_mask[0]=11111111011111111101111111111110, sa_flags=SA_RESTART|SA_SIGINFO


---------------  S Y S T E M  ---------------

OS:Debian 6.0.10

uname:Linux 4.9.0-0.bpo.6-amd64 #1 SMP Debian 4.9.82-1+deb9u3~bpo8+1 (2018-03-22) x86_64
libc:glibc 2.26 NPTL 2.26 
rlimit: STACK 8192k, CORE 0k, NPROC 62748, NOFILE 4096, AS infinity
load average:0.41 0.44 0.41

/proc/meminfo:
MemTotal:       16089708 kB
MemFree:          175908 kB
MemAvailable:      25284 kB
Buffers:             708 kB
Cached:           109620 kB
SwapCached:         3064 kB
Active:         14413864 kB
Inactive:        1293256 kB
Active(anon):   14407996 kB
Inactive(anon):  1286512 kB
Active(file):       5868 kB
Inactive(file):     6744 kB
Unevictable:        7132 kB
Mlocked:            7132 kB
SwapTotal:       2097148 kB
SwapFree:              0 kB
Dirty:               468 kB
Writeback:             0 kB
AnonPages:      15601000 kB
Mapped:            85468 kB
Shmem:             91640 kB
Slab:              58428 kB
SReclaimable:      22692 kB
SUnreclaim:        35736 kB
KernelStack:       20288 kB
PageTables:        45004 kB
NFS_Unstable:          0 kB
Bounce:                0 kB
WritebackTmp:          0 kB
CommitLimit:    10142000 kB
Committed_AS:   22774540 kB
VmallocTotal:   34359738367 kB
VmallocUsed:           0 kB
VmallocChunk:          0 kB
HardwareCorrupted:     0 kB
AnonHugePages:         0 kB
ShmemHugePages:        0 kB
ShmemPmdMapped:        0 kB
HugePages_Total:       0
HugePages_Free:        0
HugePages_Rsvd:        0
HugePages_Surp:        0
Hugepagesize:       2048 kB
DirectMap4k:      175088 kB
DirectMap2M:    12056576 kB
DirectMap1G:     4194304 kB


CPU:total 4 (initial active 4) (4 cores per cpu, 1 threads per core) family 6 model 94 stepping 3, cmov, cx8, fxsr, mmx, sse, sse2, sse3, ssse3, sse4.1, sse4.2, popcnt, avx, avx2, aes, clmul, erms, rtm, 3dnowpref, lzcnt, tsc, tscinvbit, bmi1, bmi2, adx

/proc/cpuinfo:
processor	: 0
vendor_id	: GenuineIntel
cpu family	: 6
model		: 94
model name	: Intel(R) Core(TM) i5-6600T CPU @ 2.70GHz
stepping	: 3
microcode	: 0xc2
cpu MHz		: 3299.853
cache size	: 6144 KB
physical id	: 0
siblings	: 4
core id		: 0
cpu cores	: 4
apicid		: 0
initial apicid	: 0
fpu		: yes
fpu_exception	: yes
cpuid level	: 22
wp		: yes
flags		: fpu vme de pse tsc msr pae mce cx8 apic sep mtrr pge mca cmov pat pse36 clflush dts acpi mmx fxsr sse sse2 ss ht tm pbe syscall nx pdpe1gb rdtscp lm constant_tsc art arch_perfmon pebs bts rep_good nopl xtopology nonstop_tsc aperfmperf eagerfpu pni pclmulqdq dtes64 monitor ds_cpl vmx smx est tm2 ssse3 sdbg fma cx16 xtpr pdcm pcid sse4_1 sse4_2 x2apic movbe popcnt tsc_deadline_timer aes xsave avx f16c rdrand lahf_lm abm 3dnowprefetch epb invpcid_single kaiser tpr_shadow vnmi flexpriority ept vpid fsgsbase tsc_adjust bmi1 hle avx2 smep bmi2 erms invpcid rtm mpx rdseed adx smap clflushopt intel_pt xsaveopt xsavec xgetbv1 xsaves dtherm ida arat pln pts hwp hwp_notify hwp_act_window hwp_epp
bugs		: cpu_meltdown spectre_v1 spectre_v2
bogomips	: 5424.00
clflush size	: 64
cache_alignment	: 64
address sizes	: 39 bits physical, 48 bits virtual
power management:

processor	: 1
vendor_id	: GenuineIntel
cpu family	: 6
model		: 94
model name	: Intel(R) Core(TM) i5-6600T CPU @ 2.70GHz
stepping	: 3
microcode	: 0xc2
cpu MHz		: 3299.853
cache size	: 6144 KB
physical id	: 0
siblings	: 4
core id		: 1
cpu cores	: 4
apicid		: 2
initial apicid	: 2
fpu		: yes
fpu_exception	: yes
cpuid level	: 22
wp		: yes
flags		: fpu vme de pse tsc msr pae mce cx8 apic sep mtrr pge mca cmov pat pse36 clflush dts acpi mmx fxsr sse sse2 ss ht tm pbe syscall nx pdpe1gb rdtscp lm constant_tsc art arch_perfmon pebs bts rep_good nopl xtopology nonstop_tsc aperfmperf eagerfpu pni pclmulqdq dtes64 monitor ds_cpl vmx smx est tm2 ssse3 sdbg fma cx16 xtpr pdcm pcid sse4_1 sse4_2 x2apic movbe popcnt tsc_deadline_timer aes xsave avx f16c rdrand lahf_lm abm 3dnowprefetch epb invpcid_single kaiser tpr_shadow vnmi flexpriority ept vpid fsgsbase tsc_adjust bmi1 hle avx2 smep bmi2 erms invpcid rtm mpx rdseed adx smap clflushopt intel_pt xsaveopt xsavec xgetbv1 xsaves dtherm ida arat pln pts hwp hwp_notify hwp_act_window hwp_epp
bugs		: cpu_meltdown spectre_v1 spectre_v2
bogomips	: 5424.00
clflush size	: 64
cache_alignment	: 64
address sizes	: 39 bits physical, 48 bits virtual
power management:

processor	: 2
vendor_id	: GenuineIntel
cpu family	: 6
model		: 94
model name	: Intel(R) Core(TM) i5-6600T CPU @ 2.70GHz
stepping	: 3
microcode	: 0xc2
cpu MHz		: 3301.007
cache size	: 6144 KB
physical id	: 0
siblings	: 4
core id		: 2
cpu cores	: 4
apicid		: 4
initial apicid	: 4
fpu		: yes
fpu_exception	: yes
cpuid level	: 22
wp		: yes
flags		: fpu vme de pse tsc msr pae mce cx8 apic sep mtrr pge mca cmov pat pse36 clflush dts acpi mmx fxsr sse sse2 ss ht tm pbe syscall nx pdpe1gb rdtscp lm constant_tsc art arch_perfmon pebs bts rep_good nopl xtopology nonstop_tsc aperfmperf eagerfpu pni pclmulqdq dtes64 monitor ds_cpl vmx smx est tm2 ssse3 sdbg fma cx16 xtpr pdcm pcid sse4_1 sse4_2 x2apic movbe popcnt tsc_deadline_timer aes xsave avx f16c rdrand lahf_lm abm 3dnowprefetch epb invpcid_single kaiser tpr_shadow vnmi flexpriority ept vpid fsgsbase tsc_adjust bmi1 hle avx2 smep bmi2 erms invpcid rtm mpx rdseed adx smap clflushopt intel_pt xsaveopt xsavec xgetbv1 xsaves dtherm ida arat pln pts hwp hwp_notify hwp_act_window hwp_epp
bugs		: cpu_meltdown spectre_v1 spectre_v2
bogomips	: 5424.00
clflush size	: 64
cache_alignment	: 64
address sizes	: 39 bits physical, 48 bits virtual
power management:

processor	: 3
vendor_id	: GenuineIntel
cpu family	: 6
model		: 94
model name	: Intel(R) Core(TM) i5-6600T CPU @ 2.70GHz
stepping	: 3
microcode	: 0xc2
cpu MHz		: 3299.853
cache size	: 6144 KB
physical id	: 0
siblings	: 4
core id		: 3
cpu cores	: 4
apicid		: 6
initial apicid	: 6
fpu		: yes
fpu_exception	: yes
cpuid level	: 22
wp		: yes
flags		: fpu vme de pse tsc msr pae mce cx8 apic sep mtrr pge mca cmov pat pse36 clflush dts acpi mmx fxsr sse sse2 ss ht tm pbe syscall nx pdpe1gb rdtscp lm constant_tsc art arch_perfmon pebs bts rep_good nopl xtopology nonstop_tsc aperfmperf eagerfpu pni pclmulqdq dtes64 monitor ds_cpl vmx smx est tm2 ssse3 sdbg fma cx16 xtpr pdcm pcid sse4_1 sse4_2 x2apic movbe popcnt tsc_deadline_timer aes xsave avx f16c rdrand lahf_lm abm 3dnowprefetch epb invpcid_single kaiser tpr_shadow vnmi flexpriority ept vpid fsgsbase tsc_adjust bmi1 hle avx2 smep bmi2 erms invpcid rtm mpx rdseed adx smap clflushopt intel_pt xsaveopt xsavec xgetbv1 xsaves dtherm ida arat pln pts hwp hwp_notify hwp_act_window hwp_epp
bugs		: cpu_meltdown spectre_v1 spectre_v2
bogomips	: 5424.00
clflush size	: 64
cache_alignment	: 64
address sizes	: 39 bits physical, 48 bits virtual
power management:



Memory: 4k page, physical 16089708k(175908k free), swap 2097148k(0k free)

vm_info: OpenJDK Server VM (25.171-b11) for linux-x86 JRE (1.8.0_171-8u171-b11-1~bpo8+1-b11), built on May 15 2018 21:14:08 by "buildd" with gcc 4.9.2

time: Fri May 18 13:40:05 2018
elapsed time: 5 seconds (0d 0h 0m 5s)

